
[2019-06-13 14:22:41] UTN FRA LOGGER.INFO: metodo=GET, URI=http%3A%2F%2Flocalhost%2FFull-API-REST-Skeleton%2Fpublic, RUTA=cd, autoridad=localhost [] {"uid":"cbdaafa"}
[2019-06-13 14:22:41] UTN FRA LOGGER.INFO: Slim-Skeleton '/' route [] {"uid":"cbdaafa"}
[2019-06-13 14:23:14] UTN FRA LOGGER.INFO: metodo=GET, URI=http%3A%2F%2Flocalhost%2FFull-API-REST-Skeleton%2Fpublic, RUTA=cd, autoridad=localhost [] {"uid":"51c39c8"}
[2019-06-13 14:23:14] UTN FRA LOGGER.INFO: Slim-Skeleton '/' route [] {"uid":"51c39c8"}
[2019-06-13 14:31:21] UTN FRA LOGGER.INFO: metodo=GET, URI=http%3A%2F%2Flocalhost%2FFull-API-REST-Skeleton%2Fpublic, RUTA=cd, autoridad=localhost [] {"uid":"8c0519b"}
[2019-06-13 14:31:21] UTN FRA LOGGER.INFO: Slim-Skeleton '/' route [] {"uid":"8c0519b"}
[2019-06-13 14:33:01] UTN FRA LOGGER.INFO: metodo=POST, URI=http%3A%2F%2Flocalhost%2FFull-API-REST-Skeleton%2Fpublic, RUTA=cd, autoridad=localhost [] {"uid":"0b2cd96"}
[2019-06-13 14:33:04] UTN FRA LOGGER.INFO: metodo=POST, URI=http%3A%2F%2Flocalhost%2FFull-API-REST-Skeleton%2Fpublic, RUTA=cd%2F, autoridad=localhost [] {"uid":"c6b9506"}
[2019-06-13 14:33:08] UTN FRA LOGGER.INFO: metodo=POST, URI=http%3A%2F%2Flocalhost%2FFull-API-REST-Skeleton%2Fpublic, RUTA=cd, autoridad=localhost [] {"uid":"be6a201"}
[2019-06-13 14:33:14] UTN FRA LOGGER.INFO: metodo=GET, URI=http%3A%2F%2Flocalhost%2FFull-API-REST-Skeleton%2Fpublic, RUTA=cd, autoridad=localhost [] {"uid":"c72b911"}
[2019-06-13 14:33:14] UTN FRA LOGGER.INFO: Slim-Skeleton '/' route [] {"uid":"c72b911"}
[2019-06-13 14:41:27] UTN FRA LOGGER.INFO: metodo=GET, URI=http%3A%2F%2Flocalhost%2FFull-API-REST-Skeleton%2Fpublic, RUTA=cd, autoridad=localhost [] {"uid":"a176d8c"}
[2019-06-13 14:41:27] UTN FRA LOGGER.INFO: Slim-Skeleton '/' route [] {"uid":"a176d8c"}
[2019-06-13 14:46:20] UTN FRA LOGGER.INFO: metodo=GET, URI=http%3A%2F%2Flocalhost%2FFull-API-REST-Skeleton%2Fpublic, RUTA=cd, autoridad=localhost [] {"uid":"ee35737"}
[2019-06-13 14:46:20] UTN FRA LOGGER.INFO: Slim-Skeleton '/' route [] {"uid":"ee35737"}
[2019-06-13 14:48:37] UTN FRA LOGGER.INFO: metodo=GET, URI=http%3A%2F%2Flocalhost%2FFull-API-REST-Skeleton%2Fpublic, RUTA=cd, autoridad=localhost [] {"uid":"abec998"}
[2019-06-13 14:48:37] UTN FRA LOGGER.INFO: Slim-Skeleton '/' route [] {"uid":"abec998"}
[2019-06-13 14:48:52] UTN FRA LOGGER.INFO: metodo=GET, URI=http%3A%2F%2Flocalhost%2FFull-API-REST-Skeleton%2Fpublic, RUTA=cd, autoridad=localhost [] {"uid":"8673393"}
[2019-06-13 14:48:52] UTN FRA LOGGER.INFO: Slim-Skeleton '/' route [] {"uid":"8673393"}
[2019-06-13 14:48:59] UTN FRA LOGGER.INFO: metodo=GET, URI=http%3A%2F%2Flocalhost%2FFull-API-REST-Skeleton%2Fpublic, RUTA=%2F, autoridad=localhost [] {"uid":"4ea4dca"}
[2019-06-13 14:48:59] UTN FRA LOGGER.INFO: Slim-Skeleton '/' route [] {"uid":"4ea4dca"}
[2019-06-13 14:50:13] UTN FRA LOGGER.INFO: metodo=GET, URI=http%3A%2F%2Flocalhost%2FFull-API-REST-Skeleton%2Fpublic, RUTA=cd, autoridad=localhost [] {"uid":"7226ecc"}
[2019-06-13 14:50:13] UTN FRA LOGGER.INFO: Slim-Skeleton '/' route [] {"uid":"7226ecc"}
[2019-06-13 14:51:49] UTN FRA LOGGER.INFO: metodo=GET, URI=http%3A%2F%2Flocalhost%2FFull-API-REST-Skeleton%2Fpublic, RUTA=cd, autoridad=localhost [] {"uid":"436b3d9"}
[2019-06-13 14:51:49] UTN FRA LOGGER.INFO: Slim-Skeleton '/' route [] {"uid":"436b3d9"}
[2019-06-13 14:52:04] UTN FRA LOGGER.INFO: metodo=GET, URI=http%3A%2F%2Flocalhost%2FFull-API-REST-Skeleton%2Fpublic, RUTA=cdsadsad, autoridad=localhost [] {"uid":"1d5953a"}
[2019-06-13 14:52:04] UTN FRA LOGGER.INFO: Slim-Skeleton '/' route [] {"uid":"1d5953a"}
[2019-06-13 14:52:24] UTN FRA LOGGER.INFO: metodo=GET, URI=http%3A%2F%2Flocalhost%2FFull-API-REST-Skeleton%2Fpublic, RUTA=cdsadsad, autoridad=localhost [] {"uid":"e59d193"}
[2019-06-13 14:52:24] UTN FRA LOGGER.INFO: Slim-Skeleton '/' route [] {"uid":"e59d193"}
[2019-06-13 14:52:34] UTN FRA LOGGER.INFO: metodo=GET, URI=http%3A%2F%2Flocalhost%2FFull-API-REST-Skeleton%2Fpublic, RUTA=cddasasd, autoridad=localhost [] {"uid":"04a9747"}
[2019-06-13 14:52:34] UTN FRA LOGGER.INFO: Slim-Skeleton '/' route [] {"uid":"04a9747"}
[2019-06-13 14:54:41] UTN FRA LOGGER.INFO: metodo=GET, URI=http%3A%2F%2Flocalhost%2FFull-API-REST-Skeleton%2Fpublic, RUTA=cd, autoridad=localhost [] {"uid":"f107aba"}
[2019-06-13 14:54:41] UTN FRA LOGGER.INFO: Slim-Skeleton '/' route [] {"uid":"f107aba"}
[2019-06-13 15:40:36] UTN FRA LOGGER.INFO: metodo=GET, URI=http%3A%2F%2Flocalhost%2FFull-API-REST-Skeleton%2Fpublic, RUTA=cd, autoridad=localhost [] {"uid":"ef8c25a"}
[2019-06-13 15:40:36] UTN FRA LOGGER.INFO: Slim-Skeleton '/' route [] {"uid":"ef8c25a"}
[2019-06-13 15:40:42] UTN FRA LOGGER.INFO: metodo=GET, URI=http%3A%2F%2Flocalhost%2FFull-API-REST-Skeleton%2Fpublic, RUTA=JWT%2F, autoridad=localhost [] {"uid":"357fab5"}
[2019-06-13 15:41:29] UTN FRA LOGGER.INFO: metodo=GET, URI=http%3A%2F%2Flocalhost%2FFull-API-REST-Skeleton%2Fpublic, RUTA=JWT%2F, autoridad=localhost [] {"uid":"3f334b7"}
[2019-06-13 15:42:30] UTN FRA LOGGER.INFO: metodo=GET, URI=http%3A%2F%2Flocalhost%2FFull-API-REST-Skeleton%2Fpublic, RUTA=JWT%2F, autoridad=localhost [] {"uid":"f77f1dc"}
[2019-06-13 15:45:52] UTN FRA LOGGER.INFO: metodo=GET, URI=http%3A%2F%2Flocalhost%2FFull-API-REST-Skeleton%2Fpublic, RUTA=JWT%2F, autoridad=localhost [] {"uid":"ebede7d"}
[2019-06-13 15:46:48] UTN FRA LOGGER.INFO: metodo=GET, URI=http%3A%2F%2Flocalhost%2FFull-API-REST-Skeleton%2Fpublic, RUTA=JWT%2F, autoridad=localhost [] {"uid":"0ecbf97"}
[2019-06-13 15:46:49] UTN FRA LOGGER.INFO: metodo=GET, URI=http%3A%2F%2Flocalhost%2FFull-API-REST-Skeleton%2Fpublic, RUTA=JWT%2F, autoridad=localhost [] {"uid":"282c134"}
[2019-06-13 15:46:50] UTN FRA LOGGER.INFO: metodo=GET, URI=http%3A%2F%2Flocalhost%2FFull-API-REST-Skeleton%2Fpublic, RUTA=JWT%2F, autoridad=localhost [] {"uid":"3c95600"}
[2019-06-13 15:47:05] UTN FRA LOGGER.INFO: metodo=GET, URI=http%3A%2F%2Flocalhost%2FFull-API-REST-Skeleton%2Fpublic, RUTA=JWT%2F, autoridad=localhost [] {"uid":"c621b16"}
[2019-06-13 15:47:10] UTN FRA LOGGER.INFO: metodo=GET, URI=http%3A%2F%2Flocalhost%2FFull-API-REST-Skeleton%2Fpublic, RUTA=cd, autoridad=localhost [] {"uid":"bf6f035"}
[2019-06-13 15:47:10] UTN FRA LOGGER.INFO: Slim-Skeleton '/' route [] {"uid":"bf6f035"}
[2019-06-13 15:47:16] UTN FRA LOGGER.INFO: metodo=GET, URI=http%3A%2F%2Flocalhost%2FFull-API-REST-Skeleton%2Fpublic, RUTA=JWT%2F, autoridad=localhost [] {"uid":"cfac656"}
[2019-06-13 15:47:52] UTN FRA LOGGER.INFO: metodo=GET, URI=http%3A%2F%2Flocalhost%2FFull-API-REST-Skeleton%2Fpublic, RUTA=JWT%2F, autoridad=localhost [] {"uid":"e14969e"}
[2019-06-13 15:47:55] UTN FRA LOGGER.INFO: metodo=GET, URI=http%3A%2F%2Flocalhost%2FFull-API-REST-Skeleton%2Fpublic, RUTA=JWT, autoridad=localhost [] {"uid":"6b74752"}
[2019-06-13 15:47:55] UTN FRA LOGGER.INFO: Slim-Skeleton '/' route [] {"uid":"6b74752"}
[2019-06-13 15:48:12] UTN FRA LOGGER.INFO: metodo=GET, URI=http%3A%2F%2Flocalhost%2FFull-API-REST-Skeleton%2Fpublic, RUTA=JWT%2FcrearToken, autoridad=localhost [] {"uid":"4d4a878"}
[2019-06-13 15:48:15] UTN FRA LOGGER.INFO: metodo=GET, URI=http%3A%2F%2Flocalhost%2FFull-API-REST-Skeleton%2Fpublic, RUTA=JWT%2FcrearToken%2F, autoridad=localhost [] {"uid":"85c7bd2"}
[2019-06-13 15:50:55] UTN FRA LOGGER.INFO: metodo=GET, URI=http%3A%2F%2Flocalhost%2FFull-API-REST-Skeleton%2Fpublic, RUTA=JWT%2F, autoridad=localhost [] {"uid":"809f0d9"}
[2019-06-13 15:51:28] UTN FRA LOGGER.INFO: metodo=GET, URI=http%3A%2F%2Flocalhost%2FFull-API-REST-Skeleton%2Fpublic, RUTA=JWT%2FdevolverPayLoad, autoridad=localhost [] {"uid":"c4c1acb"}
[2019-06-13 15:51:33] UTN FRA LOGGER.INFO: metodo=GET, URI=http%3A%2F%2Flocalhost%2FFull-API-REST-Skeleton%2Fpublic, RUTA=JWT%2FdevolverPayLoad%2F, autoridad=localhost [] {"uid":"b2bb375"}
[2019-06-13 15:53:23] UTN FRA LOGGER.INFO: metodo=GET, URI=http%3A%2F%2Flocalhost%2FFull-API-REST-Skeleton%2Fpublic, RUTA=JWT%2FdevolverPayLoad%2F, autoridad=localhost [] {"uid":"4be0464"}
[2019-06-13 15:53:26] UTN FRA LOGGER.INFO: metodo=GET, URI=http%3A%2F%2Flocalhost%2FFull-API-REST-Skeleton%2Fpublic, RUTA=JWT%2FdevolverPayLoad%2F, autoridad=localhost [] {"uid":"d345f1e"}
[2019-06-13 15:54:00] UTN FRA LOGGER.INFO: metodo=GET, URI=http%3A%2F%2Flocalhost%2FFull-API-REST-Skeleton%2Fpublic, RUTA=JWT%2FdevolverPayLoad%2F, autoridad=localhost [] {"uid":"914db4e"}
[2019-06-13 15:54:01] UTN FRA LOGGER.INFO: metodo=GET, URI=http%3A%2F%2Flocalhost%2FFull-API-REST-Skeleton%2Fpublic, RUTA=JWT%2FdevolverPayLoad%2F, autoridad=localhost [] {"uid":"d8926fc"}
[2019-06-13 15:54:01] UTN FRA LOGGER.INFO: metodo=GET, URI=http%3A%2F%2Flocalhost%2FFull-API-REST-Skeleton%2Fpublic, RUTA=JWT%2FdevolverPayLoad%2F, autoridad=localhost [] {"uid":"e6913b2"}
[2019-06-13 15:54:01] UTN FRA LOGGER.INFO: metodo=GET, URI=http%3A%2F%2Flocalhost%2FFull-API-REST-Skeleton%2Fpublic, RUTA=JWT%2FdevolverPayLoad%2F, autoridad=localhost [] {"uid":"eb07b32"}
[2019-06-13 15:54:01] UTN FRA LOGGER.INFO: metodo=GET, URI=http%3A%2F%2Flocalhost%2FFull-API-REST-Skeleton%2Fpublic, RUTA=JWT%2FdevolverPayLoad%2F, autoridad=localhost [] {"uid":"5283686"}
[2019-06-13 15:54:02] UTN FRA LOGGER.INFO: metodo=GET, URI=http%3A%2F%2Flocalhost%2FFull-API-REST-Skeleton%2Fpublic, RUTA=JWT%2FdevolverPayLoad%2F, autoridad=localhost [] {"uid":"14a954e"}
[2019-06-13 15:54:02] UTN FRA LOGGER.INFO: metodo=GET, URI=http%3A%2F%2Flocalhost%2FFull-API-REST-Skeleton%2Fpublic, RUTA=JWT%2FdevolverPayLoad%2F, autoridad=localhost [] {"uid":"904e4eb"}
[2019-06-13 15:54:29] UTN FRA LOGGER.INFO: metodo=GET, URI=http%3A%2F%2Flocalhost%2FFull-API-REST-Skeleton%2Fpublic, RUTA=JWT%2FdevolverPayLoad%2F, autoridad=localhost [] {"uid":"6aa5ecf"}
[2019-06-13 15:54:53] UTN FRA LOGGER.INFO: metodo=GET, URI=http%3A%2F%2Flocalhost%2FFull-API-REST-Skeleton%2Fpublic, RUTA=JWT%2FdevolverPayLoad%2F, autoridad=localhost [] {"uid":"8a18527"}
[2019-06-13 16:14:20] UTN FRA LOGGER.INFO: metodo=GET, URI=http%3A%2F%2Flocalhost%2FFull-API-REST-Skeleton%2Fpublic, RUTA=JWT%2F, autoridad=localhost [] {"uid":"55a4605"}
[2019-06-13 16:14:25] UTN FRA LOGGER.INFO: metodo=POST, URI=http%3A%2F%2Flocalhost%2FFull-API-REST-Skeleton%2Fpublic, RUTA=JWT%2F, autoridad=localhost [] {"uid":"f981075"}
[2019-06-13 16:16:52] UTN FRA LOGGER.INFO: metodo=POST, URI=http%3A%2F%2Flocalhost%2FFull-API-REST-Skeleton%2Fpublic, RUTA=JWT%2F, autoridad=localhost [] {"uid":"46748bf"}
[2019-06-13 16:16:56] UTN FRA LOGGER.INFO: metodo=POST, URI=http%3A%2F%2Flocalhost%2FFull-API-REST-Skeleton%2Fpublic, RUTA=JWT%2F, autoridad=localhost [] {"uid":"0caf1e0"}
[2019-06-13 16:17:07] UTN FRA LOGGER.INFO: metodo=GET, URI=http%3A%2F%2Flocalhost%2FFull-API-REST-Skeleton%2Fpublic, RUTA=JWT%2F, autoridad=localhost [] {"uid":"6dd0ab4"}
[2019-06-13 16:19:09] UTN FRA LOGGER.INFO: metodo=GET, URI=http%3A%2F%2Flocalhost%2FFull-API-REST-Skeleton%2Fpublic, RUTA=JWT%2F, autoridad=localhost [] {"uid":"37dd024"}
[2019-06-13 16:19:58] UTN FRA LOGGER.INFO: metodo=GET, URI=http%3A%2F%2Flocalhost%2FFull-API-REST-Skeleton%2Fpublic, RUTA=JWT%2F, autoridad=localhost [] {"uid":"b69d6ce"}
[2019-06-13 16:20:00] UTN FRA LOGGER.INFO: metodo=GET, URI=http%3A%2F%2Flocalhost%2FFull-API-REST-Skeleton%2Fpublic, RUTA=JWT%2F, autoridad=localhost [] {"uid":"681fbe6"}
[2019-06-13 16:20:32] UTN FRA LOGGER.INFO: metodo=GET, URI=http%3A%2F%2Flocalhost%2FFull-API-REST-Skeleton%2Fpublic, RUTA=JWT%2F, autoridad=localhost [] {"uid":"1ef71a1"}
[2019-06-13 16:20:40] UTN FRA LOGGER.INFO: metodo=GET, URI=http%3A%2F%2Flocalhost%2FFull-API-REST-Skeleton%2Fpublic, RUTA=JWT%2F, autoridad=localhost [] {"uid":"9dfad57"}
[2019-11-06 13:49:50] UTN FRA LOGGER.INFO: metodo=GET, URI=http%3A%2F%2Flocalhost%2FTrabajoPracticoFinalProgIII%2Fpublic, RUTA=%2F, autoridad=localhost [] {"uid":"06454b2"}
[2019-11-06 13:49:50] UTN FRA LOGGER.INFO: Slim-Skeleton '/' route [] {"uid":"06454b2"}
[2019-11-06 13:49:55] UTN FRA LOGGER.INFO: metodo=GET, URI=http%3A%2F%2Flocalhost%2FTrabajoPracticoFinalProgIII%2Fpublic, RUTA=as, autoridad=localhost [] {"uid":"1a8399b"}
[2019-11-06 13:49:55] UTN FRA LOGGER.INFO: Slim-Skeleton '/' route [] {"uid":"1a8399b"}
[2019-11-06 13:50:10] UTN FRA LOGGER.INFO: metodo=GET, URI=http%3A%2F%2Flocalhost%2FTrabajoPracticoFinalProgIII%2Fpublic, RUTA=cdORM%2Ftest, autoridad=localhost [] {"uid":"2f25b78"}
[2019-11-06 13:50:42] UTN FRA LOGGER.INFO: metodo=GET, URI=http%3A%2F%2Flocalhost%2FTrabajoPracticoFinalProgIII%2Fpublic, RUTA=cdORM%2Ftest, autoridad=localhost [] {"uid":"e6d6a3e"}
[2019-11-06 13:51:04] UTN FRA LOGGER.INFO: metodo=GET, URI=http%3A%2F%2Flocalhost%2FTrabajoPracticoFinalProgIII%2Fpublic, RUTA=cdORM%2Ftest, autoridad=localhost [] {"uid":"95be81f"}
[2019-11-06 13:51:33] UTN FRA LOGGER.INFO: metodo=GET, URI=http%3A%2F%2Flocalhost%2FTrabajoPracticoFinalProgIII%2Fpublic, RUTA=cdORM%2Ftest, autoridad=localhost [] {"uid":"00d105d"}
[2019-11-06 13:52:02] UTN FRA LOGGER.INFO: metodo=GET, URI=http%3A%2F%2Flocalhost%2FTrabajoPracticoFinalProgIII%2Fpublic, RUTA=cdORM%2Ftest, autoridad=localhost [] {"uid":"71d6b59"}
[2019-11-06 13:59:04] UTN FRA LOGGER.INFO: metodo=GET, URI=http%3A%2F%2Flocalhost%2FTrabajoPracticoFinalProgIII%2Fpublic, RUTA=cdORM%2Ftest, autoridad=localhost [] {"uid":"1555a04"}
[2019-11-06 13:59:34] UTN FRA LOGGER.INFO: metodo=GET, URI=http%3A%2F%2Flocalhost%2FTrabajoPracticoFinalProgIII%2Fpublic, RUTA=cdORM%2Ftest, autoridad=localhost [] {"uid":"a46d550"}
[2019-11-06 13:59:37] UTN FRA LOGGER.INFO: metodo=GET, URI=http%3A%2F%2Flocalhost%2FTrabajoPracticoFinalProgIII%2Fpublic, RUTA=cdORM%2Ftest, autoridad=localhost [] {"uid":"d5f0afe"}
[2019-11-06 13:59:49] UTN FRA LOGGER.INFO: metodo=GET, URI=http%3A%2F%2Flocalhost%2FTrabajoPracticoFinalProgIII%2Fpublic, RUTA=cdORM%2Ftest, autoridad=localhost [] {"uid":"43b5ec0"}
[2019-11-06 14:00:34] UTN FRA LOGGER.INFO: metodo=GET, URI=http%3A%2F%2Flocalhost%2FTrabajoPracticoFinalProgIII%2Fpublic, RUTA=cdORM%2Ftest, autoridad=localhost [] {"uid":"bb6a340"}
[2019-11-06 14:09:00] UTN FRA LOGGER.INFO: metodo=GET, URI=http%3A%2F%2Flocalhost%2FTrabajoPracticoFinalProgIII%2Fpublic, RUTA=asdsad, autoridad=localhost [] {"uid":"d8b9e79"}
[2019-11-06 14:09:00] UTN FRA LOGGER.INFO: Slim-Skeleton '/' route [] {"uid":"d8b9e79"}
[2019-11-06 14:09:54] UTN FRA LOGGER.INFO: metodo=GET, URI=http%3A%2F%2Flocalhost%2FTrabajoPracticoFinalProgIII%2Fpublic, RUTA=asdsad, autoridad=localhost [] {"uid":"7193687"}
[2019-11-06 14:09:54] UTN FRA LOGGER.INFO: Slim-Skeleton '/' route [] {"uid":"7193687"}
[2019-11-06 14:33:46] UTN FRA LOGGER.INFO: metodo=GET, URI=http%3A%2F%2Flocalhost%2FTrabajoPracticoFinalProgIII%2Fpublic, RUTA=cdORM%2FtraerRoles, autoridad=localhost [] {"uid":"acb5e4b"}
[2019-11-06 14:33:51] UTN FRA LOGGER.INFO: metodo=GET, URI=http%3A%2F%2Flocalhost%2FTrabajoPracticoFinalProgIII%2Fpublic, RUTA=cdORM%2FtodosRoles, autoridad=localhost [] {"uid":"a61674a"}
[2019-11-06 14:34:05] UTN FRA LOGGER.INFO: metodo=GET, URI=http%3A%2F%2Flocalhost%2FTrabajoPracticoFinalProgIII%2Fpublic, RUTA=cdORM%2FtodosRoles, autoridad=localhost [] {"uid":"791cc37"}
[2019-11-06 14:35:22] UTN FRA LOGGER.INFO: metodo=GET, URI=http%3A%2F%2Flocalhost%2FTrabajoPracticoFinalProgIII%2Fpublic, RUTA=cdORM%2FtodosRoles, autoridad=localhost [] {"uid":"41c2aa2"}
[2019-11-06 14:35:45] UTN FRA LOGGER.INFO: metodo=GET, URI=http%3A%2F%2Flocalhost%2FTrabajoPracticoFinalProgIII%2Fpublic, RUTA=cdORM%2FtodosRoles, autoridad=localhost [] {"uid":"4eff459"}
[2019-11-06 14:36:09] UTN FRA LOGGER.INFO: metodo=GET, URI=http%3A%2F%2Flocalhost%2FTrabajoPracticoFinalProgIII%2Fpublic, RUTA=cdORM%2FtodosRoles, autoridad=localhost [] {"uid":"379d7df"}
[2019-11-06 14:38:22] UTN FRA LOGGER.INFO: metodo=GET, URI=http%3A%2F%2Flocalhost%2FTrabajoPracticoFinalProgIII%2Fpublic, RUTA=cdORM%2FtodosRoles, autoridad=localhost [] {"uid":"d2fbe60"}
[2019-11-06 14:38:47] UTN FRA LOGGER.INFO: metodo=GET, URI=http%3A%2F%2Flocalhost%2FTrabajoPracticoFinalProgIII%2Fpublic, RUTA=cdORM%2FtodosRoles, autoridad=localhost [] {"uid":"ba136a0"}
[2019-11-06 14:41:27] UTN FRA LOGGER.INFO: metodo=GET, URI=http%3A%2F%2Flocalhost%2FTrabajoPracticoFinalProgIII%2Fpublic, RUTA=cdORM%2FtodosRoles%2Fid%3D1, autoridad=localhost [] {"uid":"99cc1b6"}
[2019-11-06 14:41:35] UTN FRA LOGGER.INFO: metodo=GET, URI=http%3A%2F%2Flocalhost%2FTrabajoPracticoFinalProgIII%2Fpublic, RUTA=cdORM%2FtodosRoles%2F%24id%3D1, autoridad=localhost [] {"uid":"1e697ca"}
[2019-11-06 14:42:18] UTN FRA LOGGER.INFO: metodo=GET, URI=http%3A%2F%2Flocalhost%2FTrabajoPracticoFinalProgIII%2Fpublic, RUTA=cdORM%2FtodosRoles, autoridad=localhost [] {"uid":"7052e8d"}
[2019-11-06 14:44:00] UTN FRA LOGGER.INFO: metodo=GET, URI=http%3A%2F%2Flocalhost%2FTrabajoPracticoFinalProgIII%2Fpublic, RUTA=cdORM%2FtodosRoles%2Fid%3D1, autoridad=localhost [] {"uid":"3ecb4e3"}
[2019-11-06 14:44:17] UTN FRA LOGGER.INFO: metodo=GET, URI=http%3A%2F%2Flocalhost%2FTrabajoPracticoFinalProgIII%2Fpublic, RUTA=cdORM%2FtodosRoles%2Fid%3D1, autoridad=localhost [] {"uid":"10495eb"}
[2019-11-06 14:44:29] UTN FRA LOGGER.INFO: metodo=GET, URI=http%3A%2F%2Flocalhost%2FTrabajoPracticoFinalProgIII%2Fpublic, RUTA=cdORM%2FtodosRolesid%3D1, autoridad=localhost [] {"uid":"1197222"}
[2019-11-06 14:44:50] UTN FRA LOGGER.INFO: metodo=GET, URI=http%3A%2F%2Flocalhost%2FTrabajoPracticoFinalProgIII%2Fpublic, RUTA=cdORM%2FtodosRoles%2Fid%3D1, autoridad=localhost [] {"uid":"f224a4e"}
[2019-11-06 14:44:53] UTN FRA LOGGER.INFO: metodo=GET, URI=http%3A%2F%2Flocalhost%2FTrabajoPracticoFinalProgIII%2Fpublic, RUTA=cdORM%2FtodosRoles%2F, autoridad=localhost [] {"uid":"6de7cf1"}
[2019-11-06 14:45:33] UTN FRA LOGGER.INFO: metodo=GET, URI=http%3A%2F%2Flocalhost%2FTrabajoPracticoFinalProgIII%2Fpublic, RUTA=cdORM%2FtodosRoles%2F, autoridad=localhost [] {"uid":"d441e1b"}
[2019-11-06 14:45:42] UTN FRA LOGGER.INFO: metodo=GET, URI=http%3A%2F%2Flocalhost%2FTrabajoPracticoFinalProgIII%2Fpublic, RUTA=cdORM%2FtodosRoles%2F, autoridad=localhost [] {"uid":"6114178"}
[2019-11-06 15:00:52] UTN FRA LOGGER.INFO: metodo=GET, URI=http%3A%2F%2Flocalhost%2FTrabajoPracticoFinalProgIII%2Fpublic, RUTA=encargados%2FlogIn, autoridad=localhost [] {"uid":"5512715"}
[2019-11-06 15:01:16] UTN FRA LOGGER.INFO: metodo=GET, URI=http%3A%2F%2Flocalhost%2FTrabajoPracticoFinalProgIII%2Fpublic, RUTA=encargados%2FlogIn, autoridad=localhost [] {"uid":"28af35a"}
[2019-11-06 15:01:47] UTN FRA LOGGER.INFO: metodo=GET, URI=http%3A%2F%2Flocalhost%2FTrabajoPracticoFinalProgIII%2Fpublic, RUTA=encargados%2FlogIn, autoridad=localhost [] {"uid":"e3b4f46"}
[2019-11-06 15:01:56] UTN FRA LOGGER.INFO: metodo=GET, URI=http%3A%2F%2Flocalhost%2FTrabajoPracticoFinalProgIII%2Fpublic, RUTA=encargados%2FAltaEncargado, autoridad=localhost [] {"uid":"8e9a1e4"}
[2019-11-06 15:02:02] UTN FRA LOGGER.INFO: metodo=GET, URI=http%3A%2F%2Flocalhost%2FTrabajoPracticoFinalProgIII%2Fpublic, RUTA=encargados%2FBajaEncargado, autoridad=localhost [] {"uid":"7ecaa04"}
[2019-11-06 15:22:52] UTN FRA LOGGER.INFO: metodo=GET, URI=http%3A%2F%2Flocalhost%2FTrabajoPracticoFinalProgIII%2Fpublic, RUTA=tickets, autoridad=localhost [] {"uid":"856fdc9"}
[2019-11-06 15:22:52] UTN FRA LOGGER.INFO: Slim-Skeleton '/' route [] {"uid":"856fdc9"}
[2019-11-06 15:25:01] UTN FRA LOGGER.INFO: metodo=GET, URI=http%3A%2F%2Flocalhost%2FTrabajoPracticoFinalProgIII%2Fpublic, RUTA=tickets%2FobtenerTicket, autoridad=localhost [] {"uid":"35fa2d4"}
[2019-11-06 15:25:20] UTN FRA LOGGER.INFO: metodo=GET, URI=http%3A%2F%2Flocalhost%2FTrabajoPracticoFinalProgIII%2Fpublic, RUTA=tickets%2FobtenerTicket, autoridad=localhost [] {"uid":"6a38395"}
[2019-11-06 15:26:10] UTN FRA LOGGER.INFO: metodo=GET, URI=http%3A%2F%2Flocalhost%2FTrabajoPracticoFinalProgIII%2Fpublic, RUTA=tickets%2FobtenerTicket, autoridad=localhost [] {"uid":"75e6240"}
[2019-11-06 15:26:54] UTN FRA LOGGER.INFO: metodo=GET, URI=http%3A%2F%2Flocalhost%2FTrabajoPracticoFinalProgIII%2Fpublic, RUTA=tickets%2FobtenerTicket, autoridad=localhost [] {"uid":"a5a4897"}
[2019-11-06 15:27:15] UTN FRA LOGGER.INFO: metodo=GET, URI=http%3A%2F%2Flocalhost%2FTrabajoPracticoFinalProgIII%2Fpublic, RUTA=tickets%2FobtenerTicket, autoridad=localhost [] {"uid":"b578852"}
[2019-11-06 15:28:53] UTN FRA LOGGER.INFO: metodo=GET, URI=http%3A%2F%2Flocalhost%2FTrabajoPracticoFinalProgIII%2Fpublic, RUTA=tickets%2FobtenerTicket, autoridad=localhost [] {"uid":"5e7fe62"}
[2019-11-06 15:29:40] UTN FRA LOGGER.INFO: metodo=GET, URI=http%3A%2F%2Flocalhost%2FTrabajoPracticoFinalProgIII%2Fpublic, RUTA=tickets%2FobtenerTicket, autoridad=localhost [] {"uid":"3427e68"}
[2019-11-06 15:29:45] UTN FRA LOGGER.INFO: metodo=GET, URI=http%3A%2F%2Flocalhost%2FTrabajoPracticoFinalProgIII%2Fpublic, RUTA=tickets%2FobtenerTicket, autoridad=localhost [] {"uid":"7eed9d6"}
[2019-11-06 15:38:40] UTN FRA LOGGER.INFO: metodo=GET, URI=http%3A%2F%2Flocalhost%2FTrabajoPracticoFinalProgIII%2Fpublic, RUTA=tickets%2FobtenerTicket, autoridad=localhost [] {"uid":"82aba93"}
[2019-11-06 15:39:51] UTN FRA LOGGER.INFO: metodo=GET, URI=http%3A%2F%2Flocalhost%2FTrabajoPracticoFinalProgIII%2Fpublic, RUTA=tickets%2FobtenerTicket, autoridad=localhost [] {"uid":"b800107"}
[2019-11-06 15:40:31] UTN FRA LOGGER.INFO: metodo=GET, URI=http%3A%2F%2Flocalhost%2FTrabajoPracticoFinalProgIII%2Fpublic, RUTA=tickets%2FobtenerTicket, autoridad=localhost [] {"uid":"23526b2"}
[2019-11-06 15:41:51] UTN FRA LOGGER.INFO: metodo=GET, URI=http%3A%2F%2Flocalhost%2FTrabajoPracticoFinalProgIII%2Fpublic, RUTA=tickets%2FobtenerTicket, autoridad=localhost [] {"uid":"d2c1f9a"}
[2019-11-06 15:42:09] UTN FRA LOGGER.INFO: metodo=GET, URI=http%3A%2F%2Flocalhost%2FTrabajoPracticoFinalProgIII%2Fpublic, RUTA=tickets%2FobtenerTicket, autoridad=localhost [] {"uid":"1039789"}
[2019-11-06 15:42:29] UTN FRA LOGGER.INFO: metodo=GET, URI=http%3A%2F%2Flocalhost%2FTrabajoPracticoFinalProgIII%2Fpublic, RUTA=tickets%2FobtenerTicket, autoridad=localhost [] {"uid":"e6bd859"}
[2019-11-06 15:44:48] UTN FRA LOGGER.INFO: metodo=GET, URI=http%3A%2F%2Flocalhost%2FTrabajoPracticoFinalProgIII%2Fpublic, RUTA=tickets%2FobtenerTicket, autoridad=localhost [] {"uid":"b5939fc"}
[2019-11-06 15:45:22] UTN FRA LOGGER.INFO: metodo=GET, URI=http%3A%2F%2Flocalhost%2FTrabajoPracticoFinalProgIII%2Fpublic, RUTA=tickets%2FobtenerTicket, autoridad=localhost [] {"uid":"b71be28"}
[2019-11-06 15:46:24] UTN FRA LOGGER.INFO: metodo=GET, URI=http%3A%2F%2Flocalhost%2FTrabajoPracticoFinalProgIII%2Fpublic, RUTA=tickets%2FobtenerTicket, autoridad=localhost [] {"uid":"347deb0"}
[2019-11-06 15:56:52] UTN FRA LOGGER.INFO: metodo=GET, URI=http%3A%2F%2Flocalhost%2FTrabajoPracticoFinalProgIII%2Fpublic, RUTA=tickets%2FobtenerTicket, autoridad=localhost [] {"uid":"979d073"}
[2019-11-06 16:01:34] UTN FRA LOGGER.INFO: metodo=GET, URI=http%3A%2F%2Flocalhost%2FTrabajoPracticoFinalProgIII%2Fpublic, RUTA=tickets%2FobtenerTicket, autoridad=localhost [] {"uid":"a17cc59"}
[2019-11-06 16:04:56] UTN FRA LOGGER.INFO: metodo=GET, URI=http%3A%2F%2Flocalhost%2FTrabajoPracticoFinalProgIII%2Fpublic, RUTA=tickets%2FobtenerTicket, autoridad=localhost [] {"uid":"3eb88ac"}
[2019-11-06 16:05:51] UTN FRA LOGGER.INFO: metodo=GET, URI=http%3A%2F%2Flocalhost%2FTrabajoPracticoFinalProgIII%2Fpublic, RUTA=tickets%2FobtenerTicket, autoridad=localhost [] {"uid":"09bd598"}
[2019-11-06 16:13:15] UTN FRA LOGGER.INFO: metodo=GET, URI=http%3A%2F%2Flocalhost%2FTrabajoPracticoFinalProgIII%2Fpublic, RUTA=tickets%2FobtenerTicket, autoridad=localhost [] {"uid":"f90b6bc"}
[2019-11-06 16:14:40] UTN FRA LOGGER.INFO: metodo=GET, URI=http%3A%2F%2Flocalhost%2FTrabajoPracticoFinalProgIII%2Fpublic, RUTA=tickets%2FobtenerTicket, autoridad=localhost [] {"uid":"a1bfcc4"}
[2019-11-06 16:26:52] UTN FRA LOGGER.INFO: metodo=POST, URI=http%3A%2F%2Flocalhost%2FTrabajoPracticoFinalProgIII%2Fpublic, RUTA=tickets%2FnuevoTicket, autoridad=localhost [] {"uid":"50b0980"}
[2019-11-06 16:29:11] UTN FRA LOGGER.INFO: metodo=POST, URI=http%3A%2F%2Flocalhost%2FTrabajoPracticoFinalProgIII%2Fpublic, RUTA=tickets%2FnuevoTicket, autoridad=localhost [] {"uid":"f9b50fa"}
[2019-11-06 16:30:03] UTN FRA LOGGER.INFO: metodo=POST, URI=http%3A%2F%2Flocalhost%2FTrabajoPracticoFinalProgIII%2Fpublic, RUTA=tickets%2FnuevoTicket, autoridad=localhost [] {"uid":"f8857a8"}
[2019-11-06 16:34:03] UTN FRA LOGGER.INFO: metodo=POST, URI=http%3A%2F%2Flocalhost%2FTrabajoPracticoFinalProgIII%2Fpublic, RUTA=tickets%2FnuevoTicket, autoridad=localhost [] {"uid":"a24fd68"}
[2019-11-06 16:35:05] UTN FRA LOGGER.INFO: metodo=POST, URI=http%3A%2F%2Flocalhost%2FTrabajoPracticoFinalProgIII%2Fpublic, RUTA=tickets%2FnuevoTicket, autoridad=localhost [] {"uid":"775c290"}
[2019-11-06 16:38:12] UTN FRA LOGGER.INFO: metodo=POST, URI=http%3A%2F%2Flocalhost%2FTrabajoPracticoFinalProgIII%2Fpublic, RUTA=tickets%2FnuevoTicket, autoridad=localhost [] {"uid":"e25c813"}
[2019-11-06 16:40:24] UTN FRA LOGGER.INFO: metodo=POST, URI=http%3A%2F%2Flocalhost%2FTrabajoPracticoFinalProgIII%2Fpublic, RUTA=tickets%2FnuevoTicket, autoridad=localhost [] {"uid":"e5246c0"}
[2019-11-06 16:44:48] UTN FRA LOGGER.INFO: metodo=POST, URI=http%3A%2F%2Flocalhost%2FTrabajoPracticoFinalProgIII%2Fpublic, RUTA=tickets%2FnuevoTicket, autoridad=localhost [] {"uid":"21fda59"}
[2019-11-06 16:45:04] UTN FRA LOGGER.INFO: metodo=POST, URI=http%3A%2F%2Flocalhost%2FTrabajoPracticoFinalProgIII%2Fpublic, RUTA=tickets%2FnuevoTicket, autoridad=localhost [] {"uid":"abc9ca7"}
[2019-11-06 16:46:07] UTN FRA LOGGER.INFO: metodo=POST, URI=http%3A%2F%2Flocalhost%2FTrabajoPracticoFinalProgIII%2Fpublic, RUTA=tickets%2FnuevoTicket, autoridad=localhost [] {"uid":"da4ceba"}
[2019-11-06 16:46:56] UTN FRA LOGGER.INFO: metodo=POST, URI=http%3A%2F%2Flocalhost%2FTrabajoPracticoFinalProgIII%2Fpublic, RUTA=tickets%2FnuevoTicket, autoridad=localhost [] {"uid":"aff8569"}
[2019-11-06 16:47:13] UTN FRA LOGGER.INFO: metodo=POST, URI=http%3A%2F%2Flocalhost%2FTrabajoPracticoFinalProgIII%2Fpublic, RUTA=tickets%2FnuevoTicket, autoridad=localhost [] {"uid":"fedd0e5"}
[2019-11-06 16:47:47] UTN FRA LOGGER.INFO: metodo=POST, URI=http%3A%2F%2Flocalhost%2FTrabajoPracticoFinalProgIII%2Fpublic, RUTA=tickets%2FnuevoTicket, autoridad=localhost [] {"uid":"4a87a7d"}
[2019-11-06 16:48:36] UTN FRA LOGGER.INFO: metodo=POST, URI=http%3A%2F%2Flocalhost%2FTrabajoPracticoFinalProgIII%2Fpublic, RUTA=tickets%2FnuevoTicket, autoridad=localhost [] {"uid":"63e76aa"}
[2019-11-06 17:11:01] UTN FRA LOGGER.INFO: metodo=GET, URI=http%3A%2F%2Flocalhost%2FTrabajoPracticoFinalProgIII%2Fpublic, RUTA=tickets%2FobtenerTicket, autoridad=localhost [] {"uid":"c590e39"}
[2019-11-06 17:12:18] UTN FRA LOGGER.INFO: metodo=GET, URI=http%3A%2F%2Flocalhost%2FTrabajoPracticoFinalProgIII%2Fpublic, RUTA=tickets%2FobtenerTicket, autoridad=localhost [] {"uid":"e87e7d9"}
[2019-11-06 17:12:33] UTN FRA LOGGER.INFO: metodo=GET, URI=http%3A%2F%2Flocalhost%2FTrabajoPracticoFinalProgIII%2Fpublic, RUTA=tickets%2FobtenerTicket, autoridad=localhost [] {"uid":"88b86a8"}
[2019-11-06 17:12:45] UTN FRA LOGGER.INFO: metodo=GET, URI=http%3A%2F%2Flocalhost%2FTrabajoPracticoFinalProgIII%2Fpublic, RUTA=tickets%2FobtenerTicket, autoridad=localhost [] {"uid":"25aacbf"}
[2019-11-06 17:17:28] UTN FRA LOGGER.INFO: metodo=POST, URI=http%3A%2F%2Flocalhost%2FTrabajoPracticoFinalProgIII%2Fpublic, RUTA=tickets%2FnuevoTicket, autoridad=localhost [] {"uid":"6c4040e"}
[2019-11-06 17:34:49] UTN FRA LOGGER.INFO: metodo=POST, URI=http%3A%2F%2Flocalhost%2FTrabajoPracticoFinalProgIII%2Fpublic, RUTA=tickets%2FnuevoTicket, autoridad=localhost [] {"uid":"badf9e6"}
[2019-11-06 17:35:22] UTN FRA LOGGER.INFO: metodo=POST, URI=http%3A%2F%2Flocalhost%2FTrabajoPracticoFinalProgIII%2Fpublic, RUTA=tickets%2FnuevoTicket, autoridad=localhost [] {"uid":"d35b865"}
[2019-11-06 17:35:38] UTN FRA LOGGER.INFO: metodo=POST, URI=http%3A%2F%2Flocalhost%2FTrabajoPracticoFinalProgIII%2Fpublic, RUTA=tickets%2FnuevoTicket, autoridad=localhost [] {"uid":"9b9e59d"}
[2019-11-06 17:35:50] UTN FRA LOGGER.INFO: metodo=POST, URI=http%3A%2F%2Flocalhost%2FTrabajoPracticoFinalProgIII%2Fpublic, RUTA=tickets%2FnuevoTicket, autoridad=localhost [] {"uid":"0143855"}
[2019-11-06 17:36:04] UTN FRA LOGGER.INFO: metodo=POST, URI=http%3A%2F%2Flocalhost%2FTrabajoPracticoFinalProgIII%2Fpublic, RUTA=tickets%2FnuevoTicket, autoridad=localhost [] {"uid":"1d36361"}
[2019-11-06 17:36:30] UTN FRA LOGGER.INFO: metodo=POST, URI=http%3A%2F%2Flocalhost%2FTrabajoPracticoFinalProgIII%2Fpublic, RUTA=tickets%2FnuevoTicket, autoridad=localhost [] {"uid":"9543155"}
[2019-11-06 17:38:22] UTN FRA LOGGER.INFO: metodo=POST, URI=http%3A%2F%2Flocalhost%2FTrabajoPracticoFinalProgIII%2Fpublic, RUTA=tickets%2FnuevoTicket, autoridad=localhost [] {"uid":"128635d"}
[2019-11-06 17:39:01] UTN FRA LOGGER.INFO: metodo=POST, URI=http%3A%2F%2Flocalhost%2FTrabajoPracticoFinalProgIII%2Fpublic, RUTA=tickets%2FnuevoTicket, autoridad=localhost [] {"uid":"3b2e7d5"}
[2019-11-06 17:39:26] UTN FRA LOGGER.INFO: metodo=POST, URI=http%3A%2F%2Flocalhost%2FTrabajoPracticoFinalProgIII%2Fpublic, RUTA=tickets%2FnuevoTicket, autoridad=localhost [] {"uid":"5f3cd53"}
[2019-11-06 17:39:42] UTN FRA LOGGER.INFO: metodo=POST, URI=http%3A%2F%2Flocalhost%2FTrabajoPracticoFinalProgIII%2Fpublic, RUTA=tickets%2FnuevoTicket, autoridad=localhost [] {"uid":"9895b1f"}
[2019-11-06 17:41:25] UTN FRA LOGGER.INFO: metodo=POST, URI=http%3A%2F%2Flocalhost%2FTrabajoPracticoFinalProgIII%2Fpublic, RUTA=tickets%2FnuevoTicket, autoridad=localhost [] {"uid":"9b172ee"}
[2019-11-06 17:41:37] UTN FRA LOGGER.INFO: metodo=POST, URI=http%3A%2F%2Flocalhost%2FTrabajoPracticoFinalProgIII%2Fpublic, RUTA=tickets%2FnuevoTicket, autoridad=localhost [] {"uid":"0646632"}
[2019-11-06 17:42:28] UTN FRA LOGGER.INFO: metodo=POST, URI=http%3A%2F%2Flocalhost%2FTrabajoPracticoFinalProgIII%2Fpublic, RUTA=tickets%2FnuevoTicket, autoridad=localhost [] {"uid":"25e0761"}
[2019-11-06 17:42:42] UTN FRA LOGGER.INFO: metodo=POST, URI=http%3A%2F%2Flocalhost%2FTrabajoPracticoFinalProgIII%2Fpublic, RUTA=tickets%2FnuevoTicket, autoridad=localhost [] {"uid":"7cb88bd"}
[2019-11-06 17:43:54] UTN FRA LOGGER.INFO: metodo=POST, URI=http%3A%2F%2Flocalhost%2FTrabajoPracticoFinalProgIII%2Fpublic, RUTA=tickets%2FnuevoTicket, autoridad=localhost [] {"uid":"e3fbc91"}
[2019-11-06 17:47:16] UTN FRA LOGGER.INFO: metodo=POST, URI=http%3A%2F%2Flocalhost%2FTrabajoPracticoFinalProgIII%2Fpublic, RUTA=tickets%2FnuevoTicket, autoridad=localhost [] {"uid":"a41b4a1"}
[2019-11-06 17:47:29] UTN FRA LOGGER.INFO: metodo=POST, URI=http%3A%2F%2Flocalhost%2FTrabajoPracticoFinalProgIII%2Fpublic, RUTA=tickets%2FnuevoTicket, autoridad=localhost [] {"uid":"ed7cc5f"}
[2019-11-06 17:48:06] UTN FRA LOGGER.INFO: metodo=POST, URI=http%3A%2F%2Flocalhost%2FTrabajoPracticoFinalProgIII%2Fpublic, RUTA=tickets%2FnuevoTicket, autoridad=localhost [] {"uid":"0394951"}
[2019-11-06 17:55:14] UTN FRA LOGGER.INFO: metodo=GET, URI=http%3A%2F%2Flocalhost%2FTrabajoPracticoFinalProgIII%2Fpublic, RUTA=tickets%2FobtenerTicket, autoridad=localhost [] {"uid":"2f0c9cd"}
[2019-11-06 17:55:20] UTN FRA LOGGER.INFO: metodo=POST, URI=http%3A%2F%2Flocalhost%2FTrabajoPracticoFinalProgIII%2Fpublic, RUTA=tickets%2FnuevoTicket, autoridad=localhost [] {"uid":"4d98dc8"}
[2019-11-06 17:57:11] UTN FRA LOGGER.INFO: metodo=POST, URI=http%3A%2F%2Flocalhost%2FTrabajoPracticoFinalProgIII%2Fpublic, RUTA=tickets%2FnuevoTicket, autoridad=localhost [] {"uid":"ef77984"}
[2019-11-06 17:57:32] UTN FRA LOGGER.INFO: metodo=POST, URI=http%3A%2F%2Flocalhost%2FTrabajoPracticoFinalProgIII%2Fpublic, RUTA=tickets%2FnuevoTicket, autoridad=localhost [] {"uid":"67bf798"}
[2019-11-06 17:59:03] UTN FRA LOGGER.INFO: metodo=POST, URI=http%3A%2F%2Flocalhost%2FTrabajoPracticoFinalProgIII%2Fpublic, RUTA=tickets%2FnuevoTicket, autoridad=localhost [] {"uid":"f396ef8"}
[2019-11-06 18:10:42] UTN FRA LOGGER.INFO: metodo=POST, URI=http%3A%2F%2Flocalhost%2FTrabajoPracticoFinalProgIII%2Fpublic, RUTA=tickets%2FnuevoTicket, autoridad=localhost [] {"uid":"49b06cc"}
[2019-11-06 18:11:03] UTN FRA LOGGER.INFO: metodo=POST, URI=http%3A%2F%2Flocalhost%2FTrabajoPracticoFinalProgIII%2Fpublic, RUTA=tickets%2FnuevoTicket, autoridad=localhost [] {"uid":"3d028d7"}
[2019-11-06 18:11:36] UTN FRA LOGGER.INFO: metodo=POST, URI=http%3A%2F%2Flocalhost%2FTrabajoPracticoFinalProgIII%2Fpublic, RUTA=tickets%2FnuevoTicket, autoridad=localhost [] {"uid":"92d5e1d"}
[2019-11-06 18:11:59] UTN FRA LOGGER.INFO: metodo=POST, URI=http%3A%2F%2Flocalhost%2FTrabajoPracticoFinalProgIII%2Fpublic, RUTA=tickets%2FnuevoTicket, autoridad=localhost [] {"uid":"4a7694e"}
[2019-11-06 18:12:32] UTN FRA LOGGER.INFO: metodo=POST, URI=http%3A%2F%2Flocalhost%2FTrabajoPracticoFinalProgIII%2Fpublic, RUTA=tickets%2FnuevoTicket, autoridad=localhost [] {"uid":"6112212"}
[2019-11-06 18:13:23] UTN FRA LOGGER.INFO: metodo=POST, URI=http%3A%2F%2Flocalhost%2FTrabajoPracticoFinalProgIII%2Fpublic, RUTA=tickets%2FnuevoTicket, autoridad=localhost [] {"uid":"56f93f9"}
[2019-11-06 18:13:45] UTN FRA LOGGER.INFO: metodo=POST, URI=http%3A%2F%2Flocalhost%2FTrabajoPracticoFinalProgIII%2Fpublic, RUTA=tickets%2FnuevoTicket, autoridad=localhost [] {"uid":"7aaf852"}
[2019-11-06 18:14:53] UTN FRA LOGGER.INFO: metodo=POST, URI=http%3A%2F%2Flocalhost%2FTrabajoPracticoFinalProgIII%2Fpublic, RUTA=tickets%2FnuevoTicket, autoridad=localhost [] {"uid":"1bb1d9a"}
[2019-11-06 18:15:05] UTN FRA LOGGER.INFO: metodo=POST, URI=http%3A%2F%2Flocalhost%2FTrabajoPracticoFinalProgIII%2Fpublic, RUTA=tickets%2FnuevoTicket, autoridad=localhost [] {"uid":"3cb4420"}
[2019-11-06 18:15:26] UTN FRA LOGGER.INFO: metodo=POST, URI=http%3A%2F%2Flocalhost%2FTrabajoPracticoFinalProgIII%2Fpublic, RUTA=tickets%2FnuevoTicket, autoridad=localhost [] {"uid":"525f997"}
[2019-11-06 18:17:18] UTN FRA LOGGER.INFO: metodo=POST, URI=http%3A%2F%2Flocalhost%2FTrabajoPracticoFinalProgIII%2Fpublic, RUTA=tickets%2FnuevoTicket, autoridad=localhost [] {"uid":"9603fc9"}
[2019-11-06 18:17:51] UTN FRA LOGGER.INFO: metodo=POST, URI=http%3A%2F%2Flocalhost%2FTrabajoPracticoFinalProgIII%2Fpublic, RUTA=tickets%2FnuevoTicket, autoridad=localhost [] {"uid":"36177a9"}
[2019-11-06 18:18:01] UTN FRA LOGGER.INFO: metodo=POST, URI=http%3A%2F%2Flocalhost%2FTrabajoPracticoFinalProgIII%2Fpublic, RUTA=tickets%2FnuevoTicket, autoridad=localhost [] {"uid":"09bf80f"}
[2019-11-06 18:28:48] UTN FRA LOGGER.INFO: metodo=POST, URI=http%3A%2F%2Flocalhost%2FTrabajoPracticoFinalProgIII%2Fpublic, RUTA=tickets%2FnuevoTicket, autoridad=localhost [] {"uid":"de293ea"}
[2019-11-06 18:29:10] UTN FRA LOGGER.INFO: metodo=POST, URI=http%3A%2F%2Flocalhost%2FTrabajoPracticoFinalProgIII%2Fpublic, RUTA=tickets%2FnuevoTicket, autoridad=localhost [] {"uid":"f9ccb61"}
[2019-11-06 18:31:19] UTN FRA LOGGER.INFO: metodo=POST, URI=http%3A%2F%2Flocalhost%2FTrabajoPracticoFinalProgIII%2Fpublic, RUTA=tickets%2FnuevoTicket, autoridad=localhost [] {"uid":"d82e2c6"}
[2019-11-06 18:32:28] UTN FRA LOGGER.INFO: metodo=POST, URI=http%3A%2F%2Flocalhost%2FTrabajoPracticoFinalProgIII%2Fpublic, RUTA=tickets%2FnuevoTicket, autoridad=localhost [] {"uid":"3bedc8c"}
[2019-11-06 18:44:28] UTN FRA LOGGER.INFO: metodo=GET, URI=http%3A%2F%2Flocalhost%2FTrabajoPracticoFinalProgIII%2Fpublic, RUTA=tickets%2FestadosTickets, autoridad=localhost [] {"uid":"6efe595"}
[2019-11-06 18:46:07] UTN FRA LOGGER.INFO: metodo=GET, URI=http%3A%2F%2Flocalhost%2FTrabajoPracticoFinalProgIII%2Fpublic, RUTA=tickets%2FestadosTickets, autoridad=localhost [] {"uid":"d56795d"}
[2019-11-06 18:47:47] UTN FRA LOGGER.INFO: metodo=GET, URI=http%3A%2F%2Flocalhost%2FTrabajoPracticoFinalProgIII%2Fpublic, RUTA=tickets%2FestadosTickets, autoridad=localhost [] {"uid":"81fc32e"}
[2019-11-06 18:48:07] UTN FRA LOGGER.INFO: metodo=GET, URI=http%3A%2F%2Flocalhost%2FTrabajoPracticoFinalProgIII%2Fpublic, RUTA=tickets%2FestadosTickets, autoridad=localhost [] {"uid":"ff5ce4d"}
[2019-11-06 18:48:30] UTN FRA LOGGER.INFO: metodo=GET, URI=http%3A%2F%2Flocalhost%2FTrabajoPracticoFinalProgIII%2Fpublic, RUTA=tickets%2FestadosTickets, autoridad=localhost [] {"uid":"e3d072a"}
[2019-11-06 18:48:59] UTN FRA LOGGER.INFO: metodo=GET, URI=http%3A%2F%2Flocalhost%2FTrabajoPracticoFinalProgIII%2Fpublic, RUTA=tickets%2FestadosTickets, autoridad=localhost [] {"uid":"6e13822"}
[2019-11-06 18:49:21] UTN FRA LOGGER.INFO: metodo=GET, URI=http%3A%2F%2Flocalhost%2FTrabajoPracticoFinalProgIII%2Fpublic, RUTA=tickets%2FestadosTickets, autoridad=localhost [] {"uid":"ffdd3d6"}
[2019-11-06 18:49:53] UTN FRA LOGGER.INFO: metodo=GET, URI=http%3A%2F%2Flocalhost%2FTrabajoPracticoFinalProgIII%2Fpublic, RUTA=tickets%2FestadosTickets, autoridad=localhost [] {"uid":"fc21055"}
[2019-11-06 18:50:37] UTN FRA LOGGER.INFO: metodo=GET, URI=http%3A%2F%2Flocalhost%2FTrabajoPracticoFinalProgIII%2Fpublic, RUTA=tickets%2FestadosTickets, autoridad=localhost [] {"uid":"c5b1780"}
[2019-11-06 18:50:58] UTN FRA LOGGER.INFO: metodo=GET, URI=http%3A%2F%2Flocalhost%2FTrabajoPracticoFinalProgIII%2Fpublic, RUTA=tickets%2FestadosTickets, autoridad=localhost [] {"uid":"0d96dcc"}
[2019-11-06 18:51:12] UTN FRA LOGGER.INFO: metodo=GET, URI=http%3A%2F%2Flocalhost%2FTrabajoPracticoFinalProgIII%2Fpublic, RUTA=tickets%2FestadosTickets, autoridad=localhost [] {"uid":"ca91d1b"}
[2019-11-06 18:51:50] UTN FRA LOGGER.INFO: metodo=GET, URI=http%3A%2F%2Flocalhost%2FTrabajoPracticoFinalProgIII%2Fpublic, RUTA=tickets%2FestadosTickets, autoridad=localhost [] {"uid":"02541be"}
[2019-11-06 18:52:17] UTN FRA LOGGER.INFO: metodo=GET, URI=http%3A%2F%2Flocalhost%2FTrabajoPracticoFinalProgIII%2Fpublic, RUTA=tickets%2FestadosTickets, autoridad=localhost [] {"uid":"89e59f4"}
[2019-11-06 18:52:45] UTN FRA LOGGER.INFO: metodo=GET, URI=http%3A%2F%2Flocalhost%2FTrabajoPracticoFinalProgIII%2Fpublic, RUTA=tickets%2FestadosTickets, autoridad=localhost [] {"uid":"78bb700"}
[2019-11-06 18:53:08] UTN FRA LOGGER.INFO: metodo=GET, URI=http%3A%2F%2Flocalhost%2FTrabajoPracticoFinalProgIII%2Fpublic, RUTA=tickets%2FestadosTickets, autoridad=localhost [] {"uid":"32eb1b6"}
[2019-11-06 18:54:56] UTN FRA LOGGER.INFO: metodo=GET, URI=http%3A%2F%2Flocalhost%2FTrabajoPracticoFinalProgIII%2Fpublic, RUTA=tickets%2FestadosTickets, autoridad=localhost [] {"uid":"50b611c"}
[2019-11-06 18:55:39] UTN FRA LOGGER.INFO: metodo=GET, URI=http%3A%2F%2Flocalhost%2FTrabajoPracticoFinalProgIII%2Fpublic, RUTA=tickets%2FestadosTickets, autoridad=localhost [] {"uid":"09a2b39"}
[2019-11-06 18:58:48] UTN FRA LOGGER.INFO: metodo=GET, URI=http%3A%2F%2Flocalhost%2FTrabajoPracticoFinalProgIII%2Fpublic, RUTA=tickets%2FestadosTickets, autoridad=localhost [] {"uid":"6420be7"}
[2019-11-06 18:59:02] UTN FRA LOGGER.INFO: metodo=GET, URI=http%3A%2F%2Flocalhost%2FTrabajoPracticoFinalProgIII%2Fpublic, RUTA=tickets%2FestadosTickets, autoridad=localhost [] {"uid":"446e917"}
[2019-11-06 19:03:04] UTN FRA LOGGER.INFO: metodo=GET, URI=http%3A%2F%2Flocalhost%2FTrabajoPracticoFinalProgIII%2Fpublic, RUTA=tickets%2FestadosTickets, autoridad=localhost [] {"uid":"a195e6d"}
[2019-11-06 19:03:13] UTN FRA LOGGER.INFO: metodo=GET, URI=http%3A%2F%2Flocalhost%2FTrabajoPracticoFinalProgIII%2Fpublic, RUTA=tickets%2FestadosTickets, autoridad=localhost [] {"uid":"08673f7"}
[2019-11-06 19:03:19] UTN FRA LOGGER.INFO: metodo=GET, URI=http%3A%2F%2Flocalhost%2FTrabajoPracticoFinalProgIII%2Fpublic, RUTA=tickets%2FestadosTickets, autoridad=localhost [] {"uid":"2d21c94"}
[2019-11-06 19:03:25] UTN FRA LOGGER.INFO: metodo=GET, URI=http%3A%2F%2Flocalhost%2FTrabajoPracticoFinalProgIII%2Fpublic, RUTA=tickets%2FestadosTickets, autoridad=localhost [] {"uid":"90be16e"}
[2019-11-06 19:03:33] UTN FRA LOGGER.INFO: metodo=GET, URI=http%3A%2F%2Flocalhost%2FTrabajoPracticoFinalProgIII%2Fpublic, RUTA=tickets%2FestadosTickets, autoridad=localhost [] {"uid":"8be7b7a"}
[2019-11-06 19:03:41] UTN FRA LOGGER.INFO: metodo=GET, URI=http%3A%2F%2Flocalhost%2FTrabajoPracticoFinalProgIII%2Fpublic, RUTA=tickets%2FestadosTickets, autoridad=localhost [] {"uid":"84aaf5b"}
[2019-11-06 19:03:50] UTN FRA LOGGER.INFO: metodo=GET, URI=http%3A%2F%2Flocalhost%2FTrabajoPracticoFinalProgIII%2Fpublic, RUTA=tickets%2FestadosTickets, autoridad=localhost [] {"uid":"cf073a7"}
[2019-11-06 19:04:49] UTN FRA LOGGER.INFO: metodo=GET, URI=http%3A%2F%2Flocalhost%2FTrabajoPracticoFinalProgIII%2Fpublic, RUTA=tickets%2FestadosTickets, autoridad=localhost [] {"uid":"300e08b"}
[2019-11-06 19:04:59] UTN FRA LOGGER.INFO: metodo=GET, URI=http%3A%2F%2Flocalhost%2FTrabajoPracticoFinalProgIII%2Fpublic, RUTA=tickets%2FestadosTickets, autoridad=localhost [] {"uid":"98fe6b4"}
[2019-11-06 19:05:17] UTN FRA LOGGER.INFO: metodo=GET, URI=http%3A%2F%2Flocalhost%2FTrabajoPracticoFinalProgIII%2Fpublic, RUTA=tickets%2FobtenerTicket, autoridad=localhost [] {"uid":"556393b"}
[2019-11-06 19:05:29] UTN FRA LOGGER.INFO: metodo=GET, URI=http%3A%2F%2Flocalhost%2FTrabajoPracticoFinalProgIII%2Fpublic, RUTA=tickets%2FobtenerTicket, autoridad=localhost [] {"uid":"86dc94f"}
[2019-11-06 19:06:16] UTN FRA LOGGER.INFO: metodo=GET, URI=http%3A%2F%2Flocalhost%2FTrabajoPracticoFinalProgIII%2Fpublic, RUTA=tickets%2FestadosTickets, autoridad=localhost [] {"uid":"e1a7a5c"}
[2019-11-06 19:06:33] UTN FRA LOGGER.INFO: metodo=GET, URI=http%3A%2F%2Flocalhost%2FTrabajoPracticoFinalProgIII%2Fpublic, RUTA=tickets%2FestadosTickets, autoridad=localhost [] {"uid":"3732ae6"}
[2019-11-06 19:07:10] UTN FRA LOGGER.INFO: metodo=GET, URI=http%3A%2F%2Flocalhost%2FTrabajoPracticoFinalProgIII%2Fpublic, RUTA=tickets%2FestadosTickets, autoridad=localhost [] {"uid":"dc925b0"}
[2019-11-06 19:07:25] UTN FRA LOGGER.INFO: metodo=GET, URI=http%3A%2F%2Flocalhost%2FTrabajoPracticoFinalProgIII%2Fpublic, RUTA=tickets%2FestadosTickets, autoridad=localhost [] {"uid":"1e108ed"}
[2019-11-06 19:08:02] UTN FRA LOGGER.INFO: metodo=GET, URI=http%3A%2F%2Flocalhost%2FTrabajoPracticoFinalProgIII%2Fpublic, RUTA=tickets%2FestadosTickets, autoridad=localhost [] {"uid":"cc1a2a9"}
[2019-11-06 19:10:06] UTN FRA LOGGER.INFO: metodo=GET, URI=http%3A%2F%2Flocalhost%2FTrabajoPracticoFinalProgIII%2Fpublic, RUTA=tickets%2FestadosTickets, autoridad=localhost [] {"uid":"66acf35"}
[2019-11-06 19:10:21] UTN FRA LOGGER.INFO: metodo=GET, URI=http%3A%2F%2Flocalhost%2FTrabajoPracticoFinalProgIII%2Fpublic, RUTA=tickets%2FestadosTickets, autoridad=localhost [] {"uid":"aade2fd"}
[2019-11-06 19:10:35] UTN FRA LOGGER.INFO: metodo=GET, URI=http%3A%2F%2Flocalhost%2FTrabajoPracticoFinalProgIII%2Fpublic, RUTA=tickets%2FestadosTickets, autoridad=localhost [] {"uid":"072be1a"}
[2019-11-06 19:10:53] UTN FRA LOGGER.INFO: metodo=GET, URI=http%3A%2F%2Flocalhost%2FTrabajoPracticoFinalProgIII%2Fpublic, RUTA=tickets%2FestadosTickets, autoridad=localhost [] {"uid":"d4c335f"}
[2019-11-06 19:11:20] UTN FRA LOGGER.INFO: metodo=GET, URI=http%3A%2F%2Flocalhost%2FTrabajoPracticoFinalProgIII%2Fpublic, RUTA=tickets%2FestadosTickets, autoridad=localhost [] {"uid":"1276988"}
[2019-11-06 19:11:31] UTN FRA LOGGER.INFO: metodo=GET, URI=http%3A%2F%2Flocalhost%2FTrabajoPracticoFinalProgIII%2Fpublic, RUTA=tickets%2FestadosTickets, autoridad=localhost [] {"uid":"0e71538"}
[2019-11-06 19:13:46] UTN FRA LOGGER.INFO: metodo=GET, URI=http%3A%2F%2Flocalhost%2FTrabajoPracticoFinalProgIII%2Fpublic, RUTA=tickets%2FestadosTickets, autoridad=localhost [] {"uid":"a1e4d6e"}
[2019-11-06 19:14:08] UTN FRA LOGGER.INFO: metodo=GET, URI=http%3A%2F%2Flocalhost%2FTrabajoPracticoFinalProgIII%2Fpublic, RUTA=tickets%2FestadosTickets, autoridad=localhost [] {"uid":"9270882"}
[2019-11-06 19:14:45] UTN FRA LOGGER.INFO: metodo=GET, URI=http%3A%2F%2Flocalhost%2FTrabajoPracticoFinalProgIII%2Fpublic, RUTA=tickets%2FestadosTickets, autoridad=localhost [] {"uid":"d89345e"}
[2019-11-06 19:15:19] UTN FRA LOGGER.INFO: metodo=GET, URI=http%3A%2F%2Flocalhost%2FTrabajoPracticoFinalProgIII%2Fpublic, RUTA=tickets%2FestadosTickets, autoridad=localhost [] {"uid":"8701a8e"}
[2019-11-06 19:23:01] UTN FRA LOGGER.INFO: metodo=POST, URI=http%3A%2F%2Flocalhost%2FTrabajoPracticoFinalProgIII%2Fpublic, RUTA=tickets%2FnuevoTicket, autoridad=localhost [] {"uid":"b6e246a"}
[2019-11-06 23:20:57] UTN FRA LOGGER.INFO: metodo=GET, URI=http%3A%2F%2Flocalhost%3A82%2FTrabajoPracticoFinalProgIII%2Fpublic, RUTA=%2F, autoridad=localhost%3A82 [] {"uid":"1abcd97"}
[2019-11-06 23:20:58] UTN FRA LOGGER.INFO: Slim-Skeleton '/' route [] {"uid":"1abcd97"}
[2019-11-06 23:21:05] UTN FRA LOGGER.INFO: metodo=GET, URI=http%3A%2F%2Flocalhost%3A82%2FTrabajoPracticoFinalProgIII%2Fpublic, RUTA=hola, autoridad=localhost%3A82 [] {"uid":"0dccbbe"}
[2019-11-06 23:21:05] UTN FRA LOGGER.INFO: Slim-Skeleton '/' route [] {"uid":"0dccbbe"}
[2019-11-06 23:21:25] UTN FRA LOGGER.INFO: metodo=GET, URI=http%3A%2F%2Flocalhost%3A82%2FTrabajoPracticoFinalProgIII%2Fpublic, RUTA=tickets, autoridad=localhost%3A82 [] {"uid":"1480db6"}
[2019-11-06 23:21:25] UTN FRA LOGGER.INFO: Slim-Skeleton '/' route [] {"uid":"1480db6"}
[2019-11-06 23:21:37] UTN FRA LOGGER.INFO: metodo=GET, URI=http%3A%2F%2Flocalhost%3A82%2FTrabajoPracticoFinalProgIII%2Fpublic, RUTA=tickets%2FestadoTickets, autoridad=localhost%3A82 [] {"uid":"cdd566d"}
[2019-11-06 23:21:57] UTN FRA LOGGER.INFO: metodo=GET, URI=http%3A%2F%2Flocalhost%3A82%2FTrabajoPracticoFinalProgIII%2Fpublic, RUTA=tickets%2FestadosTickets, autoridad=localhost%3A82 [] {"uid":"b57e0ec"}
[2019-11-06 23:22:53] UTN FRA LOGGER.INFO: metodo=GET, URI=http%3A%2F%2Flocalhost%3A82%2FTrabajoPracticoFinalProgIII%2Fpublic, RUTA=tickets%2FestadosTickets, autoridad=localhost%3A82 [] {"uid":"1703a0b"}
[2019-11-06 23:23:54] UTN FRA LOGGER.INFO: metodo=GET, URI=http%3A%2F%2Flocalhost%3A82%2FTrabajoPracticoFinalProgIII%2Fpublic, RUTA=tickets%2FestadosTickets, autoridad=localhost%3A82 [] {"uid":"a31fd3c"}
[2019-11-06 23:24:51] UTN FRA LOGGER.INFO: metodo=GET, URI=http%3A%2F%2Flocalhost%3A82%2FTrabajoPracticoFinalProgIII%2Fpublic, RUTA=tickets%2FestadosTickets, autoridad=localhost%3A82 [] {"uid":"8796a93"}
[2019-11-06 23:50:11] UTN FRA LOGGER.INFO: metodo=GET, URI=http%3A%2F%2Flocalhost%3A82%2FTrabajoPracticoFinalProgIII%2Fpublic, RUTA=tickets%2FobtenerTicket, autoridad=localhost%3A82 [] {"uid":"7225e1b"}
[2019-11-06 23:55:13] UTN FRA LOGGER.INFO: metodo=GET, URI=http%3A%2F%2Flocalhost%3A82%2FTrabajoPracticoFinalProgIII%2Fpublic, RUTA=tickets%2FobtenerTicket, autoridad=localhost%3A82 [] {"uid":"f06d856"}
[2019-11-06 23:56:16] UTN FRA LOGGER.INFO: metodo=GET, URI=http%3A%2F%2Flocalhost%3A82%2FTrabajoPracticoFinalProgIII%2Fpublic, RUTA=tickets%2FobtenerTicket, autoridad=localhost%3A82 [] {"uid":"76176ef"}
[2019-11-06 23:56:37] UTN FRA LOGGER.INFO: metodo=GET, URI=http%3A%2F%2Flocalhost%3A82%2FTrabajoPracticoFinalProgIII%2Fpublic, RUTA=tickets%2FobtenerTicket, autoridad=localhost%3A82 [] {"uid":"0cb78df"}
[2019-11-06 23:57:25] UTN FRA LOGGER.INFO: metodo=GET, URI=http%3A%2F%2Flocalhost%3A82%2FTrabajoPracticoFinalProgIII%2Fpublic, RUTA=tickets%2FobtenerTicket, autoridad=localhost%3A82 [] {"uid":"2df9120"}
[2019-11-06 23:57:33] UTN FRA LOGGER.INFO: metodo=GET, URI=http%3A%2F%2Flocalhost%3A82%2FTrabajoPracticoFinalProgIII%2Fpublic, RUTA=tickets%2FobtenerTicket, autoridad=localhost%3A82 [] {"uid":"b9daaa5"}
[2019-11-06 23:59:10] UTN FRA LOGGER.INFO: metodo=GET, URI=http%3A%2F%2Flocalhost%3A82%2FTrabajoPracticoFinalProgIII%2Fpublic, RUTA=tickets%2FobtenerTicket, autoridad=localhost%3A82 [] {"uid":"242e3cc"}
[2019-11-06 23:59:35] UTN FRA LOGGER.INFO: metodo=GET, URI=http%3A%2F%2Flocalhost%3A82%2FTrabajoPracticoFinalProgIII%2Fpublic, RUTA=tickets%2FobtenerTicket, autoridad=localhost%3A82 [] {"uid":"d695230"}
[2019-11-07 00:00:10] UTN FRA LOGGER.INFO: metodo=GET, URI=http%3A%2F%2Flocalhost%3A82%2FTrabajoPracticoFinalProgIII%2Fpublic, RUTA=tickets%2FobtenerTicket, autoridad=localhost%3A82 [] {"uid":"21ca305"}
[2019-11-07 00:00:17] UTN FRA LOGGER.INFO: metodo=GET, URI=http%3A%2F%2Flocalhost%3A82%2FTrabajoPracticoFinalProgIII%2Fpublic, RUTA=tickets%2FobtenerTicket, autoridad=localhost%3A82 [] {"uid":"573fd72"}
[2019-11-07 00:00:31] UTN FRA LOGGER.INFO: metodo=GET, URI=http%3A%2F%2Flocalhost%3A82%2FTrabajoPracticoFinalProgIII%2Fpublic, RUTA=tickets%2FobtenerTicket, autoridad=localhost%3A82 [] {"uid":"5a51577"}
[2019-11-07 00:01:10] UTN FRA LOGGER.INFO: metodo=GET, URI=http%3A%2F%2Flocalhost%3A82%2FTrabajoPracticoFinalProgIII%2Fpublic, RUTA=tickets%2FobtenerTicket, autoridad=localhost%3A82 [] {"uid":"2688cb7"}
[2019-11-07 00:02:04] UTN FRA LOGGER.INFO: metodo=GET, URI=http%3A%2F%2Flocalhost%3A82%2FTrabajoPracticoFinalProgIII%2Fpublic, RUTA=tickets%2FobtenerTicket, autoridad=localhost%3A82 [] {"uid":"2737cfe"}
[2019-11-07 00:02:15] UTN FRA LOGGER.INFO: metodo=GET, URI=http%3A%2F%2Flocalhost%3A82%2FTrabajoPracticoFinalProgIII%2Fpublic, RUTA=tickets%2FobtenerTicket, autoridad=localhost%3A82 [] {"uid":"9386725"}
[2019-11-07 00:04:12] UTN FRA LOGGER.INFO: metodo=GET, URI=http%3A%2F%2Flocalhost%3A82%2FTrabajoPracticoFinalProgIII%2Fpublic, RUTA=tickets%2FobtenerTicket, autoridad=localhost%3A82 [] {"uid":"79d41d1"}
[2019-11-07 00:04:49] UTN FRA LOGGER.INFO: metodo=GET, URI=http%3A%2F%2Flocalhost%3A82%2FTrabajoPracticoFinalProgIII%2Fpublic, RUTA=tickets%2FobtenerTicket, autoridad=localhost%3A82 [] {"uid":"875f321"}
[2019-11-07 00:07:02] UTN FRA LOGGER.INFO: metodo=GET, URI=http%3A%2F%2Flocalhost%3A82%2FTrabajoPracticoFinalProgIII%2Fpublic, RUTA=tickets%2FobtenerTicket, autoridad=localhost%3A82 [] {"uid":"23fdd5e"}
[2019-11-07 00:07:37] UTN FRA LOGGER.INFO: metodo=GET, URI=http%3A%2F%2Flocalhost%3A82%2FTrabajoPracticoFinalProgIII%2Fpublic, RUTA=tickets%2FobtenerTicket, autoridad=localhost%3A82 [] {"uid":"362b2f5"}
[2019-11-07 00:07:45] UTN FRA LOGGER.INFO: metodo=GET, URI=http%3A%2F%2Flocalhost%3A82%2FTrabajoPracticoFinalProgIII%2Fpublic, RUTA=tickets%2FobtenerTicket, autoridad=localhost%3A82 [] {"uid":"8f70a82"}
[2019-11-07 00:08:04] UTN FRA LOGGER.INFO: metodo=GET, URI=http%3A%2F%2Flocalhost%3A82%2FTrabajoPracticoFinalProgIII%2Fpublic, RUTA=tickets%2FobtenerTicket, autoridad=localhost%3A82 [] {"uid":"385aebc"}
[2019-11-07 00:08:09] UTN FRA LOGGER.INFO: metodo=GET, URI=http%3A%2F%2Flocalhost%3A82%2FTrabajoPracticoFinalProgIII%2Fpublic, RUTA=tickets%2FobtenerTicket, autoridad=localhost%3A82 [] {"uid":"ea48752"}
[2019-11-07 00:08:59] UTN FRA LOGGER.INFO: metodo=GET, URI=http%3A%2F%2Flocalhost%3A82%2FTrabajoPracticoFinalProgIII%2Fpublic, RUTA=tickets%2FobtenerTicket, autoridad=localhost%3A82 [] {"uid":"3372536"}
[2019-11-07 00:11:23] UTN FRA LOGGER.INFO: metodo=GET, URI=http%3A%2F%2Flocalhost%3A82%2FTrabajoPracticoFinalProgIII%2Fpublic, RUTA=tickets%2FobtenerTicket, autoridad=localhost%3A82 [] {"uid":"52d78f5"}
[2019-11-07 00:12:11] UTN FRA LOGGER.INFO: metodo=GET, URI=http%3A%2F%2Flocalhost%3A82%2FTrabajoPracticoFinalProgIII%2Fpublic, RUTA=tickets%2FobtenerTicket, autoridad=localhost%3A82 [] {"uid":"acf2d50"}
[2019-11-07 00:12:47] UTN FRA LOGGER.INFO: metodo=GET, URI=http%3A%2F%2Flocalhost%3A82%2FTrabajoPracticoFinalProgIII%2Fpublic, RUTA=tickets%2FobtenerTicket, autoridad=localhost%3A82 [] {"uid":"2dcaaa7"}
[2019-11-07 00:12:54] UTN FRA LOGGER.INFO: metodo=GET, URI=http%3A%2F%2Flocalhost%3A82%2FTrabajoPracticoFinalProgIII%2Fpublic, RUTA=tickets%2FobtenerTicket, autoridad=localhost%3A82 [] {"uid":"1c79dac"}
[2019-11-07 01:50:52] UTN FRA LOGGER.INFO: metodo=GET, URI=http%3A%2F%2Flocalhost%2FTrabajoPracticoFinalProgIII%2Fpublic, RUTA=tickets%2FobtenerTicket, autoridad=localhost [] {"uid":"449883d"}
[2019-11-07 01:51:38] UTN FRA LOGGER.INFO: metodo=GET, URI=http%3A%2F%2Flocalhost%2FTrabajoPracticoFinalProgIII%2Fpublic, RUTA=tickets%2FobtenerTicket, autoridad=localhost [] {"uid":"08c368b"}
[2019-11-07 02:21:45] UTN FRA LOGGER.INFO: metodo=POST, URI=http%3A%2F%2Flocalhost%2FTrabajoPracticoFinalProgIII%2Fpublic, RUTA=token%2FlogIn, autoridad=localhost [] {"uid":"73a47c2"}
[2019-11-07 02:21:56] UTN FRA LOGGER.INFO: metodo=GET, URI=http%3A%2F%2Flocalhost%2FTrabajoPracticoFinalProgIII%2Fpublic, RUTA=token%2FlogIn, autoridad=localhost [] {"uid":"4fae7d9"}
[2019-11-07 02:22:17] UTN FRA LOGGER.INFO: metodo=GET, URI=http%3A%2F%2Flocalhost%2FTrabajoPracticoFinalProgIII%2Fpublic, RUTA=token%2FlogIn, autoridad=localhost [] {"uid":"74afaf4"}
[2019-11-07 02:23:38] UTN FRA LOGGER.INFO: metodo=GET, URI=http%3A%2F%2Flocalhost%2FTrabajoPracticoFinalProgIII%2Fpublic, RUTA=token%2FaltaUsuario, autoridad=localhost [] {"uid":"cf17fc7"}
[2019-11-07 02:24:49] UTN FRA LOGGER.INFO: metodo=POST, URI=http%3A%2F%2Flocalhost%2FTrabajoPracticoFinalProgIII%2Fpublic, RUTA=token%2FaltaUsuario, autoridad=localhost [] {"uid":"d935326"}
[2019-11-07 02:32:01] UTN FRA LOGGER.INFO: metodo=POST, URI=http%3A%2F%2Flocalhost%2FTrabajoPracticoFinalProgIII%2Fpublic, RUTA=encargados%2FlogIn, autoridad=localhost [] {"uid":"6f4a3aa"}
[2019-11-07 02:32:28] UTN FRA LOGGER.INFO: metodo=POST, URI=http%3A%2F%2Flocalhost%2FTrabajoPracticoFinalProgIII%2Fpublic, RUTA=encargados%2FaltaEncargado, autoridad=localhost [] {"uid":"80971a1"}
[2019-11-07 02:32:46] UTN FRA LOGGER.INFO: metodo=POST, URI=http%3A%2F%2Flocalhost%2FTrabajoPracticoFinalProgIII%2Fpublic, RUTA=encargados%2FAltaEncargado, autoridad=localhost [] {"uid":"8789940"}
[2019-11-07 02:32:52] UTN FRA LOGGER.INFO: metodo=GET, URI=http%3A%2F%2Flocalhost%2FTrabajoPracticoFinalProgIII%2Fpublic, RUTA=encargados%2FAltaEncargado, autoridad=localhost [] {"uid":"78f30a9"}
[2019-11-07 02:33:00] UTN FRA LOGGER.INFO: metodo=GET, URI=http%3A%2F%2Flocalhost%2FTrabajoPracticoFinalProgIII%2Fpublic, RUTA=encargados%2FlogIn, autoridad=localhost [] {"uid":"65dc778"}
[2019-11-07 02:53:40] UTN FRA LOGGER.INFO: metodo=GET, URI=http%3A%2F%2Flocalhost%2FTrabajoPracticoFinalProgIII%2Fpublic, RUTA=encargados%2FlogIn, autoridad=localhost [] {"uid":"53b7e5f"}
[2019-11-07 03:11:02] UTN FRA LOGGER.INFO: metodo=GET, URI=http%3A%2F%2Flocalhost%2FTrabajoPracticoFinalProgIII%2Fpublic, RUTA=tickets%2FestadosTickets, autoridad=localhost [] {"uid":"b6e7eea"}
[2019-11-07 03:13:49] UTN FRA LOGGER.INFO: metodo=GET, URI=http%3A%2F%2Flocalhost%2FTrabajoPracticoFinalProgIII%2Fpublic, RUTA=tickets%2FestadosTickets, autoridad=localhost [] {"uid":"dcb1281"}
[2019-11-07 03:14:41] UTN FRA LOGGER.INFO: metodo=GET, URI=http%3A%2F%2Flocalhost%2FTrabajoPracticoFinalProgIII%2Fpublic, RUTA=tickets%2FestadosTickets, autoridad=localhost [] {"uid":"28331ae"}
[2019-11-07 03:15:14] UTN FRA LOGGER.INFO: metodo=GET, URI=http%3A%2F%2Flocalhost%2FTrabajoPracticoFinalProgIII%2Fpublic, RUTA=tickets%2FestadosTickets, autoridad=localhost [] {"uid":"d9e4b79"}
[2019-11-07 03:15:21] UTN FRA LOGGER.INFO: metodo=GET, URI=http%3A%2F%2Flocalhost%2FTrabajoPracticoFinalProgIII%2Fpublic, RUTA=tickets%2FestadosTickets, autoridad=localhost [] {"uid":"a011861"}
[2019-11-07 03:15:35] UTN FRA LOGGER.INFO: metodo=GET, URI=http%3A%2F%2Flocalhost%2FTrabajoPracticoFinalProgIII%2Fpublic, RUTA=tickets%2FestadosTickets, autoridad=localhost [] {"uid":"a872121"}
[2019-11-07 03:15:43] UTN FRA LOGGER.INFO: metodo=GET, URI=http%3A%2F%2Flocalhost%2FTrabajoPracticoFinalProgIII%2Fpublic, RUTA=tickets%2FestadosTickets, autoridad=localhost [] {"uid":"17d4a1d"}
[2019-11-07 03:15:49] UTN FRA LOGGER.INFO: metodo=GET, URI=http%3A%2F%2Flocalhost%2FTrabajoPracticoFinalProgIII%2Fpublic, RUTA=tickets%2FestadosTickets, autoridad=localhost [] {"uid":"5e0ff49"}
[2019-11-07 03:16:02] UTN FRA LOGGER.INFO: metodo=GET, URI=http%3A%2F%2Flocalhost%2FTrabajoPracticoFinalProgIII%2Fpublic, RUTA=tickets%2FestadosTickets, autoridad=localhost [] {"uid":"d4c0b01"}
[2019-11-07 03:17:07] UTN FRA LOGGER.INFO: metodo=GET, URI=http%3A%2F%2Flocalhost%2FTrabajoPracticoFinalProgIII%2Fpublic, RUTA=tickets%2FestadosTickets, autoridad=localhost [] {"uid":"d5156d8"}
[2019-11-07 03:18:08] UTN FRA LOGGER.INFO: metodo=GET, URI=http%3A%2F%2Flocalhost%2FTrabajoPracticoFinalProgIII%2Fpublic, RUTA=tickets%2FestadosTickets, autoridad=localhost [] {"uid":"62ae202"}
[2019-11-07 03:19:30] UTN FRA LOGGER.INFO: metodo=GET, URI=http%3A%2F%2Flocalhost%2FTrabajoPracticoFinalProgIII%2Fpublic, RUTA=tickets%2FestadosTickets, autoridad=localhost [] {"uid":"3933b7e"}
[2019-11-07 03:21:36] UTN FRA LOGGER.INFO: metodo=GET, URI=http%3A%2F%2Flocalhost%2FTrabajoPracticoFinalProgIII%2Fpublic, RUTA=encargados%2FaltaEncargado, autoridad=localhost [] {"uid":"a89e1d9"}
[2019-11-07 03:22:25] UTN FRA LOGGER.INFO: metodo=GET, URI=http%3A%2F%2Flocalhost%2FTrabajoPracticoFinalProgIII%2Fpublic, RUTA=encargados%2FaltaEncargado, autoridad=localhost [] {"uid":"2e12495"}
[2019-11-07 03:22:42] UTN FRA LOGGER.INFO: metodo=GET, URI=http%3A%2F%2Flocalhost%2FTrabajoPracticoFinalProgIII%2Fpublic, RUTA=encargados%2FaltaEncargado, autoridad=localhost [] {"uid":"f6219c9"}
[2019-11-07 03:22:56] UTN FRA LOGGER.INFO: metodo=GET, URI=http%3A%2F%2Flocalhost%2FTrabajoPracticoFinalProgIII%2Fpublic, RUTA=encargados%2FaltaEncargado, autoridad=localhost [] {"uid":"490553d"}
[2019-11-08 02:29:57] UTN FRA LOGGER.INFO: metodo=GET, URI=http%3A%2F%2Flocalhost%2FTrabajoPracticoFinalProgIII%2Fpublic, RUTA=tickets%2FestadosTickets, autoridad=localhost [] {"uid":"72da8f3"}
[2019-11-08 02:31:00] UTN FRA LOGGER.INFO: metodo=GET, URI=http%3A%2F%2Flocalhost%2FTrabajoPracticoFinalProgIII%2Fpublic, RUTA=tickets%2FestadosTickets, autoridad=localhost [] {"uid":"23d6ddc"}
[2019-11-08 02:41:04] UTN FRA LOGGER.INFO: metodo=POST, URI=http%3A%2F%2Flocalhost%2FTrabajoPracticoFinalProgIII%2Fpublic, RUTA=encargados%2FaltaEncargado, autoridad=localhost [] {"uid":"5584b70"}
[2019-11-08 02:41:39] UTN FRA LOGGER.INFO: metodo=POST, URI=http%3A%2F%2Flocalhost%2FTrabajoPracticoFinalProgIII%2Fpublic, RUTA=encargados%2FaltaEncargado, autoridad=localhost [] {"uid":"5d52fcb"}
[2019-11-08 02:42:22] UTN FRA LOGGER.INFO: metodo=POST, URI=http%3A%2F%2Flocalhost%2FTrabajoPracticoFinalProgIII%2Fpublic, RUTA=encargados%2FaltaEncargado, autoridad=localhost [] {"uid":"f88db4d"}
[2019-11-08 02:43:19] UTN FRA LOGGER.INFO: metodo=POST, URI=http%3A%2F%2Flocalhost%2FTrabajoPracticoFinalProgIII%2Fpublic, RUTA=encargados%2FaltaEncargado, autoridad=localhost [] {"uid":"88fdc44"}
[2019-11-08 02:45:05] UTN FRA LOGGER.INFO: metodo=POST, URI=http%3A%2F%2Flocalhost%2FTrabajoPracticoFinalProgIII%2Fpublic, RUTA=encargados%2FaltaEncargado, autoridad=localhost [] {"uid":"de58f31"}
[2019-11-08 02:46:10] UTN FRA LOGGER.INFO: metodo=POST, URI=http%3A%2F%2Flocalhost%2FTrabajoPracticoFinalProgIII%2Fpublic, RUTA=encargados%2FaltaEncargado, autoridad=localhost [] {"uid":"cf99848"}
[2019-11-08 02:47:31] UTN FRA LOGGER.INFO: metodo=POST, URI=http%3A%2F%2Flocalhost%2FTrabajoPracticoFinalProgIII%2Fpublic, RUTA=encargados%2FaltaEncargado, autoridad=localhost [] {"uid":"8da8a03"}
[2019-11-08 02:49:31] UTN FRA LOGGER.INFO: metodo=POST, URI=http%3A%2F%2Flocalhost%2FTrabajoPracticoFinalProgIII%2Fpublic, RUTA=encargados%2FaltaEncargado, autoridad=localhost [] {"uid":"16f20aa"}
[2019-11-08 02:49:39] UTN FRA LOGGER.INFO: metodo=POST, URI=http%3A%2F%2Flocalhost%2FTrabajoPracticoFinalProgIII%2Fpublic, RUTA=encargados%2FaltaEncargado, autoridad=localhost [] {"uid":"43458f8"}
[2019-11-08 02:49:57] UTN FRA LOGGER.INFO: metodo=POST, URI=http%3A%2F%2Flocalhost%2FTrabajoPracticoFinalProgIII%2Fpublic, RUTA=encargados%2FaltaEncargado, autoridad=localhost [] {"uid":"e1af270"}
[2019-11-08 02:50:20] UTN FRA LOGGER.INFO: metodo=POST, URI=http%3A%2F%2Flocalhost%2FTrabajoPracticoFinalProgIII%2Fpublic, RUTA=encargados%2FaltaEncargado, autoridad=localhost [] {"uid":"2954a76"}
[2019-11-08 02:50:43] UTN FRA LOGGER.INFO: metodo=POST, URI=http%3A%2F%2Flocalhost%2FTrabajoPracticoFinalProgIII%2Fpublic, RUTA=encargados%2FaltaEncargado, autoridad=localhost [] {"uid":"58c0c62"}
[2019-11-08 02:51:04] UTN FRA LOGGER.INFO: metodo=POST, URI=http%3A%2F%2Flocalhost%2FTrabajoPracticoFinalProgIII%2Fpublic, RUTA=encargados%2FaltaEncargado, autoridad=localhost [] {"uid":"19edecc"}
[2019-11-08 02:51:33] UTN FRA LOGGER.INFO: metodo=POST, URI=http%3A%2F%2Flocalhost%2FTrabajoPracticoFinalProgIII%2Fpublic, RUTA=encargados%2FaltaEncargado, autoridad=localhost [] {"uid":"eb32209"}
[2019-11-08 02:52:27] UTN FRA LOGGER.INFO: metodo=POST, URI=http%3A%2F%2Flocalhost%2FTrabajoPracticoFinalProgIII%2Fpublic, RUTA=encargados%2FaltaEncargado, autoridad=localhost [] {"uid":"b0acdb8"}
[2019-11-08 02:59:09] UTN FRA LOGGER.INFO: metodo=POST, URI=http%3A%2F%2Flocalhost%2FTrabajoPracticoFinalProgIII%2Fpublic, RUTA=encargados%2FaltaEncargado, autoridad=localhost [] {"uid":"afe4b9b"}
[2019-11-08 03:01:59] UTN FRA LOGGER.INFO: metodo=POST, URI=http%3A%2F%2Flocalhost%2FTrabajoPracticoFinalProgIII%2Fpublic, RUTA=encargados%2FaltaEncargado, autoridad=localhost [] {"uid":"121dea5"}
[2019-11-08 03:16:06] UTN FRA LOGGER.INFO: metodo=POST, URI=http%3A%2F%2Flocalhost%2FTrabajoPracticoFinalProgIII%2Fpublic, RUTA=encargados%2FaltaEncargado, autoridad=localhost [] {"uid":"60bbd95"}
[2019-11-08 03:26:16] UTN FRA LOGGER.INFO: metodo=POST, URI=http%3A%2F%2Flocalhost%2FTrabajoPracticoFinalProgIII%2Fpublic, RUTA=encargados%2FaltaEncargado, autoridad=localhost [] {"uid":"1fb7a71"}
[2019-11-08 03:26:20] UTN FRA LOGGER.INFO: metodo=POST, URI=http%3A%2F%2Flocalhost%2FTrabajoPracticoFinalProgIII%2Fpublic, RUTA=encargados%2FaltaEncargado, autoridad=localhost [] {"uid":"3a1b67b"}
[2019-11-08 03:32:43] UTN FRA LOGGER.INFO: metodo=POST, URI=http%3A%2F%2Flocalhost%2FTrabajoPracticoFinalProgIII%2Fpublic, RUTA=encargados%2FlogIn, autoridad=localhost [] {"uid":"1b40adf"}
[2019-11-08 03:33:08] UTN FRA LOGGER.INFO: metodo=GET, URI=http%3A%2F%2Flocalhost%2FTrabajoPracticoFinalProgIII%2Fpublic, RUTA=encargados%2FlogIn, autoridad=localhost [] {"uid":"6cad622"}
[2019-11-08 03:38:42] UTN FRA LOGGER.INFO: metodo=GET, URI=http%3A%2F%2Flocalhost%2FTrabajoPracticoFinalProgIII%2Fpublic, RUTA=encargados%2FlogIn, autoridad=localhost [] {"uid":"aeced0d"}
[2019-11-08 03:40:12] UTN FRA LOGGER.INFO: metodo=GET, URI=http%3A%2F%2Flocalhost%2FTrabajoPracticoFinalProgIII%2Fpublic, RUTA=encargados%2FlogIn, autoridad=localhost [] {"uid":"9ca8920"}
[2019-11-08 03:40:34] UTN FRA LOGGER.INFO: metodo=GET, URI=http%3A%2F%2Flocalhost%2FTrabajoPracticoFinalProgIII%2Fpublic, RUTA=encargados%2FlogIn, autoridad=localhost [] {"uid":"a262de1"}
[2019-11-08 03:41:01] UTN FRA LOGGER.INFO: metodo=GET, URI=http%3A%2F%2Flocalhost%2FTrabajoPracticoFinalProgIII%2Fpublic, RUTA=encargados%2FlogIn, autoridad=localhost [] {"uid":"c304e85"}
[2019-11-08 03:41:35] UTN FRA LOGGER.INFO: metodo=GET, URI=http%3A%2F%2Flocalhost%2FTrabajoPracticoFinalProgIII%2Fpublic, RUTA=encargados%2FlogIn, autoridad=localhost [] {"uid":"d65acc5"}
[2019-11-08 03:42:16] UTN FRA LOGGER.INFO: metodo=GET, URI=http%3A%2F%2Flocalhost%2FTrabajoPracticoFinalProgIII%2Fpublic, RUTA=encargados%2FlogIn, autoridad=localhost [] {"uid":"3b71b27"}
[2019-11-08 03:42:28] UTN FRA LOGGER.INFO: metodo=GET, URI=http%3A%2F%2Flocalhost%2FTrabajoPracticoFinalProgIII%2Fpublic, RUTA=encargados%2FlogIn, autoridad=localhost [] {"uid":"1df5b06"}
[2019-11-08 03:42:38] UTN FRA LOGGER.INFO: metodo=GET, URI=http%3A%2F%2Flocalhost%2FTrabajoPracticoFinalProgIII%2Fpublic, RUTA=encargados%2FlogIn, autoridad=localhost [] {"uid":"635da5b"}
[2019-11-08 03:43:20] UTN FRA LOGGER.INFO: metodo=GET, URI=http%3A%2F%2Flocalhost%2FTrabajoPracticoFinalProgIII%2Fpublic, RUTA=encargados%2FlogIn, autoridad=localhost [] {"uid":"12c066c"}
[2019-11-08 03:44:15] UTN FRA LOGGER.INFO: metodo=GET, URI=http%3A%2F%2Flocalhost%2FTrabajoPracticoFinalProgIII%2Fpublic, RUTA=encargados%2FlogIn, autoridad=localhost [] {"uid":"3bd1919"}
[2019-11-08 03:44:24] UTN FRA LOGGER.INFO: metodo=GET, URI=http%3A%2F%2Flocalhost%2FTrabajoPracticoFinalProgIII%2Fpublic, RUTA=encargados%2FlogIn, autoridad=localhost [] {"uid":"062acca"}
[2019-11-08 03:44:34] UTN FRA LOGGER.INFO: metodo=GET, URI=http%3A%2F%2Flocalhost%2FTrabajoPracticoFinalProgIII%2Fpublic, RUTA=encargados%2FlogIn, autoridad=localhost [] {"uid":"5204ca3"}
[2019-11-08 03:45:45] UTN FRA LOGGER.INFO: metodo=GET, URI=http%3A%2F%2Flocalhost%2FTrabajoPracticoFinalProgIII%2Fpublic, RUTA=encargados%2FlogIn, autoridad=localhost [] {"uid":"2d7a05a"}
[2019-11-08 03:46:22] UTN FRA LOGGER.INFO: metodo=GET, URI=http%3A%2F%2Flocalhost%2FTrabajoPracticoFinalProgIII%2Fpublic, RUTA=encargados%2FlogIn, autoridad=localhost [] {"uid":"aee0229"}
[2019-11-08 03:47:10] UTN FRA LOGGER.INFO: metodo=GET, URI=http%3A%2F%2Flocalhost%2FTrabajoPracticoFinalProgIII%2Fpublic, RUTA=encargados%2FlogIn, autoridad=localhost [] {"uid":"60597f4"}
[2019-11-08 03:48:32] UTN FRA LOGGER.INFO: metodo=GET, URI=http%3A%2F%2Flocalhost%2FTrabajoPracticoFinalProgIII%2Fpublic, RUTA=encargados%2FlogIn, autoridad=localhost [] {"uid":"54ee771"}
[2019-11-08 03:49:23] UTN FRA LOGGER.INFO: metodo=GET, URI=http%3A%2F%2Flocalhost%2FTrabajoPracticoFinalProgIII%2Fpublic, RUTA=encargados%2FlogIn, autoridad=localhost [] {"uid":"8eafd1a"}
[2019-11-08 03:49:52] UTN FRA LOGGER.INFO: metodo=GET, URI=http%3A%2F%2Flocalhost%2FTrabajoPracticoFinalProgIII%2Fpublic, RUTA=encargados%2FlogIn, autoridad=localhost [] {"uid":"b42fc14"}
[2019-11-08 03:50:34] UTN FRA LOGGER.INFO: metodo=GET, URI=http%3A%2F%2Flocalhost%2FTrabajoPracticoFinalProgIII%2Fpublic, RUTA=encargados%2FlogIn, autoridad=localhost [] {"uid":"7839939"}
[2019-11-08 03:50:46] UTN FRA LOGGER.INFO: metodo=GET, URI=http%3A%2F%2Flocalhost%2FTrabajoPracticoFinalProgIII%2Fpublic, RUTA=encargados%2FlogIn, autoridad=localhost [] {"uid":"7a3acff"}
[2019-11-08 03:51:04] UTN FRA LOGGER.INFO: metodo=GET, URI=http%3A%2F%2Flocalhost%2FTrabajoPracticoFinalProgIII%2Fpublic, RUTA=encargados%2FlogIn, autoridad=localhost [] {"uid":"bb3703c"}
[2019-11-08 03:51:41] UTN FRA LOGGER.INFO: metodo=GET, URI=http%3A%2F%2Flocalhost%2FTrabajoPracticoFinalProgIII%2Fpublic, RUTA=encargados%2FlogIn, autoridad=localhost [] {"uid":"3ed9d83"}
[2019-11-08 04:02:00] UTN FRA LOGGER.INFO: metodo=GET, URI=http%3A%2F%2Flocalhost%2FTrabajoPracticoFinalProgIII%2Fpublic, RUTA=encargados%2FlogIn, autoridad=localhost [] {"uid":"364fa14"}
[2019-11-08 04:03:48] UTN FRA LOGGER.INFO: metodo=GET, URI=http%3A%2F%2Flocalhost%2FTrabajoPracticoFinalProgIII%2Fpublic, RUTA=encargados%2FlogIn, autoridad=localhost [] {"uid":"1cdaa7c"}
[2019-11-08 04:07:04] UTN FRA LOGGER.INFO: metodo=GET, URI=http%3A%2F%2Flocalhost%2FTrabajoPracticoFinalProgIII%2Fpublic, RUTA=encargados%2FlogIn, autoridad=localhost [] {"uid":"a395882"}
[2019-11-08 04:07:52] UTN FRA LOGGER.INFO: metodo=GET, URI=http%3A%2F%2Flocalhost%2FTrabajoPracticoFinalProgIII%2Fpublic, RUTA=encargados%2FlogIn, autoridad=localhost [] {"uid":"e569bfa"}
[2019-11-08 04:08:36] UTN FRA LOGGER.INFO: metodo=GET, URI=http%3A%2F%2Flocalhost%2FTrabajoPracticoFinalProgIII%2Fpublic, RUTA=encargados%2FlogIn, autoridad=localhost [] {"uid":"b0c446b"}
[2019-11-08 04:08:52] UTN FRA LOGGER.INFO: metodo=GET, URI=http%3A%2F%2Flocalhost%2FTrabajoPracticoFinalProgIII%2Fpublic, RUTA=encargados%2FlogIn, autoridad=localhost [] {"uid":"69443e3"}
[2019-11-08 04:08:58] UTN FRA LOGGER.INFO: metodo=GET, URI=http%3A%2F%2Flocalhost%2FTrabajoPracticoFinalProgIII%2Fpublic, RUTA=encargados%2FlogIn, autoridad=localhost [] {"uid":"4484516"}
[2019-11-08 04:11:07] UTN FRA LOGGER.INFO: metodo=GET, URI=http%3A%2F%2Flocalhost%2FTrabajoPracticoFinalProgIII%2Fpublic, RUTA=encargados%2FlogIn, autoridad=localhost [] {"uid":"ed8b6ee"}
[2019-11-08 04:11:18] UTN FRA LOGGER.INFO: metodo=GET, URI=http%3A%2F%2Flocalhost%2FTrabajoPracticoFinalProgIII%2Fpublic, RUTA=encargados%2FlogIn, autoridad=localhost [] {"uid":"52bc01b"}
[2019-11-08 04:11:42] UTN FRA LOGGER.INFO: metodo=GET, URI=http%3A%2F%2Flocalhost%2FTrabajoPracticoFinalProgIII%2Fpublic, RUTA=encargados%2FlogIn, autoridad=localhost [] {"uid":"66c3ec4"}
[2019-11-08 04:12:40] UTN FRA LOGGER.INFO: metodo=GET, URI=http%3A%2F%2Flocalhost%2FTrabajoPracticoFinalProgIII%2Fpublic, RUTA=encargados%2FlogIn, autoridad=localhost [] {"uid":"33662e8"}
[2019-11-08 04:12:52] UTN FRA LOGGER.INFO: metodo=GET, URI=http%3A%2F%2Flocalhost%2FTrabajoPracticoFinalProgIII%2Fpublic, RUTA=encargados%2FlogIn, autoridad=localhost [] {"uid":"230c896"}
[2019-11-08 04:13:00] UTN FRA LOGGER.INFO: metodo=GET, URI=http%3A%2F%2Flocalhost%2FTrabajoPracticoFinalProgIII%2Fpublic, RUTA=encargados%2FlogIn, autoridad=localhost [] {"uid":"b161362"}
[2019-11-08 04:13:13] UTN FRA LOGGER.INFO: metodo=GET, URI=http%3A%2F%2Flocalhost%2FTrabajoPracticoFinalProgIII%2Fpublic, RUTA=encargados%2FlogIn, autoridad=localhost [] {"uid":"3bad57a"}
[2019-11-08 04:14:46] UTN FRA LOGGER.INFO: metodo=GET, URI=http%3A%2F%2Flocalhost%2FTrabajoPracticoFinalProgIII%2Fpublic, RUTA=encargados%2FlogIn, autoridad=localhost [] {"uid":"fcfb65a"}
[2019-11-08 04:15:11] UTN FRA LOGGER.INFO: metodo=GET, URI=http%3A%2F%2Flocalhost%2FTrabajoPracticoFinalProgIII%2Fpublic, RUTA=encargados%2FlogIn, autoridad=localhost [] {"uid":"b3eb8cb"}
[2019-11-08 04:15:38] UTN FRA LOGGER.INFO: metodo=GET, URI=http%3A%2F%2Flocalhost%2FTrabajoPracticoFinalProgIII%2Fpublic, RUTA=encargados%2FlogIn, autoridad=localhost [] {"uid":"4eba36a"}
[2019-11-08 04:17:56] UTN FRA LOGGER.INFO: metodo=GET, URI=http%3A%2F%2Flocalhost%2FTrabajoPracticoFinalProgIII%2Fpublic, RUTA=encargados%2FlogIn, autoridad=localhost [] {"uid":"9fa1b9c"}
[2019-11-08 04:18:20] UTN FRA LOGGER.INFO: metodo=GET, URI=http%3A%2F%2Flocalhost%2FTrabajoPracticoFinalProgIII%2Fpublic, RUTA=encargados%2FlogIn, autoridad=localhost [] {"uid":"54aeb07"}
[2019-11-08 04:18:35] UTN FRA LOGGER.INFO: metodo=GET, URI=http%3A%2F%2Flocalhost%2FTrabajoPracticoFinalProgIII%2Fpublic, RUTA=encargados%2FlogIn, autoridad=localhost [] {"uid":"1fdfe0b"}
[2019-11-08 04:18:44] UTN FRA LOGGER.INFO: metodo=GET, URI=http%3A%2F%2Flocalhost%2FTrabajoPracticoFinalProgIII%2Fpublic, RUTA=encargados%2FlogIn, autoridad=localhost [] {"uid":"d5e2156"}
[2019-11-08 04:19:09] UTN FRA LOGGER.INFO: metodo=GET, URI=http%3A%2F%2Flocalhost%2FTrabajoPracticoFinalProgIII%2Fpublic, RUTA=encargados%2FlogIn, autoridad=localhost [] {"uid":"9d4bb12"}
[2019-11-08 04:22:20] UTN FRA LOGGER.INFO: metodo=GET, URI=http%3A%2F%2Flocalhost%2FTrabajoPracticoFinalProgIII%2Fpublic, RUTA=encargados%2FlogIn, autoridad=localhost [] {"uid":"9175ce3"}
[2019-11-08 04:24:09] UTN FRA LOGGER.INFO: metodo=GET, URI=http%3A%2F%2Flocalhost%2FTrabajoPracticoFinalProgIII%2Fpublic, RUTA=encargados%2FlogIn, autoridad=localhost [] {"uid":"688f200"}
[2019-11-08 04:26:39] UTN FRA LOGGER.INFO: metodo=GET, URI=http%3A%2F%2Flocalhost%2FTrabajoPracticoFinalProgIII%2Fpublic, RUTA=encargados%2FlogIn, autoridad=localhost [] {"uid":"26414eb"}
[2019-11-08 04:27:02] UTN FRA LOGGER.INFO: metodo=GET, URI=http%3A%2F%2Flocalhost%2FTrabajoPracticoFinalProgIII%2Fpublic, RUTA=encargados%2FlogIn, autoridad=localhost [] {"uid":"18e12ec"}
[2019-11-08 04:27:10] UTN FRA LOGGER.INFO: metodo=GET, URI=http%3A%2F%2Flocalhost%2FTrabajoPracticoFinalProgIII%2Fpublic, RUTA=encargados%2FlogIn, autoridad=localhost [] {"uid":"22a1df9"}
[2019-11-08 04:27:42] UTN FRA LOGGER.INFO: metodo=GET, URI=http%3A%2F%2Flocalhost%2FTrabajoPracticoFinalProgIII%2Fpublic, RUTA=encargados%2FlogIn, autoridad=localhost [] {"uid":"3ab5886"}
[2019-11-08 04:31:12] UTN FRA LOGGER.INFO: metodo=GET, URI=http%3A%2F%2Flocalhost%2FTrabajoPracticoFinalProgIII%2Fpublic, RUTA=encargados%2FlogIn, autoridad=localhost [] {"uid":"913601d"}
[2019-11-08 04:31:26] UTN FRA LOGGER.INFO: metodo=GET, URI=http%3A%2F%2Flocalhost%2FTrabajoPracticoFinalProgIII%2Fpublic, RUTA=encargados%2FlogIn, autoridad=localhost [] {"uid":"6446cd5"}
[2019-11-08 04:31:46] UTN FRA LOGGER.INFO: metodo=GET, URI=http%3A%2F%2Flocalhost%2FTrabajoPracticoFinalProgIII%2Fpublic, RUTA=encargados%2FlogIn, autoridad=localhost [] {"uid":"ffa2c0c"}
[2019-11-08 04:31:57] UTN FRA LOGGER.INFO: metodo=GET, URI=http%3A%2F%2Flocalhost%2FTrabajoPracticoFinalProgIII%2Fpublic, RUTA=encargados%2FlogIn, autoridad=localhost [] {"uid":"556dc98"}
[2019-11-08 04:32:07] UTN FRA LOGGER.INFO: metodo=GET, URI=http%3A%2F%2Flocalhost%2FTrabajoPracticoFinalProgIII%2Fpublic, RUTA=encargados%2FlogIn, autoridad=localhost [] {"uid":"2f73692"}
[2019-11-08 04:32:24] UTN FRA LOGGER.INFO: metodo=GET, URI=http%3A%2F%2Flocalhost%2FTrabajoPracticoFinalProgIII%2Fpublic, RUTA=encargados%2FlogIn, autoridad=localhost [] {"uid":"a45ea32"}
[2019-11-08 04:32:48] UTN FRA LOGGER.INFO: metodo=GET, URI=http%3A%2F%2Flocalhost%2FTrabajoPracticoFinalProgIII%2Fpublic, RUTA=encargados%2FlogIn, autoridad=localhost [] {"uid":"598c67c"}
[2019-11-08 04:32:58] UTN FRA LOGGER.INFO: metodo=GET, URI=http%3A%2F%2Flocalhost%2FTrabajoPracticoFinalProgIII%2Fpublic, RUTA=encargados%2FlogIn, autoridad=localhost [] {"uid":"7f66064"}
[2019-11-08 04:33:34] UTN FRA LOGGER.INFO: metodo=GET, URI=http%3A%2F%2Flocalhost%2FTrabajoPracticoFinalProgIII%2Fpublic, RUTA=encargados%2FlogIn, autoridad=localhost [] {"uid":"06eed37"}
[2019-11-08 04:33:55] UTN FRA LOGGER.INFO: metodo=GET, URI=http%3A%2F%2Flocalhost%2FTrabajoPracticoFinalProgIII%2Fpublic, RUTA=encargados%2FlogIn, autoridad=localhost [] {"uid":"2f67d85"}
[2019-11-08 04:34:06] UTN FRA LOGGER.INFO: metodo=GET, URI=http%3A%2F%2Flocalhost%2FTrabajoPracticoFinalProgIII%2Fpublic, RUTA=encargados%2FlogIn, autoridad=localhost [] {"uid":"bc3f54a"}
[2019-11-08 04:34:14] UTN FRA LOGGER.INFO: metodo=GET, URI=http%3A%2F%2Flocalhost%2FTrabajoPracticoFinalProgIII%2Fpublic, RUTA=encargados%2FlogIn, autoridad=localhost [] {"uid":"c1ae136"}
[2019-11-08 04:36:34] UTN FRA LOGGER.INFO: metodo=GET, URI=http%3A%2F%2Flocalhost%2FTrabajoPracticoFinalProgIII%2Fpublic, RUTA=encargados%2FlogIn, autoridad=localhost [] {"uid":"6da3b45"}
[2019-11-08 04:36:56] UTN FRA LOGGER.INFO: metodo=GET, URI=http%3A%2F%2Flocalhost%2FTrabajoPracticoFinalProgIII%2Fpublic, RUTA=encargados%2FlogIn, autoridad=localhost [] {"uid":"7f08352"}
[2019-11-08 04:37:11] UTN FRA LOGGER.INFO: metodo=GET, URI=http%3A%2F%2Flocalhost%2FTrabajoPracticoFinalProgIII%2Fpublic, RUTA=encargados%2FlogIn, autoridad=localhost [] {"uid":"4199826"}
[2019-11-08 04:37:27] UTN FRA LOGGER.INFO: metodo=GET, URI=http%3A%2F%2Flocalhost%2FTrabajoPracticoFinalProgIII%2Fpublic, RUTA=encargados%2FlogIn, autoridad=localhost [] {"uid":"c52213d"}
[2019-11-08 04:37:40] UTN FRA LOGGER.INFO: metodo=GET, URI=http%3A%2F%2Flocalhost%2FTrabajoPracticoFinalProgIII%2Fpublic, RUTA=encargados%2FlogIn, autoridad=localhost [] {"uid":"99b131a"}
[2019-11-08 04:37:54] UTN FRA LOGGER.INFO: metodo=GET, URI=http%3A%2F%2Flocalhost%2FTrabajoPracticoFinalProgIII%2Fpublic, RUTA=encargados%2FlogIn, autoridad=localhost [] {"uid":"eaa8b2d"}
[2019-11-08 04:41:42] UTN FRA LOGGER.INFO: metodo=GET, URI=http%3A%2F%2Flocalhost%2FTrabajoPracticoFinalProgIII%2Fpublic, RUTA=encargados%2FlogIn, autoridad=localhost [] {"uid":"913bd47"}
[2019-11-08 04:46:45] UTN FRA LOGGER.INFO: metodo=GET, URI=http%3A%2F%2Flocalhost%2FTrabajoPracticoFinalProgIII%2Fpublic, RUTA=encargados%2FlogIn, autoridad=localhost [] {"uid":"523a8a5"}
[2019-11-08 04:48:41] UTN FRA LOGGER.INFO: metodo=GET, URI=http%3A%2F%2Flocalhost%2FTrabajoPracticoFinalProgIII%2Fpublic, RUTA=encargados%2FlogIn, autoridad=localhost [] {"uid":"094b3b4"}
[2019-11-08 04:49:12] UTN FRA LOGGER.INFO: metodo=GET, URI=http%3A%2F%2Flocalhost%2FTrabajoPracticoFinalProgIII%2Fpublic, RUTA=encargados%2FlogIn, autoridad=localhost [] {"uid":"7f660a2"}
[2019-11-08 04:50:07] UTN FRA LOGGER.INFO: metodo=GET, URI=http%3A%2F%2Flocalhost%2FTrabajoPracticoFinalProgIII%2Fpublic, RUTA=encargados%2FlogIn, autoridad=localhost [] {"uid":"b8bbffc"}
[2019-11-08 04:50:25] UTN FRA LOGGER.INFO: metodo=GET, URI=http%3A%2F%2Flocalhost%2FTrabajoPracticoFinalProgIII%2Fpublic, RUTA=encargados%2FlogIn, autoridad=localhost [] {"uid":"b6bcf92"}
[2019-11-08 04:50:50] UTN FRA LOGGER.INFO: metodo=GET, URI=http%3A%2F%2Flocalhost%2FTrabajoPracticoFinalProgIII%2Fpublic, RUTA=encargados%2FlogIn, autoridad=localhost [] {"uid":"5ed64fc"}
[2019-11-08 04:51:13] UTN FRA LOGGER.INFO: metodo=GET, URI=http%3A%2F%2Flocalhost%2FTrabajoPracticoFinalProgIII%2Fpublic, RUTA=encargados%2FlogIn, autoridad=localhost [] {"uid":"304d82f"}
[2019-11-08 04:52:41] UTN FRA LOGGER.INFO: metodo=GET, URI=http%3A%2F%2Flocalhost%2FTrabajoPracticoFinalProgIII%2Fpublic, RUTA=encargados%2FlogIn, autoridad=localhost [] {"uid":"508dab8"}
[2019-11-08 04:54:41] UTN FRA LOGGER.INFO: metodo=GET, URI=http%3A%2F%2Flocalhost%2FTrabajoPracticoFinalProgIII%2Fpublic, RUTA=encargados%2FlogIn, autoridad=localhost [] {"uid":"9c99745"}
[2019-11-08 04:57:08] UTN FRA LOGGER.INFO: metodo=GET, URI=http%3A%2F%2Flocalhost%2FTrabajoPracticoFinalProgIII%2Fpublic, RUTA=encargados%2FlogIn, autoridad=localhost [] {"uid":"19c1375"}
[2019-11-08 04:57:18] UTN FRA LOGGER.INFO: metodo=GET, URI=http%3A%2F%2Flocalhost%2FTrabajoPracticoFinalProgIII%2Fpublic, RUTA=encargados%2FlogIn, autoridad=localhost [] {"uid":"61d6650"}
[2019-11-08 14:03:07] UTN FRA LOGGER.INFO: metodo=GET, URI=http%3A%2F%2Flocalhost%2FTrabajoPracticoFinalProgIII%2Fpublic, RUTA=encargados%2FlogIn, autoridad=localhost [] {"uid":"0919fa8"}
[2019-11-08 14:04:52] UTN FRA LOGGER.INFO: metodo=GET, URI=http%3A%2F%2Flocalhost%2FTrabajoPracticoFinalProgIII%2Fpublic, RUTA=encargados%2FbajaUsuario, autoridad=localhost [] {"uid":"5195992"}
[2019-11-08 14:05:48] UTN FRA LOGGER.INFO: metodo=GET, URI=http%3A%2F%2Flocalhost%2FTrabajoPracticoFinalProgIII%2Fpublic, RUTA=encargados%2FbajaUsuario, autoridad=localhost [] {"uid":"7257c04"}
[2019-11-08 14:06:03] UTN FRA LOGGER.INFO: metodo=GET, URI=http%3A%2F%2Flocalhost%2FTrabajoPracticoFinalProgIII%2Fpublic, RUTA=encargados%2FBajaEncargado, autoridad=localhost [] {"uid":"3ba560d"}
[2019-11-08 14:06:38] UTN FRA LOGGER.INFO: metodo=GET, URI=http%3A%2F%2Flocalhost%2FTrabajoPracticoFinalProgIII%2Fpublic, RUTA=encargados%2FBajaEncargado, autoridad=localhost [] {"uid":"bad172a"}
[2019-11-08 14:06:45] UTN FRA LOGGER.INFO: metodo=GET, URI=http%3A%2F%2Flocalhost%2FTrabajoPracticoFinalProgIII%2Fpublic, RUTA=encargados%2FBajaEncargado, autoridad=localhost [] {"uid":"15dc6e8"}
[2019-11-08 14:06:59] UTN FRA LOGGER.INFO: metodo=GET, URI=http%3A%2F%2Flocalhost%2FTrabajoPracticoFinalProgIII%2Fpublic, RUTA=encargados%2FBajaEncargado, autoridad=localhost [] {"uid":"0f42fc6"}
[2019-11-08 14:07:10] UTN FRA LOGGER.INFO: metodo=GET, URI=http%3A%2F%2Flocalhost%2FTrabajoPracticoFinalProgIII%2Fpublic, RUTA=encargados%2FBajaEncargado, autoridad=localhost [] {"uid":"803d8d1"}
[2019-11-08 14:08:00] UTN FRA LOGGER.INFO: metodo=GET, URI=http%3A%2F%2Flocalhost%2FTrabajoPracticoFinalProgIII%2Fpublic, RUTA=encargados%2FBajaEncargado, autoridad=localhost [] {"uid":"09212a9"}
[2019-11-08 14:09:18] UTN FRA LOGGER.INFO: metodo=GET, URI=http%3A%2F%2Flocalhost%2FTrabajoPracticoFinalProgIII%2Fpublic, RUTA=encargados%2FBajaEncargado, autoridad=localhost [] {"uid":"638ada2"}
[2019-11-08 14:09:38] UTN FRA LOGGER.INFO: metodo=GET, URI=http%3A%2F%2Flocalhost%2FTrabajoPracticoFinalProgIII%2Fpublic, RUTA=encargados%2FBajaEncargado, autoridad=localhost [] {"uid":"d8944fd"}
[2019-11-08 14:10:04] UTN FRA LOGGER.INFO: metodo=GET, URI=http%3A%2F%2Flocalhost%2FTrabajoPracticoFinalProgIII%2Fpublic, RUTA=encargados%2FBajaEncargado, autoridad=localhost [] {"uid":"6bbcc16"}
[2019-11-08 14:10:30] UTN FRA LOGGER.INFO: metodo=GET, URI=http%3A%2F%2Flocalhost%2FTrabajoPracticoFinalProgIII%2Fpublic, RUTA=encargados%2FBajaEncargado, autoridad=localhost [] {"uid":"9faed9d"}
[2019-11-08 14:11:15] UTN FRA LOGGER.INFO: metodo=GET, URI=http%3A%2F%2Flocalhost%2FTrabajoPracticoFinalProgIII%2Fpublic, RUTA=encargados%2FBajaEncargado, autoridad=localhost [] {"uid":"5fc612d"}
[2019-11-08 14:11:54] UTN FRA LOGGER.INFO: metodo=GET, URI=http%3A%2F%2Flocalhost%2FTrabajoPracticoFinalProgIII%2Fpublic, RUTA=encargados%2FBajaEncargado, autoridad=localhost [] {"uid":"2779d45"}
[2019-11-08 14:12:12] UTN FRA LOGGER.INFO: metodo=GET, URI=http%3A%2F%2Flocalhost%2FTrabajoPracticoFinalProgIII%2Fpublic, RUTA=encargados%2FBajaEncargado, autoridad=localhost [] {"uid":"bef33a3"}
[2019-11-08 14:19:12] UTN FRA LOGGER.INFO: metodo=GET, URI=http%3A%2F%2Flocalhost%2FTrabajoPracticoFinalProgIII%2Fpublic, RUTA=encargados%2FBajaEncargado, autoridad=localhost [] {"uid":"5984844"}
[2019-11-08 14:19:29] UTN FRA LOGGER.INFO: metodo=GET, URI=http%3A%2F%2Flocalhost%2FTrabajoPracticoFinalProgIII%2Fpublic, RUTA=encargados%2FBajaEncargado, autoridad=localhost [] {"uid":"cdb2193"}
[2019-11-08 14:20:16] UTN FRA LOGGER.INFO: metodo=GET, URI=http%3A%2F%2Flocalhost%2FTrabajoPracticoFinalProgIII%2Fpublic, RUTA=encargados%2FBajaEncargado, autoridad=localhost [] {"uid":"a1e8616"}
[2019-11-08 14:20:56] UTN FRA LOGGER.INFO: metodo=GET, URI=http%3A%2F%2Flocalhost%2FTrabajoPracticoFinalProgIII%2Fpublic, RUTA=encargados%2FBajaEncargado, autoridad=localhost [] {"uid":"ff280a3"}
[2019-11-08 14:22:05] UTN FRA LOGGER.INFO: metodo=GET, URI=http%3A%2F%2Flocalhost%2FTrabajoPracticoFinalProgIII%2Fpublic, RUTA=encargados%2FBajaEncargado, autoridad=localhost [] {"uid":"ad261af"}
[2019-11-08 14:22:27] UTN FRA LOGGER.INFO: metodo=GET, URI=http%3A%2F%2Flocalhost%2FTrabajoPracticoFinalProgIII%2Fpublic, RUTA=encargados%2FBajaEncargado, autoridad=localhost [] {"uid":"5972070"}
[2019-11-08 14:22:39] UTN FRA LOGGER.INFO: metodo=GET, URI=http%3A%2F%2Flocalhost%2FTrabajoPracticoFinalProgIII%2Fpublic, RUTA=encargados%2FlogIn, autoridad=localhost [] {"uid":"fd000bc"}
[2019-11-08 14:23:39] UTN FRA LOGGER.INFO: metodo=GET, URI=http%3A%2F%2Flocalhost%2FTrabajoPracticoFinalProgIII%2Fpublic, RUTA=encargados%2FlogIn, autoridad=localhost [] {"uid":"05a9edf"}
[2019-11-08 14:23:42] UTN FRA LOGGER.INFO: metodo=GET, URI=http%3A%2F%2Flocalhost%2FTrabajoPracticoFinalProgIII%2Fpublic, RUTA=encargados%2FBajaEncargado, autoridad=localhost [] {"uid":"892465b"}
[2019-11-08 14:24:21] UTN FRA LOGGER.INFO: metodo=GET, URI=http%3A%2F%2Flocalhost%2FTrabajoPracticoFinalProgIII%2Fpublic, RUTA=encargados%2FBajaEncargado, autoridad=localhost [] {"uid":"687160b"}
[2019-11-08 14:24:39] UTN FRA LOGGER.INFO: metodo=GET, URI=http%3A%2F%2Flocalhost%2FTrabajoPracticoFinalProgIII%2Fpublic, RUTA=encargados%2FBajaEncargado, autoridad=localhost [] {"uid":"b3a6678"}
[2019-11-08 14:25:26] UTN FRA LOGGER.INFO: metodo=GET, URI=http%3A%2F%2Flocalhost%2FTrabajoPracticoFinalProgIII%2Fpublic, RUTA=encargados%2FBajaEncargado, autoridad=localhost [] {"uid":"069e713"}
[2019-11-08 14:27:12] UTN FRA LOGGER.INFO: metodo=GET, URI=http%3A%2F%2Flocalhost%2FTrabajoPracticoFinalProgIII%2Fpublic, RUTA=encargados%2FBajaEncargado, autoridad=localhost [] {"uid":"324b184"}
[2019-11-08 14:27:33] UTN FRA LOGGER.INFO: metodo=GET, URI=http%3A%2F%2Flocalhost%2FTrabajoPracticoFinalProgIII%2Fpublic, RUTA=encargados%2FBajaEncargado, autoridad=localhost [] {"uid":"255f7d1"}
[2019-11-08 14:27:41] UTN FRA LOGGER.INFO: metodo=GET, URI=http%3A%2F%2Flocalhost%2FTrabajoPracticoFinalProgIII%2Fpublic, RUTA=encargados%2FBajaEncargado, autoridad=localhost [] {"uid":"b58e674"}
[2019-11-08 14:32:16] UTN FRA LOGGER.INFO: metodo=GET, URI=http%3A%2F%2Flocalhost%2FTrabajoPracticoFinalProgIII%2Fpublic, RUTA=encargados%2FBajaEncargado, autoridad=localhost [] {"uid":"fece500"}
[2019-11-08 14:32:24] UTN FRA LOGGER.INFO: metodo=GET, URI=http%3A%2F%2Flocalhost%2FTrabajoPracticoFinalProgIII%2Fpublic, RUTA=encargados%2FBajaEncargado, autoridad=localhost [] {"uid":"bc6aef9"}
[2019-11-08 14:33:29] UTN FRA LOGGER.INFO: metodo=GET, URI=http%3A%2F%2Flocalhost%2FTrabajoPracticoFinalProgIII%2Fpublic, RUTA=encargados%2FBajaEncargado, autoridad=localhost [] {"uid":"226f3de"}
[2019-11-08 14:35:13] UTN FRA LOGGER.INFO: metodo=GET, URI=http%3A%2F%2Flocalhost%2FTrabajoPracticoFinalProgIII%2Fpublic, RUTA=encargados%2FBajaEncargado, autoridad=localhost [] {"uid":"f6c6a2f"}
[2019-11-08 14:42:30] UTN FRA LOGGER.INFO: metodo=GET, URI=http%3A%2F%2Flocalhost%2FTrabajoPracticoFinalProgIII%2Fpublic, RUTA=encargados%2FBajaEncargado, autoridad=localhost [] {"uid":"52190c7"}
[2019-11-08 14:42:52] UTN FRA LOGGER.INFO: metodo=GET, URI=http%3A%2F%2Flocalhost%2FTrabajoPracticoFinalProgIII%2Fpublic, RUTA=encargados%2FBajaEncargado, autoridad=localhost [] {"uid":"a92cca5"}
[2019-11-08 14:43:16] UTN FRA LOGGER.INFO: metodo=GET, URI=http%3A%2F%2Flocalhost%2FTrabajoPracticoFinalProgIII%2Fpublic, RUTA=encargados%2FBajaEncargado, autoridad=localhost [] {"uid":"eaebb58"}
[2019-11-08 14:43:58] UTN FRA LOGGER.INFO: metodo=GET, URI=http%3A%2F%2Flocalhost%2FTrabajoPracticoFinalProgIII%2Fpublic, RUTA=encargados%2FBajaEncargado, autoridad=localhost [] {"uid":"f084a83"}
[2019-11-08 14:44:35] UTN FRA LOGGER.INFO: metodo=GET, URI=http%3A%2F%2Flocalhost%2FTrabajoPracticoFinalProgIII%2Fpublic, RUTA=encargados%2FBajaEncargado, autoridad=localhost [] {"uid":"5b621f4"}
[2019-11-08 14:47:10] UTN FRA LOGGER.INFO: metodo=GET, URI=http%3A%2F%2Flocalhost%2FTrabajoPracticoFinalProgIII%2Fpublic, RUTA=encargados%2FBajaEncargado, autoridad=localhost [] {"uid":"b707a25"}
[2019-11-08 14:50:11] UTN FRA LOGGER.INFO: metodo=GET, URI=http%3A%2F%2Flocalhost%2FTrabajoPracticoFinalProgIII%2Fpublic, RUTA=encargados%2FBajaEncargado, autoridad=localhost [] {"uid":"cff73fe"}
[2019-11-08 14:51:31] UTN FRA LOGGER.INFO: metodo=GET, URI=http%3A%2F%2Flocalhost%2FTrabajoPracticoFinalProgIII%2Fpublic, RUTA=encargados%2FBajaEncargado, autoridad=localhost [] {"uid":"bdd5e41"}
[2019-11-08 14:52:41] UTN FRA LOGGER.INFO: metodo=GET, URI=http%3A%2F%2Flocalhost%2FTrabajoPracticoFinalProgIII%2Fpublic, RUTA=encargados%2FBajaEncargado, autoridad=localhost [] {"uid":"c74edaf"}
[2019-11-08 14:53:41] UTN FRA LOGGER.INFO: metodo=GET, URI=http%3A%2F%2Flocalhost%2FTrabajoPracticoFinalProgIII%2Fpublic, RUTA=encargados%2FBajaEncargado, autoridad=localhost [] {"uid":"cbc9a6a"}
[2019-11-08 14:54:16] UTN FRA LOGGER.INFO: metodo=GET, URI=http%3A%2F%2Flocalhost%2FTrabajoPracticoFinalProgIII%2Fpublic, RUTA=encargados%2FBajaEncargado, autoridad=localhost [] {"uid":"cdb66f9"}
[2019-11-08 14:54:33] UTN FRA LOGGER.INFO: metodo=GET, URI=http%3A%2F%2Flocalhost%2FTrabajoPracticoFinalProgIII%2Fpublic, RUTA=encargados%2FBajaEncargado, autoridad=localhost [] {"uid":"601f1c9"}
[2019-11-08 14:55:23] UTN FRA LOGGER.INFO: metodo=GET, URI=http%3A%2F%2Flocalhost%2FTrabajoPracticoFinalProgIII%2Fpublic, RUTA=encargados%2FBajaEncargado, autoridad=localhost [] {"uid":"8e7e7b5"}
[2019-11-08 15:12:40] UTN FRA LOGGER.INFO: metodo=GET, URI=http%3A%2F%2Flocalhost%2FTrabajoPracticoFinalProgIII%2Fpublic, RUTA=encargados%2FlogIn, autoridad=localhost [] {"uid":"a7825b1"}
[2019-11-08 15:14:57] UTN FRA LOGGER.INFO: metodo=GET, URI=http%3A%2F%2Flocalhost%2FTrabajoPracticoFinalProgIII%2Fpublic, RUTA=encargados%2FBajaEncargado, autoridad=localhost [] {"uid":"fdda121"}
[2019-11-08 15:16:11] UTN FRA LOGGER.INFO: metodo=GET, URI=http%3A%2F%2Flocalhost%2FTrabajoPracticoFinalProgIII%2Fpublic, RUTA=encargados%2FBajaEncargado, autoridad=localhost [] {"uid":"d292d86"}
[2019-11-08 15:16:19] UTN FRA LOGGER.INFO: metodo=GET, URI=http%3A%2F%2Flocalhost%2FTrabajoPracticoFinalProgIII%2Fpublic, RUTA=encargados%2FBajaEncargado, autoridad=localhost [] {"uid":"490aad5"}
[2019-11-08 15:16:26] UTN FRA LOGGER.INFO: metodo=GET, URI=http%3A%2F%2Flocalhost%2FTrabajoPracticoFinalProgIII%2Fpublic, RUTA=encargados%2FBajaEncargado, autoridad=localhost [] {"uid":"c9b8d8a"}
[2019-11-08 15:16:30] UTN FRA LOGGER.INFO: metodo=GET, URI=http%3A%2F%2Flocalhost%2FTrabajoPracticoFinalProgIII%2Fpublic, RUTA=encargados%2FBajaEncargado, autoridad=localhost [] {"uid":"79728f6"}
[2019-11-08 15:58:25] UTN FRA LOGGER.INFO: metodo=GET, URI=http%3A%2F%2Flocalhost%2FTrabajoPracticoFinalProgIII%2Fpublic, RUTA=preparacion%2FtomarPedido, autoridad=localhost [] {"uid":"d3f06fc"}
[2019-11-08 15:58:41] UTN FRA LOGGER.INFO: metodo=GET, URI=http%3A%2F%2Flocalhost%2FTrabajoPracticoFinalProgIII%2Fpublic, RUTA=preparacion%2FtomarPedido, autoridad=localhost [] {"uid":"521a711"}
[2019-11-08 15:59:14] UTN FRA LOGGER.INFO: metodo=GET, URI=http%3A%2F%2Flocalhost%2FTrabajoPracticoFinalProgIII%2Fpublic, RUTA=preparacion%2FtomarPedido, autoridad=localhost [] {"uid":"cfc1846"}
[2019-11-08 16:01:16] UTN FRA LOGGER.INFO: metodo=GET, URI=http%3A%2F%2Flocalhost%2FTrabajoPracticoFinalProgIII%2Fpublic, RUTA=preparacion%2FtomarPedido, autoridad=localhost [] {"uid":"33c524c"}
[2019-11-08 16:02:11] UTN FRA LOGGER.INFO: metodo=GET, URI=http%3A%2F%2Flocalhost%2FTrabajoPracticoFinalProgIII%2Fpublic, RUTA=preparacion%2FtomarPedido, autoridad=localhost [] {"uid":"7cfe71e"}
[2019-11-08 16:02:43] UTN FRA LOGGER.INFO: metodo=GET, URI=http%3A%2F%2Flocalhost%2FTrabajoPracticoFinalProgIII%2Fpublic, RUTA=preparacion%2FtomarPedido, autoridad=localhost [] {"uid":"ed44fb0"}
[2019-11-08 16:03:16] UTN FRA LOGGER.INFO: metodo=GET, URI=http%3A%2F%2Flocalhost%2FTrabajoPracticoFinalProgIII%2Fpublic, RUTA=preparacion%2FtomarPedido, autoridad=localhost [] {"uid":"40e6bac"}
[2019-11-08 16:03:53] UTN FRA LOGGER.INFO: metodo=GET, URI=http%3A%2F%2Flocalhost%2FTrabajoPracticoFinalProgIII%2Fpublic, RUTA=preparacion%2FtomarPedido, autoridad=localhost [] {"uid":"fc37a31"}
[2019-11-08 16:05:03] UTN FRA LOGGER.INFO: metodo=GET, URI=http%3A%2F%2Flocalhost%2FTrabajoPracticoFinalProgIII%2Fpublic, RUTA=preparacion%2FtomarPedido, autoridad=localhost [] {"uid":"2c64ac5"}
[2019-11-08 16:17:17] UTN FRA LOGGER.INFO: metodo=GET, URI=http%3A%2F%2Flocalhost%2FTrabajoPracticoFinalProgIII%2Fpublic, RUTA=preparacion%2FtomarPedido, autoridad=localhost [] {"uid":"4ce730f"}
[2019-11-08 16:17:38] UTN FRA LOGGER.INFO: metodo=GET, URI=http%3A%2F%2Flocalhost%2FTrabajoPracticoFinalProgIII%2Fpublic, RUTA=preparacion%2FtomarPedido, autoridad=localhost [] {"uid":"dd432d5"}
[2019-11-08 16:20:15] UTN FRA LOGGER.INFO: metodo=GET, URI=http%3A%2F%2Flocalhost%2FTrabajoPracticoFinalProgIII%2Fpublic, RUTA=preparacion%2FtomarPedido, autoridad=localhost [] {"uid":"be505b5"}
[2019-11-08 16:21:59] UTN FRA LOGGER.INFO: metodo=GET, URI=http%3A%2F%2Flocalhost%2FTrabajoPracticoFinalProgIII%2Fpublic, RUTA=preparacion%2FtomarPedido, autoridad=localhost [] {"uid":"fca2455"}
[2019-11-08 16:23:55] UTN FRA LOGGER.INFO: metodo=GET, URI=http%3A%2F%2Flocalhost%2FTrabajoPracticoFinalProgIII%2Fpublic, RUTA=preparacion%2FtomarPedido, autoridad=localhost [] {"uid":"1418b51"}
[2019-11-08 16:24:54] UTN FRA LOGGER.INFO: metodo=GET, URI=http%3A%2F%2Flocalhost%2FTrabajoPracticoFinalProgIII%2Fpublic, RUTA=preparacion%2FtomarPedido, autoridad=localhost [] {"uid":"e7cfbc4"}
[2019-11-08 16:25:00] UTN FRA LOGGER.INFO: metodo=GET, URI=http%3A%2F%2Flocalhost%2FTrabajoPracticoFinalProgIII%2Fpublic, RUTA=preparacion%2FtomarPedido, autoridad=localhost [] {"uid":"1ce2af6"}
[2019-11-08 16:25:30] UTN FRA LOGGER.INFO: metodo=GET, URI=http%3A%2F%2Flocalhost%2FTrabajoPracticoFinalProgIII%2Fpublic, RUTA=preparacion%2FtomarPedido, autoridad=localhost [] {"uid":"c0bec22"}
[2019-11-08 16:25:42] UTN FRA LOGGER.INFO: metodo=GET, URI=http%3A%2F%2Flocalhost%2FTrabajoPracticoFinalProgIII%2Fpublic, RUTA=preparacion%2FtomarPedido, autoridad=localhost [] {"uid":"7dc6400"}
[2019-11-08 16:27:55] UTN FRA LOGGER.INFO: metodo=GET, URI=http%3A%2F%2Flocalhost%2FTrabajoPracticoFinalProgIII%2Fpublic, RUTA=preparacion%2FtomarPedido, autoridad=localhost [] {"uid":"1da114c"}
[2019-11-08 16:28:09] UTN FRA LOGGER.INFO: metodo=GET, URI=http%3A%2F%2Flocalhost%2FTrabajoPracticoFinalProgIII%2Fpublic, RUTA=preparacion%2FtomarPedido, autoridad=localhost [] {"uid":"9fdca76"}
[2019-11-08 16:28:27] UTN FRA LOGGER.INFO: metodo=GET, URI=http%3A%2F%2Flocalhost%2FTrabajoPracticoFinalProgIII%2Fpublic, RUTA=preparacion%2FtomarPedido, autoridad=localhost [] {"uid":"1876f2d"}
[2019-11-08 16:28:42] UTN FRA LOGGER.INFO: metodo=GET, URI=http%3A%2F%2Flocalhost%2FTrabajoPracticoFinalProgIII%2Fpublic, RUTA=preparacion%2FtomarPedido, autoridad=localhost [] {"uid":"77aa018"}
[2019-11-08 16:29:01] UTN FRA LOGGER.INFO: metodo=GET, URI=http%3A%2F%2Flocalhost%2FTrabajoPracticoFinalProgIII%2Fpublic, RUTA=preparacion%2FtomarPedido, autoridad=localhost [] {"uid":"315cf54"}
[2019-11-08 16:29:10] UTN FRA LOGGER.INFO: metodo=GET, URI=http%3A%2F%2Flocalhost%2FTrabajoPracticoFinalProgIII%2Fpublic, RUTA=preparacion%2FtomarPedido, autoridad=localhost [] {"uid":"6794772"}
[2019-11-08 16:29:27] UTN FRA LOGGER.INFO: metodo=GET, URI=http%3A%2F%2Flocalhost%2FTrabajoPracticoFinalProgIII%2Fpublic, RUTA=preparacion%2FtomarPedido, autoridad=localhost [] {"uid":"f606d88"}
[2019-11-08 16:30:49] UTN FRA LOGGER.INFO: metodo=GET, URI=http%3A%2F%2Flocalhost%2FTrabajoPracticoFinalProgIII%2Fpublic, RUTA=preparacion%2FtomarPedido, autoridad=localhost [] {"uid":"3811ade"}
[2019-11-08 16:31:29] UTN FRA LOGGER.INFO: metodo=GET, URI=http%3A%2F%2Flocalhost%2FTrabajoPracticoFinalProgIII%2Fpublic, RUTA=preparacion%2FtomarPedido, autoridad=localhost [] {"uid":"c741b31"}
[2019-11-08 16:32:09] UTN FRA LOGGER.INFO: metodo=GET, URI=http%3A%2F%2Flocalhost%2FTrabajoPracticoFinalProgIII%2Fpublic, RUTA=preparacion%2FtomarPedido, autoridad=localhost [] {"uid":"76864e0"}
[2019-11-08 16:34:48] UTN FRA LOGGER.INFO: metodo=GET, URI=http%3A%2F%2Flocalhost%2FTrabajoPracticoFinalProgIII%2Fpublic, RUTA=preparacion%2FtomarPedido, autoridad=localhost [] {"uid":"e904f7b"}
[2019-11-08 16:35:23] UTN FRA LOGGER.INFO: metodo=GET, URI=http%3A%2F%2Flocalhost%2FTrabajoPracticoFinalProgIII%2Fpublic, RUTA=preparacion%2FtomarPedido, autoridad=localhost [] {"uid":"8435d50"}
[2019-11-08 16:35:47] UTN FRA LOGGER.INFO: metodo=GET, URI=http%3A%2F%2Flocalhost%2FTrabajoPracticoFinalProgIII%2Fpublic, RUTA=preparacion%2FtomarPedido, autoridad=localhost [] {"uid":"186b56b"}
[2019-11-08 16:36:58] UTN FRA LOGGER.INFO: metodo=GET, URI=http%3A%2F%2Flocalhost%2FTrabajoPracticoFinalProgIII%2Fpublic, RUTA=preparacion%2FtomarPedido, autoridad=localhost [] {"uid":"4211f56"}
[2019-11-08 16:40:05] UTN FRA LOGGER.INFO: metodo=GET, URI=http%3A%2F%2Flocalhost%2FTrabajoPracticoFinalProgIII%2Fpublic, RUTA=preparacion%2FtomarPedido, autoridad=localhost [] {"uid":"6c6073a"}
[2019-11-08 16:41:57] UTN FRA LOGGER.INFO: metodo=GET, URI=http%3A%2F%2Flocalhost%2FTrabajoPracticoFinalProgIII%2Fpublic, RUTA=preparacion%2FtomarPedido, autoridad=localhost [] {"uid":"2a84281"}
[2019-11-08 16:42:21] UTN FRA LOGGER.INFO: metodo=GET, URI=http%3A%2F%2Flocalhost%2FTrabajoPracticoFinalProgIII%2Fpublic, RUTA=preparacion%2FtomarPedido, autoridad=localhost [] {"uid":"fe3888c"}
[2019-11-08 16:42:37] UTN FRA LOGGER.INFO: metodo=GET, URI=http%3A%2F%2Flocalhost%2FTrabajoPracticoFinalProgIII%2Fpublic, RUTA=preparacion%2FtomarPedido, autoridad=localhost [] {"uid":"6505581"}
[2019-11-08 16:43:51] UTN FRA LOGGER.INFO: metodo=GET, URI=http%3A%2F%2Flocalhost%2FTrabajoPracticoFinalProgIII%2Fpublic, RUTA=preparacion%2FtomarPedido, autoridad=localhost [] {"uid":"7b8ebb4"}
[2019-11-08 16:44:39] UTN FRA LOGGER.INFO: metodo=GET, URI=http%3A%2F%2Flocalhost%2FTrabajoPracticoFinalProgIII%2Fpublic, RUTA=preparacion%2FtomarPedido, autoridad=localhost [] {"uid":"b004fc3"}
[2019-11-08 16:47:14] UTN FRA LOGGER.INFO: metodo=GET, URI=http%3A%2F%2Flocalhost%2FTrabajoPracticoFinalProgIII%2Fpublic, RUTA=preparacion%2FtomarPedido, autoridad=localhost [] {"uid":"93a113e"}
[2019-11-08 16:47:43] UTN FRA LOGGER.INFO: metodo=GET, URI=http%3A%2F%2Flocalhost%2FTrabajoPracticoFinalProgIII%2Fpublic, RUTA=preparacion%2FtomarPedido, autoridad=localhost [] {"uid":"68bcfb9"}
[2019-11-08 16:47:55] UTN FRA LOGGER.INFO: metodo=GET, URI=http%3A%2F%2Flocalhost%2FTrabajoPracticoFinalProgIII%2Fpublic, RUTA=preparacion%2FtomarPedido, autoridad=localhost [] {"uid":"c2d343c"}
[2019-11-08 16:48:32] UTN FRA LOGGER.INFO: metodo=GET, URI=http%3A%2F%2Flocalhost%2FTrabajoPracticoFinalProgIII%2Fpublic, RUTA=preparacion%2FtomarPedido, autoridad=localhost [] {"uid":"2ea010d"}
[2019-11-08 16:48:47] UTN FRA LOGGER.INFO: metodo=GET, URI=http%3A%2F%2Flocalhost%2FTrabajoPracticoFinalProgIII%2Fpublic, RUTA=preparacion%2FtomarPedido, autoridad=localhost [] {"uid":"045cbac"}
[2019-11-08 16:54:22] UTN FRA LOGGER.INFO: metodo=POST, URI=http%3A%2F%2Flocalhost%2FTrabajoPracticoFinalProgIII%2Fpublic, RUTA=tickets%2FnuevoTicket, autoridad=localhost [] {"uid":"3b85c30"}
[2019-11-08 16:56:10] UTN FRA LOGGER.INFO: metodo=POST, URI=http%3A%2F%2Flocalhost%2FTrabajoPracticoFinalProgIII%2Fpublic, RUTA=tickets%2FnuevoTicket, autoridad=localhost [] {"uid":"87efdd9"}
[2019-11-08 17:37:34] UTN FRA LOGGER.INFO: metodo=GET, URI=http%3A%2F%2Flocalhost%2FTrabajoPracticoFinalProgIII%2Fpublic, RUTA=preparacion%2FtomarPedido, autoridad=localhost [] {"uid":"ee44619"}
