[2019-06-13 14:22:41] UTN FRA LOGGER.INFO: ::1 [] {"uid":"ecfba35"}
[2019-06-13 14:23:14] UTN FRA LOGGER.INFO: ip :::1 [] {"uid":"f1af206"}
[2019-06-13 14:31:21] UTN FRA LOGGER.INFO: info  =Mozilla/5.0 (X11; Linux x86_64) AppleWebKit/537.36 (KHTML, like Gecko) Chrome/73.0.3683.86 Safari/537.36 [] {"uid":"2676799"}
[2019-06-13 14:31:21] UTN FRA LOGGER.INFO: ip =::1 [] {"uid":"2676799"}
[2019-06-13 14:33:01] UTN FRA LOGGER.INFO: info  =PostmanRuntime/7.1.1 [] {"uid":"1c0e970"}
[2019-06-13 14:33:01] UTN FRA LOGGER.INFO: ip =::1 [] {"uid":"1c0e970"}
[2019-06-13 14:33:04] UTN FRA LOGGER.INFO: info  =PostmanRuntime/7.1.1 [] {"uid":"e0a490b"}
[2019-06-13 14:33:04] UTN FRA LOGGER.INFO: ip =::1 [] {"uid":"e0a490b"}
[2019-06-13 14:33:08] UTN FRA LOGGER.INFO: info  =PostmanRuntime/7.1.1 [] {"uid":"5792b8b"}
[2019-06-13 14:33:08] UTN FRA LOGGER.INFO: ip =::1 [] {"uid":"5792b8b"}
[2019-06-13 14:33:14] UTN FRA LOGGER.INFO: info  =PostmanRuntime/7.1.1 [] {"uid":"c3f3041"}
[2019-06-13 14:33:14] UTN FRA LOGGER.INFO: ip =::1 [] {"uid":"c3f3041"}
[2019-06-13 14:41:27] UTN FRA LOGGER.INFO: info  =Mozilla/5.0 (X11; Linux x86_64; rv:60.0) Gecko/20100101 Firefox/60.0 [] {"uid":"d971c69"}
[2019-06-13 14:41:27] UTN FRA LOGGER.INFO: ip =127.0.0.1 [] {"uid":"d971c69"}
[2019-06-13 14:46:20] UTN FRA LOGGER.INFO: info  =Mozilla/5.0 (X11; Linux x86_64; rv:60.0) Gecko/20100101 Firefox/60.0 [] {"uid":"01737b9"}
[2019-06-13 14:46:20] UTN FRA LOGGER.INFO: ip =127.0.0.1 [] {"uid":"01737b9"}
[2019-06-13 14:48:37] UTN FRA LOGGER.INFO: info  =Mozilla/5.0 (X11; Linux x86_64) AppleWebKit/537.36 (KHTML, like Gecko) Chrome/50.0.2661.76 YaBrowser/16.6.0.6383 (beta) Safari/537.36 [] {"uid":"5d9f7e5"}
[2019-06-13 14:48:37] UTN FRA LOGGER.INFO: ip =::1 [] {"uid":"5d9f7e5"}
[2019-06-13 14:48:52] UTN FRA LOGGER.INFO: info  =Mozilla/5.0 (X11; Linux x86_64) AppleWebKit/537.36 (KHTML, like Gecko) Chrome/50.0.2661.76 YaBrowser/16.6.0.6383 (beta) Safari/537.36 [] {"uid":"f6cdba9"}
[2019-06-13 14:48:52] UTN FRA LOGGER.INFO: ip =::1 [] {"uid":"f6cdba9"}
[2019-06-13 14:48:59] UTN FRA LOGGER.INFO: info  =Mozilla/5.0 (X11; Linux x86_64) AppleWebKit/537.36 (KHTML, like Gecko) Chrome/50.0.2661.76 YaBrowser/16.6.0.6383 (beta) Safari/537.36 [] {"uid":"7fb9fe5"}
[2019-06-13 14:48:59] UTN FRA LOGGER.INFO: ip =::1 [] {"uid":"7fb9fe5"}
[2019-06-13 14:50:12] UTN FRA LOGGER.INFO: info  =Mozilla/5.0 (X11; Linux x86_64) AppleWebKit/537.36 (KHTML, like Gecko) Chrome/71.0.3578.98 Safari/537.36 OPR/58.0.3135.107 [] {"uid":"05adba9"}
[2019-06-13 14:50:13] UTN FRA LOGGER.INFO: ip =::1 [] {"uid":"05adba9"}
[2019-06-13 14:51:49] UTN FRA LOGGER.INFO: info  =Mozilla/5.0 (X11; Linux x86_64) AppleWebKit/537.36 (KHTML, like Gecko) Chrome/73.0.3683.86 Safari/537.36 [] {"uid":"4869fa1"}
[2019-06-13 14:51:49] UTN FRA LOGGER.INFO: ip =::1 [] {"uid":"4869fa1"}
[2019-06-13 14:52:04] UTN FRA LOGGER.INFO: info  =PostmanRuntime/7.1.1 [] {"uid":"955f892"}
[2019-06-13 14:52:04] UTN FRA LOGGER.INFO: ip =::1 [] {"uid":"955f892"}
[2019-06-13 14:52:24] UTN FRA LOGGER.INFO: Datos  =PostmanRuntime/7.1.1 [] {"uid":"3d3557f"}
[2019-06-13 14:52:24] UTN FRA LOGGER.INFO: ip =::1 [] {"uid":"3d3557f"}
[2019-06-13 14:52:34] UTN FRA LOGGER.INFO: Datos  =Mozilla/5.0 (X11; Linux x86_64) AppleWebKit/537.36 (KHTML, like Gecko) Chrome/71.0.3578.98 Safari/537.36 OPR/58.0.3135.107 [] {"uid":"521a87e"}
[2019-06-13 14:52:34] UTN FRA LOGGER.INFO: ip =::1 [] {"uid":"521a87e"}
[2019-06-13 14:54:41] UTN FRA LOGGER.INFO: Datos  =Mozilla/5.0 (X11; Linux x86_64) AppleWebKit/537.36 (KHTML, like Gecko) Chrome/73.0.3683.86 Safari/537.36 [] {"uid":"15b9fd3"}
[2019-06-13 14:54:41] UTN FRA LOGGER.INFO: ip =::1 [] {"uid":"15b9fd3"}
[2019-06-13 15:40:36] UTN FRA LOGGER.INFO: Datos  =Mozilla/5.0 (X11; Linux x86_64) AppleWebKit/537.36 (KHTML, like Gecko) Chrome/73.0.3683.86 Safari/537.36 [] {"uid":"bbb9226"}
[2019-06-13 15:40:36] UTN FRA LOGGER.INFO: ip =::1 [] {"uid":"bbb9226"}
[2019-06-13 15:40:42] UTN FRA LOGGER.INFO: Datos  =Mozilla/5.0 (X11; Linux x86_64) AppleWebKit/537.36 (KHTML, like Gecko) Chrome/73.0.3683.86 Safari/537.36 [] {"uid":"d5105f7"}
[2019-06-13 15:40:42] UTN FRA LOGGER.INFO: ip =::1 [] {"uid":"d5105f7"}
[2019-06-13 15:41:29] UTN FRA LOGGER.INFO: Datos  =Mozilla/5.0 (X11; Linux x86_64) AppleWebKit/537.36 (KHTML, like Gecko) Chrome/73.0.3683.86 Safari/537.36 [] {"uid":"e12c6d8"}
[2019-06-13 15:41:29] UTN FRA LOGGER.INFO: ip =::1 [] {"uid":"e12c6d8"}
[2019-06-13 15:42:30] UTN FRA LOGGER.INFO: Datos  =Mozilla/5.0 (X11; Linux x86_64) AppleWebKit/537.36 (KHTML, like Gecko) Chrome/73.0.3683.86 Safari/537.36 [] {"uid":"36ef6fa"}
[2019-06-13 15:42:30] UTN FRA LOGGER.INFO: ip =::1 [] {"uid":"36ef6fa"}
[2019-06-13 15:45:52] UTN FRA LOGGER.INFO: Datos  =Mozilla/5.0 (X11; Linux x86_64) AppleWebKit/537.36 (KHTML, like Gecko) Chrome/73.0.3683.86 Safari/537.36 [] {"uid":"452e00c"}
[2019-06-13 15:45:52] UTN FRA LOGGER.INFO: ip =::1 [] {"uid":"452e00c"}
[2019-06-13 15:46:48] UTN FRA LOGGER.INFO: Datos  =Mozilla/5.0 (X11; Linux x86_64) AppleWebKit/537.36 (KHTML, like Gecko) Chrome/73.0.3683.86 Safari/537.36 [] {"uid":"accaf17"}
[2019-06-13 15:46:48] UTN FRA LOGGER.INFO: ip =::1 [] {"uid":"accaf17"}
[2019-06-13 15:46:49] UTN FRA LOGGER.INFO: Datos  =Mozilla/5.0 (X11; Linux x86_64) AppleWebKit/537.36 (KHTML, like Gecko) Chrome/73.0.3683.86 Safari/537.36 [] {"uid":"2977b9f"}
[2019-06-13 15:46:49] UTN FRA LOGGER.INFO: ip =::1 [] {"uid":"2977b9f"}
[2019-06-13 15:46:50] UTN FRA LOGGER.INFO: Datos  =Mozilla/5.0 (X11; Linux x86_64) AppleWebKit/537.36 (KHTML, like Gecko) Chrome/73.0.3683.86 Safari/537.36 [] {"uid":"5b1fbcd"}
[2019-06-13 15:46:50] UTN FRA LOGGER.INFO: ip =::1 [] {"uid":"5b1fbcd"}
[2019-06-13 15:47:05] UTN FRA LOGGER.INFO: Datos  =Mozilla/5.0 (X11; Linux x86_64) AppleWebKit/537.36 (KHTML, like Gecko) Chrome/73.0.3683.86 Safari/537.36 [] {"uid":"618e906"}
[2019-06-13 15:47:05] UTN FRA LOGGER.INFO: ip =::1 [] {"uid":"618e906"}
[2019-06-13 15:47:10] UTN FRA LOGGER.INFO: Datos  =Mozilla/5.0 (X11; Linux x86_64) AppleWebKit/537.36 (KHTML, like Gecko) Chrome/73.0.3683.86 Safari/537.36 [] {"uid":"e6f850c"}
[2019-06-13 15:47:10] UTN FRA LOGGER.INFO: ip =::1 [] {"uid":"e6f850c"}
[2019-06-13 15:47:16] UTN FRA LOGGER.INFO: Datos  =Mozilla/5.0 (X11; Linux x86_64) AppleWebKit/537.36 (KHTML, like Gecko) Chrome/73.0.3683.86 Safari/537.36 [] {"uid":"6080469"}
[2019-06-13 15:47:16] UTN FRA LOGGER.INFO: ip =::1 [] {"uid":"6080469"}
[2019-06-13 15:47:52] UTN FRA LOGGER.INFO: Datos  =Mozilla/5.0 (X11; Linux x86_64) AppleWebKit/537.36 (KHTML, like Gecko) Chrome/73.0.3683.86 Safari/537.36 [] {"uid":"be829a8"}
[2019-06-13 15:47:52] UTN FRA LOGGER.INFO: ip =::1 [] {"uid":"be829a8"}
[2019-06-13 15:47:55] UTN FRA LOGGER.INFO: Datos  =Mozilla/5.0 (X11; Linux x86_64) AppleWebKit/537.36 (KHTML, like Gecko) Chrome/73.0.3683.86 Safari/537.36 [] {"uid":"8f497ca"}
[2019-06-13 15:47:55] UTN FRA LOGGER.INFO: ip =::1 [] {"uid":"8f497ca"}
[2019-06-13 15:48:12] UTN FRA LOGGER.INFO: Datos  =Mozilla/5.0 (X11; Linux x86_64) AppleWebKit/537.36 (KHTML, like Gecko) Chrome/73.0.3683.86 Safari/537.36 [] {"uid":"9e48c5a"}
[2019-06-13 15:48:12] UTN FRA LOGGER.INFO: ip =::1 [] {"uid":"9e48c5a"}
[2019-06-13 15:48:15] UTN FRA LOGGER.INFO: Datos  =Mozilla/5.0 (X11; Linux x86_64) AppleWebKit/537.36 (KHTML, like Gecko) Chrome/73.0.3683.86 Safari/537.36 [] {"uid":"b916695"}
[2019-06-13 15:48:15] UTN FRA LOGGER.INFO: ip =::1 [] {"uid":"b916695"}
[2019-06-13 15:50:55] UTN FRA LOGGER.INFO: Datos  =Mozilla/5.0 (X11; Linux x86_64) AppleWebKit/537.36 (KHTML, like Gecko) Chrome/73.0.3683.86 Safari/537.36 [] {"uid":"1dd5fc6"}
[2019-06-13 15:50:55] UTN FRA LOGGER.INFO: ip =::1 [] {"uid":"1dd5fc6"}
[2019-06-13 15:51:28] UTN FRA LOGGER.INFO: Datos  =Mozilla/5.0 (X11; Linux x86_64) AppleWebKit/537.36 (KHTML, like Gecko) Chrome/73.0.3683.86 Safari/537.36 [] {"uid":"458c08c"}
[2019-06-13 15:51:28] UTN FRA LOGGER.INFO: ip =::1 [] {"uid":"458c08c"}
[2019-06-13 15:51:33] UTN FRA LOGGER.INFO: Datos  =Mozilla/5.0 (X11; Linux x86_64) AppleWebKit/537.36 (KHTML, like Gecko) Chrome/73.0.3683.86 Safari/537.36 [] {"uid":"c57b200"}
[2019-06-13 15:51:33] UTN FRA LOGGER.INFO: ip =::1 [] {"uid":"c57b200"}
[2019-06-13 15:53:23] UTN FRA LOGGER.INFO: Datos  =Mozilla/5.0 (X11; Linux x86_64) AppleWebKit/537.36 (KHTML, like Gecko) Chrome/73.0.3683.86 Safari/537.36 [] {"uid":"903207f"}
[2019-06-13 15:53:23] UTN FRA LOGGER.INFO: ip =::1 [] {"uid":"903207f"}
[2019-06-13 15:53:26] UTN FRA LOGGER.INFO: Datos  =Mozilla/5.0 (X11; Linux x86_64) AppleWebKit/537.36 (KHTML, like Gecko) Chrome/73.0.3683.86 Safari/537.36 [] {"uid":"3a71660"}
[2019-06-13 15:53:26] UTN FRA LOGGER.INFO: ip =::1 [] {"uid":"3a71660"}
[2019-06-13 15:54:00] UTN FRA LOGGER.INFO: Datos  =Mozilla/5.0 (X11; Linux x86_64) AppleWebKit/537.36 (KHTML, like Gecko) Chrome/73.0.3683.86 Safari/537.36 [] {"uid":"b363313"}
[2019-06-13 15:54:00] UTN FRA LOGGER.INFO: ip =::1 [] {"uid":"b363313"}
[2019-06-13 15:54:01] UTN FRA LOGGER.INFO: Datos  =Mozilla/5.0 (X11; Linux x86_64) AppleWebKit/537.36 (KHTML, like Gecko) Chrome/73.0.3683.86 Safari/537.36 [] {"uid":"a1ab03e"}
[2019-06-13 15:54:01] UTN FRA LOGGER.INFO: ip =::1 [] {"uid":"a1ab03e"}
[2019-06-13 15:54:01] UTN FRA LOGGER.INFO: Datos  =Mozilla/5.0 (X11; Linux x86_64) AppleWebKit/537.36 (KHTML, like Gecko) Chrome/73.0.3683.86 Safari/537.36 [] {"uid":"74bb1fc"}
[2019-06-13 15:54:01] UTN FRA LOGGER.INFO: ip =::1 [] {"uid":"74bb1fc"}
[2019-06-13 15:54:01] UTN FRA LOGGER.INFO: Datos  =Mozilla/5.0 (X11; Linux x86_64) AppleWebKit/537.36 (KHTML, like Gecko) Chrome/73.0.3683.86 Safari/537.36 [] {"uid":"e07b9d7"}
[2019-06-13 15:54:01] UTN FRA LOGGER.INFO: ip =::1 [] {"uid":"e07b9d7"}
[2019-06-13 15:54:01] UTN FRA LOGGER.INFO: Datos  =Mozilla/5.0 (X11; Linux x86_64) AppleWebKit/537.36 (KHTML, like Gecko) Chrome/73.0.3683.86 Safari/537.36 [] {"uid":"b3e7a0b"}
[2019-06-13 15:54:01] UTN FRA LOGGER.INFO: ip =::1 [] {"uid":"b3e7a0b"}
[2019-06-13 15:54:02] UTN FRA LOGGER.INFO: Datos  =Mozilla/5.0 (X11; Linux x86_64) AppleWebKit/537.36 (KHTML, like Gecko) Chrome/73.0.3683.86 Safari/537.36 [] {"uid":"e6fa77e"}
[2019-06-13 15:54:02] UTN FRA LOGGER.INFO: ip =::1 [] {"uid":"e6fa77e"}
[2019-06-13 15:54:02] UTN FRA LOGGER.INFO: Datos  =Mozilla/5.0 (X11; Linux x86_64) AppleWebKit/537.36 (KHTML, like Gecko) Chrome/73.0.3683.86 Safari/537.36 [] {"uid":"262fbd8"}
[2019-06-13 15:54:02] UTN FRA LOGGER.INFO: ip =::1 [] {"uid":"262fbd8"}
[2019-06-13 15:54:29] UTN FRA LOGGER.INFO: Datos  =Mozilla/5.0 (X11; Linux x86_64) AppleWebKit/537.36 (KHTML, like Gecko) Chrome/73.0.3683.86 Safari/537.36 [] {"uid":"69026c5"}
[2019-06-13 15:54:29] UTN FRA LOGGER.INFO: ip =::1 [] {"uid":"69026c5"}
[2019-06-13 15:54:53] UTN FRA LOGGER.INFO: Datos  =Mozilla/5.0 (X11; Linux x86_64) AppleWebKit/537.36 (KHTML, like Gecko) Chrome/73.0.3683.86 Safari/537.36 [] {"uid":"7f80bac"}
[2019-06-13 15:54:53] UTN FRA LOGGER.INFO: ip =::1 [] {"uid":"7f80bac"}
[2019-06-13 16:14:20] UTN FRA LOGGER.INFO: Datos  =PostmanRuntime/7.1.1 [] {"uid":"f37f107"}
[2019-06-13 16:14:20] UTN FRA LOGGER.INFO: ip =::1 [] {"uid":"f37f107"}
[2019-06-13 16:14:25] UTN FRA LOGGER.INFO: Datos  =PostmanRuntime/7.1.1 [] {"uid":"f86c548"}
[2019-06-13 16:14:25] UTN FRA LOGGER.INFO: ip =::1 [] {"uid":"f86c548"}
[2019-06-13 16:16:52] UTN FRA LOGGER.INFO: Datos  =PostmanRuntime/7.1.1 [] {"uid":"cfce916"}
[2019-06-13 16:16:52] UTN FRA LOGGER.INFO: ip =::1 [] {"uid":"cfce916"}
[2019-06-13 16:16:56] UTN FRA LOGGER.INFO: Datos  =PostmanRuntime/7.1.1 [] {"uid":"24b074c"}
[2019-06-13 16:16:56] UTN FRA LOGGER.INFO: ip =::1 [] {"uid":"24b074c"}
[2019-06-13 16:17:07] UTN FRA LOGGER.INFO: Datos  =PostmanRuntime/7.1.1 [] {"uid":"fecc8fc"}
[2019-06-13 16:17:07] UTN FRA LOGGER.INFO: ip =::1 [] {"uid":"fecc8fc"}
[2019-06-13 16:19:09] UTN FRA LOGGER.INFO: Datos  =Mozilla/5.0 (X11; Linux x86_64) AppleWebKit/537.36 (KHTML, like Gecko) Chrome/73.0.3683.86 Safari/537.36 [] {"uid":"e2193d4"}
[2019-06-13 16:19:09] UTN FRA LOGGER.INFO: ip =::1 [] {"uid":"e2193d4"}
[2019-06-13 16:19:58] UTN FRA LOGGER.INFO: Datos  =Mozilla/5.0 (X11; Linux x86_64) AppleWebKit/537.36 (KHTML, like Gecko) Chrome/73.0.3683.86 Safari/537.36 [] {"uid":"d83d781"}
[2019-06-13 16:19:58] UTN FRA LOGGER.INFO: ip =::1 [] {"uid":"d83d781"}
[2019-06-13 16:20:00] UTN FRA LOGGER.INFO: Datos  =Mozilla/5.0 (X11; Linux x86_64) AppleWebKit/537.36 (KHTML, like Gecko) Chrome/73.0.3683.86 Safari/537.36 [] {"uid":"89e32cc"}
[2019-06-13 16:20:00] UTN FRA LOGGER.INFO: ip =::1 [] {"uid":"89e32cc"}
[2019-06-13 16:20:32] UTN FRA LOGGER.INFO: Datos  =Mozilla/5.0 (X11; Linux x86_64) AppleWebKit/537.36 (KHTML, like Gecko) Chrome/73.0.3683.86 Safari/537.36 [] {"uid":"434586f"}
[2019-06-13 16:20:32] UTN FRA LOGGER.INFO: ip =::1 [] {"uid":"434586f"}
[2019-06-13 16:20:40] UTN FRA LOGGER.INFO: Datos  =PostmanRuntime/7.1.1 [] {"uid":"87cac8e"}
[2019-06-13 16:20:40] UTN FRA LOGGER.INFO: ip =::1 [] {"uid":"87cac8e"}
[2019-11-06 13:49:50] UTN FRA LOGGER.INFO: Datos  =Mozilla/5.0 (Windows NT 6.1; Win64; x64) AppleWebKit/537.36 (KHTML, like Gecko) Chrome/78.0.3904.87 Safari/537.36 [] {"uid":"7db4d77"}
[2019-11-06 13:49:50] UTN FRA LOGGER.INFO: ip =::1 [] {"uid":"7db4d77"}
[2019-11-06 13:49:55] UTN FRA LOGGER.INFO: Datos  =Mozilla/5.0 (Windows NT 6.1; Win64; x64) AppleWebKit/537.36 (KHTML, like Gecko) Chrome/78.0.3904.87 Safari/537.36 [] {"uid":"ad5a8f1"}
[2019-11-06 13:49:55] UTN FRA LOGGER.INFO: ip =::1 [] {"uid":"ad5a8f1"}
[2019-11-06 13:50:10] UTN FRA LOGGER.INFO: Datos  =Mozilla/5.0 (Windows NT 6.1; Win64; x64) AppleWebKit/537.36 (KHTML, like Gecko) Chrome/78.0.3904.87 Safari/537.36 [] {"uid":"c4222cc"}
[2019-11-06 13:50:10] UTN FRA LOGGER.INFO: ip =::1 [] {"uid":"c4222cc"}
[2019-11-06 13:50:42] UTN FRA LOGGER.INFO: Datos  =Mozilla/5.0 (Windows NT 6.1; Win64; x64) AppleWebKit/537.36 (KHTML, like Gecko) Chrome/78.0.3904.87 Safari/537.36 [] {"uid":"db8e087"}
[2019-11-06 13:50:42] UTN FRA LOGGER.INFO: ip =::1 [] {"uid":"db8e087"}
[2019-11-06 13:51:04] UTN FRA LOGGER.INFO: Datos  =Mozilla/5.0 (Windows NT 6.1; Win64; x64) AppleWebKit/537.36 (KHTML, like Gecko) Chrome/78.0.3904.87 Safari/537.36 [] {"uid":"7d5502e"}
[2019-11-06 13:51:04] UTN FRA LOGGER.INFO: ip =::1 [] {"uid":"7d5502e"}
[2019-11-06 13:51:33] UTN FRA LOGGER.INFO: Datos  =Mozilla/5.0 (Windows NT 6.1; Win64; x64) AppleWebKit/537.36 (KHTML, like Gecko) Chrome/78.0.3904.87 Safari/537.36 [] {"uid":"0bea1bf"}
[2019-11-06 13:51:33] UTN FRA LOGGER.INFO: ip =::1 [] {"uid":"0bea1bf"}
[2019-11-06 13:52:02] UTN FRA LOGGER.INFO: Datos  =Mozilla/5.0 (Windows NT 6.1; Win64; x64) AppleWebKit/537.36 (KHTML, like Gecko) Chrome/78.0.3904.87 Safari/537.36 [] {"uid":"bb89242"}
[2019-11-06 13:52:02] UTN FRA LOGGER.INFO: ip =::1 [] {"uid":"bb89242"}
[2019-11-06 13:59:04] UTN FRA LOGGER.INFO: Datos  =Mozilla/5.0 (Windows NT 6.1; Win64; x64) AppleWebKit/537.36 (KHTML, like Gecko) Chrome/78.0.3904.87 Safari/537.36 [] {"uid":"2062da6"}
[2019-11-06 13:59:04] UTN FRA LOGGER.INFO: ip =::1 [] {"uid":"2062da6"}
[2019-11-06 13:59:34] UTN FRA LOGGER.INFO: Datos  =Mozilla/5.0 (Windows NT 6.1; Win64; x64) AppleWebKit/537.36 (KHTML, like Gecko) Chrome/78.0.3904.87 Safari/537.36 [] {"uid":"d8f8960"}
[2019-11-06 13:59:34] UTN FRA LOGGER.INFO: ip =::1 [] {"uid":"d8f8960"}
[2019-11-06 13:59:37] UTN FRA LOGGER.INFO: Datos  =Mozilla/5.0 (Windows NT 6.1; Win64; x64) AppleWebKit/537.36 (KHTML, like Gecko) Chrome/78.0.3904.87 Safari/537.36 [] {"uid":"719882b"}
[2019-11-06 13:59:37] UTN FRA LOGGER.INFO: ip =::1 [] {"uid":"719882b"}
[2019-11-06 13:59:49] UTN FRA LOGGER.INFO: Datos  =Mozilla/5.0 (Windows NT 6.1; Win64; x64) AppleWebKit/537.36 (KHTML, like Gecko) Chrome/78.0.3904.87 Safari/537.36 [] {"uid":"d92d2f9"}
[2019-11-06 13:59:49] UTN FRA LOGGER.INFO: ip =::1 [] {"uid":"d92d2f9"}
[2019-11-06 14:00:34] UTN FRA LOGGER.INFO: Datos  =Mozilla/5.0 (Windows NT 6.1; Win64; x64) AppleWebKit/537.36 (KHTML, like Gecko) Chrome/78.0.3904.87 Safari/537.36 [] {"uid":"92e2958"}
[2019-11-06 14:00:34] UTN FRA LOGGER.INFO: ip =::1 [] {"uid":"92e2958"}
[2019-11-06 14:09:00] UTN FRA LOGGER.INFO: Datos  =Mozilla/5.0 (Windows NT 6.1; Win64; x64) AppleWebKit/537.36 (KHTML, like Gecko) Chrome/78.0.3904.87 Safari/537.36 [] {"uid":"90ee2e3"}
[2019-11-06 14:09:00] UTN FRA LOGGER.INFO: ip =::1 [] {"uid":"90ee2e3"}
[2019-11-06 14:09:54] UTN FRA LOGGER.INFO: Datos  =Mozilla/5.0 (Windows NT 6.1; Win64; x64) AppleWebKit/537.36 (KHTML, like Gecko) Chrome/78.0.3904.87 Safari/537.36 [] {"uid":"cb6b488"}
[2019-11-06 14:09:54] UTN FRA LOGGER.INFO: ip =::1 [] {"uid":"cb6b488"}
[2019-11-06 14:33:46] UTN FRA LOGGER.INFO: Datos  =Mozilla/5.0 (Windows NT 6.1; Win64; x64) AppleWebKit/537.36 (KHTML, like Gecko) Chrome/78.0.3904.87 Safari/537.36 [] {"uid":"e266866"}
[2019-11-06 14:33:46] UTN FRA LOGGER.INFO: ip =::1 [] {"uid":"e266866"}
[2019-11-06 14:33:51] UTN FRA LOGGER.INFO: Datos  =Mozilla/5.0 (Windows NT 6.1; Win64; x64) AppleWebKit/537.36 (KHTML, like Gecko) Chrome/78.0.3904.87 Safari/537.36 [] {"uid":"d5ca4a4"}
[2019-11-06 14:33:51] UTN FRA LOGGER.INFO: ip =::1 [] {"uid":"d5ca4a4"}
[2019-11-06 14:34:05] UTN FRA LOGGER.INFO: Datos  =Mozilla/5.0 (Windows NT 6.1; Win64; x64) AppleWebKit/537.36 (KHTML, like Gecko) Chrome/78.0.3904.87 Safari/537.36 [] {"uid":"d5cc404"}
[2019-11-06 14:34:05] UTN FRA LOGGER.INFO: ip =::1 [] {"uid":"d5cc404"}
[2019-11-06 14:35:22] UTN FRA LOGGER.INFO: Datos  =Mozilla/5.0 (Windows NT 6.1; Win64; x64) AppleWebKit/537.36 (KHTML, like Gecko) Chrome/78.0.3904.87 Safari/537.36 [] {"uid":"f6f3c83"}
[2019-11-06 14:35:22] UTN FRA LOGGER.INFO: ip =::1 [] {"uid":"f6f3c83"}
[2019-11-06 14:35:45] UTN FRA LOGGER.INFO: Datos  =Mozilla/5.0 (Windows NT 6.1; Win64; x64) AppleWebKit/537.36 (KHTML, like Gecko) Chrome/78.0.3904.87 Safari/537.36 [] {"uid":"9fdd0fc"}
[2019-11-06 14:35:45] UTN FRA LOGGER.INFO: ip =::1 [] {"uid":"9fdd0fc"}
[2019-11-06 14:36:09] UTN FRA LOGGER.INFO: Datos  =Mozilla/5.0 (Windows NT 6.1; Win64; x64) AppleWebKit/537.36 (KHTML, like Gecko) Chrome/78.0.3904.87 Safari/537.36 [] {"uid":"a2bdb5d"}
[2019-11-06 14:36:09] UTN FRA LOGGER.INFO: ip =::1 [] {"uid":"a2bdb5d"}
[2019-11-06 14:38:22] UTN FRA LOGGER.INFO: Datos  =Mozilla/5.0 (Windows NT 6.1; Win64; x64) AppleWebKit/537.36 (KHTML, like Gecko) Chrome/78.0.3904.87 Safari/537.36 [] {"uid":"89d7d67"}
[2019-11-06 14:38:22] UTN FRA LOGGER.INFO: ip =::1 [] {"uid":"89d7d67"}
[2019-11-06 14:38:47] UTN FRA LOGGER.INFO: Datos  =Mozilla/5.0 (Windows NT 6.1; Win64; x64) AppleWebKit/537.36 (KHTML, like Gecko) Chrome/78.0.3904.87 Safari/537.36 [] {"uid":"4ea1bfd"}
[2019-11-06 14:38:47] UTN FRA LOGGER.INFO: ip =::1 [] {"uid":"4ea1bfd"}
[2019-11-06 14:41:27] UTN FRA LOGGER.INFO: Datos  =Mozilla/5.0 (Windows NT 6.1; Win64; x64) AppleWebKit/537.36 (KHTML, like Gecko) Chrome/78.0.3904.87 Safari/537.36 [] {"uid":"66cd802"}
[2019-11-06 14:41:27] UTN FRA LOGGER.INFO: ip =::1 [] {"uid":"66cd802"}
[2019-11-06 14:41:35] UTN FRA LOGGER.INFO: Datos  =Mozilla/5.0 (Windows NT 6.1; Win64; x64) AppleWebKit/537.36 (KHTML, like Gecko) Chrome/78.0.3904.87 Safari/537.36 [] {"uid":"5e2691f"}
[2019-11-06 14:41:35] UTN FRA LOGGER.INFO: ip =::1 [] {"uid":"5e2691f"}
[2019-11-06 14:42:18] UTN FRA LOGGER.INFO: Datos  =Mozilla/5.0 (Windows NT 6.1; Win64; x64) AppleWebKit/537.36 (KHTML, like Gecko) Chrome/78.0.3904.87 Safari/537.36 [] {"uid":"5e93751"}
[2019-11-06 14:42:18] UTN FRA LOGGER.INFO: ip =::1 [] {"uid":"5e93751"}
[2019-11-06 14:44:00] UTN FRA LOGGER.INFO: Datos  =Mozilla/5.0 (Windows NT 6.1; Win64; x64) AppleWebKit/537.36 (KHTML, like Gecko) Chrome/78.0.3904.87 Safari/537.36 [] {"uid":"216fae9"}
[2019-11-06 14:44:00] UTN FRA LOGGER.INFO: ip =::1 [] {"uid":"216fae9"}
[2019-11-06 14:44:17] UTN FRA LOGGER.INFO: Datos  =Mozilla/5.0 (Windows NT 6.1; Win64; x64) AppleWebKit/537.36 (KHTML, like Gecko) Chrome/78.0.3904.87 Safari/537.36 [] {"uid":"8b355ed"}
[2019-11-06 14:44:17] UTN FRA LOGGER.INFO: ip =::1 [] {"uid":"8b355ed"}
[2019-11-06 14:44:29] UTN FRA LOGGER.INFO: Datos  =Mozilla/5.0 (Windows NT 6.1; Win64; x64) AppleWebKit/537.36 (KHTML, like Gecko) Chrome/78.0.3904.87 Safari/537.36 [] {"uid":"7b04a3d"}
[2019-11-06 14:44:29] UTN FRA LOGGER.INFO: ip =::1 [] {"uid":"7b04a3d"}
[2019-11-06 14:44:50] UTN FRA LOGGER.INFO: Datos  =Mozilla/5.0 (Windows NT 6.1; Win64; x64) AppleWebKit/537.36 (KHTML, like Gecko) Chrome/78.0.3904.87 Safari/537.36 [] {"uid":"2f87125"}
[2019-11-06 14:44:50] UTN FRA LOGGER.INFO: ip =::1 [] {"uid":"2f87125"}
[2019-11-06 14:44:53] UTN FRA LOGGER.INFO: Datos  =Mozilla/5.0 (Windows NT 6.1; Win64; x64) AppleWebKit/537.36 (KHTML, like Gecko) Chrome/78.0.3904.87 Safari/537.36 [] {"uid":"7d8c107"}
[2019-11-06 14:44:53] UTN FRA LOGGER.INFO: ip =::1 [] {"uid":"7d8c107"}
[2019-11-06 14:45:33] UTN FRA LOGGER.INFO: Datos  =PostmanRuntime/7.19.0 [] {"uid":"f6aad8e"}
[2019-11-06 14:45:33] UTN FRA LOGGER.INFO: ip =::1 [] {"uid":"f6aad8e"}
[2019-11-06 14:45:42] UTN FRA LOGGER.INFO: Datos  =PostmanRuntime/7.19.0 [] {"uid":"f68b8ff"}
[2019-11-06 14:45:42] UTN FRA LOGGER.INFO: ip =::1 [] {"uid":"f68b8ff"}
[2019-11-06 15:00:52] UTN FRA LOGGER.INFO: Datos  =PostmanRuntime/7.19.0 [] {"uid":"dbfdc38"}
[2019-11-06 15:00:52] UTN FRA LOGGER.INFO: ip =::1 [] {"uid":"dbfdc38"}
[2019-11-06 15:01:16] UTN FRA LOGGER.INFO: Datos  =PostmanRuntime/7.19.0 [] {"uid":"7d8cda6"}
[2019-11-06 15:01:16] UTN FRA LOGGER.INFO: ip =::1 [] {"uid":"7d8cda6"}
[2019-11-06 15:01:47] UTN FRA LOGGER.INFO: Datos  =PostmanRuntime/7.19.0 [] {"uid":"405298b"}
[2019-11-06 15:01:47] UTN FRA LOGGER.INFO: ip =::1 [] {"uid":"405298b"}
[2019-11-06 15:01:56] UTN FRA LOGGER.INFO: Datos  =PostmanRuntime/7.19.0 [] {"uid":"88784c8"}
[2019-11-06 15:01:56] UTN FRA LOGGER.INFO: ip =::1 [] {"uid":"88784c8"}
[2019-11-06 15:02:02] UTN FRA LOGGER.INFO: Datos  =PostmanRuntime/7.19.0 [] {"uid":"6815b9f"}
[2019-11-06 15:02:02] UTN FRA LOGGER.INFO: ip =::1 [] {"uid":"6815b9f"}
[2019-11-06 15:22:52] UTN FRA LOGGER.INFO: Datos  =PostmanRuntime/7.19.0 [] {"uid":"d014de0"}
[2019-11-06 15:22:52] UTN FRA LOGGER.INFO: ip =::1 [] {"uid":"d014de0"}
[2019-11-06 15:25:01] UTN FRA LOGGER.INFO: Datos  =PostmanRuntime/7.19.0 [] {"uid":"b0598a0"}
[2019-11-06 15:25:01] UTN FRA LOGGER.INFO: ip =::1 [] {"uid":"b0598a0"}
[2019-11-06 15:25:20] UTN FRA LOGGER.INFO: Datos  =PostmanRuntime/7.19.0 [] {"uid":"3737834"}
[2019-11-06 15:25:20] UTN FRA LOGGER.INFO: ip =::1 [] {"uid":"3737834"}
[2019-11-06 15:26:10] UTN FRA LOGGER.INFO: Datos  =PostmanRuntime/7.19.0 [] {"uid":"f6603a7"}
[2019-11-06 15:26:10] UTN FRA LOGGER.INFO: ip =::1 [] {"uid":"f6603a7"}
[2019-11-06 15:26:54] UTN FRA LOGGER.INFO: Datos  =PostmanRuntime/7.19.0 [] {"uid":"b39ce92"}
[2019-11-06 15:26:54] UTN FRA LOGGER.INFO: ip =::1 [] {"uid":"b39ce92"}
[2019-11-06 15:27:15] UTN FRA LOGGER.INFO: Datos  =PostmanRuntime/7.19.0 [] {"uid":"81c6c62"}
[2019-11-06 15:27:15] UTN FRA LOGGER.INFO: ip =::1 [] {"uid":"81c6c62"}
[2019-11-06 15:28:53] UTN FRA LOGGER.INFO: Datos  =PostmanRuntime/7.19.0 [] {"uid":"53d882e"}
[2019-11-06 15:28:53] UTN FRA LOGGER.INFO: ip =::1 [] {"uid":"53d882e"}
[2019-11-06 15:29:40] UTN FRA LOGGER.INFO: Datos  =PostmanRuntime/7.19.0 [] {"uid":"354b768"}
[2019-11-06 15:29:40] UTN FRA LOGGER.INFO: ip =::1 [] {"uid":"354b768"}
[2019-11-06 15:29:45] UTN FRA LOGGER.INFO: Datos  =PostmanRuntime/7.19.0 [] {"uid":"493b26b"}
[2019-11-06 15:29:45] UTN FRA LOGGER.INFO: ip =::1 [] {"uid":"493b26b"}
[2019-11-06 15:38:40] UTN FRA LOGGER.INFO: Datos  =PostmanRuntime/7.19.0 [] {"uid":"d14dd1b"}
[2019-11-06 15:38:40] UTN FRA LOGGER.INFO: ip =::1 [] {"uid":"d14dd1b"}
[2019-11-06 15:39:51] UTN FRA LOGGER.INFO: Datos  =PostmanRuntime/7.19.0 [] {"uid":"38d37d0"}
[2019-11-06 15:39:51] UTN FRA LOGGER.INFO: ip =::1 [] {"uid":"38d37d0"}
[2019-11-06 15:40:31] UTN FRA LOGGER.INFO: Datos  =PostmanRuntime/7.19.0 [] {"uid":"bc37de6"}
[2019-11-06 15:40:31] UTN FRA LOGGER.INFO: ip =::1 [] {"uid":"bc37de6"}
[2019-11-06 15:41:51] UTN FRA LOGGER.INFO: Datos  =PostmanRuntime/7.19.0 [] {"uid":"dd3a0fd"}
[2019-11-06 15:41:51] UTN FRA LOGGER.INFO: ip =::1 [] {"uid":"dd3a0fd"}
[2019-11-06 15:42:09] UTN FRA LOGGER.INFO: Datos  =PostmanRuntime/7.19.0 [] {"uid":"a7b4436"}
[2019-11-06 15:42:09] UTN FRA LOGGER.INFO: ip =::1 [] {"uid":"a7b4436"}
[2019-11-06 15:42:29] UTN FRA LOGGER.INFO: Datos  =PostmanRuntime/7.19.0 [] {"uid":"e27513a"}
[2019-11-06 15:42:29] UTN FRA LOGGER.INFO: ip =::1 [] {"uid":"e27513a"}
[2019-11-06 15:44:48] UTN FRA LOGGER.INFO: Datos  =PostmanRuntime/7.19.0 [] {"uid":"d61245f"}
[2019-11-06 15:44:48] UTN FRA LOGGER.INFO: ip =::1 [] {"uid":"d61245f"}
[2019-11-06 15:45:22] UTN FRA LOGGER.INFO: Datos  =PostmanRuntime/7.19.0 [] {"uid":"9e53d11"}
[2019-11-06 15:45:22] UTN FRA LOGGER.INFO: ip =::1 [] {"uid":"9e53d11"}
[2019-11-06 15:46:24] UTN FRA LOGGER.INFO: Datos  =PostmanRuntime/7.19.0 [] {"uid":"673f04a"}
[2019-11-06 15:46:24] UTN FRA LOGGER.INFO: ip =::1 [] {"uid":"673f04a"}
[2019-11-06 15:56:52] UTN FRA LOGGER.INFO: Datos  =PostmanRuntime/7.19.0 [] {"uid":"cd0da65"}
[2019-11-06 15:56:52] UTN FRA LOGGER.INFO: ip =::1 [] {"uid":"cd0da65"}
[2019-11-06 16:01:34] UTN FRA LOGGER.INFO: Datos  =PostmanRuntime/7.19.0 [] {"uid":"d2478d2"}
[2019-11-06 16:01:34] UTN FRA LOGGER.INFO: ip =::1 [] {"uid":"d2478d2"}
[2019-11-06 16:04:56] UTN FRA LOGGER.INFO: Datos  =PostmanRuntime/7.19.0 [] {"uid":"dab3e56"}
[2019-11-06 16:04:56] UTN FRA LOGGER.INFO: ip =::1 [] {"uid":"dab3e56"}
[2019-11-06 16:05:51] UTN FRA LOGGER.INFO: Datos  =PostmanRuntime/7.19.0 [] {"uid":"20eed2d"}
[2019-11-06 16:05:51] UTN FRA LOGGER.INFO: ip =::1 [] {"uid":"20eed2d"}
[2019-11-06 16:13:15] UTN FRA LOGGER.INFO: Datos  =PostmanRuntime/7.19.0 [] {"uid":"6437f91"}
[2019-11-06 16:13:15] UTN FRA LOGGER.INFO: ip =::1 [] {"uid":"6437f91"}
[2019-11-06 16:14:40] UTN FRA LOGGER.INFO: Datos  =PostmanRuntime/7.19.0 [] {"uid":"e26cad9"}
[2019-11-06 16:14:40] UTN FRA LOGGER.INFO: ip =::1 [] {"uid":"e26cad9"}
[2019-11-06 16:26:52] UTN FRA LOGGER.INFO: Datos  =PostmanRuntime/7.19.0 [] {"uid":"75df4d2"}
[2019-11-06 16:26:52] UTN FRA LOGGER.INFO: ip =::1 [] {"uid":"75df4d2"}
[2019-11-06 16:29:11] UTN FRA LOGGER.INFO: Datos  =PostmanRuntime/7.19.0 [] {"uid":"84e5ded"}
[2019-11-06 16:29:11] UTN FRA LOGGER.INFO: ip =::1 [] {"uid":"84e5ded"}
[2019-11-06 16:30:03] UTN FRA LOGGER.INFO: Datos  =PostmanRuntime/7.19.0 [] {"uid":"3083973"}
[2019-11-06 16:30:03] UTN FRA LOGGER.INFO: ip =::1 [] {"uid":"3083973"}
[2019-11-06 16:34:03] UTN FRA LOGGER.INFO: Datos  =PostmanRuntime/7.19.0 [] {"uid":"0ea1a75"}
[2019-11-06 16:34:03] UTN FRA LOGGER.INFO: ip =::1 [] {"uid":"0ea1a75"}
[2019-11-06 16:35:05] UTN FRA LOGGER.INFO: Datos  =PostmanRuntime/7.19.0 [] {"uid":"f6fe40e"}
[2019-11-06 16:35:05] UTN FRA LOGGER.INFO: ip =::1 [] {"uid":"f6fe40e"}
[2019-11-06 16:38:12] UTN FRA LOGGER.INFO: Datos  =PostmanRuntime/7.19.0 [] {"uid":"f51abfc"}
[2019-11-06 16:38:12] UTN FRA LOGGER.INFO: ip =::1 [] {"uid":"f51abfc"}
[2019-11-06 16:40:24] UTN FRA LOGGER.INFO: Datos  =PostmanRuntime/7.19.0 [] {"uid":"7cfc75d"}
[2019-11-06 16:40:24] UTN FRA LOGGER.INFO: ip =::1 [] {"uid":"7cfc75d"}
[2019-11-06 16:44:48] UTN FRA LOGGER.INFO: Datos  =PostmanRuntime/7.19.0 [] {"uid":"33ddc1d"}
[2019-11-06 16:44:48] UTN FRA LOGGER.INFO: ip =::1 [] {"uid":"33ddc1d"}
[2019-11-06 16:45:04] UTN FRA LOGGER.INFO: Datos  =PostmanRuntime/7.19.0 [] {"uid":"d4ea270"}
[2019-11-06 16:45:04] UTN FRA LOGGER.INFO: ip =::1 [] {"uid":"d4ea270"}
[2019-11-06 16:46:07] UTN FRA LOGGER.INFO: Datos  =PostmanRuntime/7.19.0 [] {"uid":"a114361"}
[2019-11-06 16:46:07] UTN FRA LOGGER.INFO: ip =::1 [] {"uid":"a114361"}
[2019-11-06 16:46:56] UTN FRA LOGGER.INFO: Datos  =PostmanRuntime/7.19.0 [] {"uid":"c9a4fd9"}
[2019-11-06 16:46:56] UTN FRA LOGGER.INFO: ip =::1 [] {"uid":"c9a4fd9"}
[2019-11-06 16:47:13] UTN FRA LOGGER.INFO: Datos  =PostmanRuntime/7.19.0 [] {"uid":"ed765b2"}
[2019-11-06 16:47:13] UTN FRA LOGGER.INFO: ip =::1 [] {"uid":"ed765b2"}
[2019-11-06 16:47:47] UTN FRA LOGGER.INFO: Datos  =PostmanRuntime/7.19.0 [] {"uid":"85599ec"}
[2019-11-06 16:47:47] UTN FRA LOGGER.INFO: ip =::1 [] {"uid":"85599ec"}
[2019-11-06 16:48:36] UTN FRA LOGGER.INFO: Datos  =PostmanRuntime/7.19.0 [] {"uid":"89060dd"}
[2019-11-06 16:48:36] UTN FRA LOGGER.INFO: ip =::1 [] {"uid":"89060dd"}
[2019-11-06 17:11:01] UTN FRA LOGGER.INFO: Datos  =PostmanRuntime/7.19.0 [] {"uid":"67723fb"}
[2019-11-06 17:11:01] UTN FRA LOGGER.INFO: ip =::1 [] {"uid":"67723fb"}
[2019-11-06 17:12:18] UTN FRA LOGGER.INFO: Datos  =PostmanRuntime/7.19.0 [] {"uid":"2303e36"}
[2019-11-06 17:12:18] UTN FRA LOGGER.INFO: ip =::1 [] {"uid":"2303e36"}
[2019-11-06 17:12:33] UTN FRA LOGGER.INFO: Datos  =PostmanRuntime/7.19.0 [] {"uid":"9419202"}
[2019-11-06 17:12:33] UTN FRA LOGGER.INFO: ip =::1 [] {"uid":"9419202"}
[2019-11-06 17:12:45] UTN FRA LOGGER.INFO: Datos  =PostmanRuntime/7.19.0 [] {"uid":"9eb3962"}
[2019-11-06 17:12:45] UTN FRA LOGGER.INFO: ip =::1 [] {"uid":"9eb3962"}
[2019-11-06 17:17:28] UTN FRA LOGGER.INFO: Datos  =PostmanRuntime/7.19.0 [] {"uid":"c5e1c7d"}
[2019-11-06 17:17:28] UTN FRA LOGGER.INFO: ip =::1 [] {"uid":"c5e1c7d"}
[2019-11-06 17:34:49] UTN FRA LOGGER.INFO: Datos  =PostmanRuntime/7.19.0 [] {"uid":"43b79bd"}
[2019-11-06 17:34:49] UTN FRA LOGGER.INFO: ip =::1 [] {"uid":"43b79bd"}
[2019-11-06 17:35:22] UTN FRA LOGGER.INFO: Datos  =PostmanRuntime/7.19.0 [] {"uid":"cdb61ad"}
[2019-11-06 17:35:22] UTN FRA LOGGER.INFO: ip =::1 [] {"uid":"cdb61ad"}
[2019-11-06 17:35:38] UTN FRA LOGGER.INFO: Datos  =PostmanRuntime/7.19.0 [] {"uid":"bcf2b19"}
[2019-11-06 17:35:38] UTN FRA LOGGER.INFO: ip =::1 [] {"uid":"bcf2b19"}
[2019-11-06 17:35:50] UTN FRA LOGGER.INFO: Datos  =PostmanRuntime/7.19.0 [] {"uid":"d456629"}
[2019-11-06 17:35:50] UTN FRA LOGGER.INFO: ip =::1 [] {"uid":"d456629"}
[2019-11-06 17:36:04] UTN FRA LOGGER.INFO: Datos  =PostmanRuntime/7.19.0 [] {"uid":"cef4294"}
[2019-11-06 17:36:04] UTN FRA LOGGER.INFO: ip =::1 [] {"uid":"cef4294"}
[2019-11-06 17:36:30] UTN FRA LOGGER.INFO: Datos  =PostmanRuntime/7.19.0 [] {"uid":"1d1e61a"}
[2019-11-06 17:36:30] UTN FRA LOGGER.INFO: ip =::1 [] {"uid":"1d1e61a"}
[2019-11-06 17:38:22] UTN FRA LOGGER.INFO: Datos  =PostmanRuntime/7.19.0 [] {"uid":"e2368be"}
[2019-11-06 17:38:22] UTN FRA LOGGER.INFO: ip =::1 [] {"uid":"e2368be"}
[2019-11-06 17:39:01] UTN FRA LOGGER.INFO: Datos  =PostmanRuntime/7.19.0 [] {"uid":"891a2a0"}
[2019-11-06 17:39:01] UTN FRA LOGGER.INFO: ip =::1 [] {"uid":"891a2a0"}
[2019-11-06 17:39:26] UTN FRA LOGGER.INFO: Datos  =PostmanRuntime/7.19.0 [] {"uid":"e49486f"}
[2019-11-06 17:39:26] UTN FRA LOGGER.INFO: ip =::1 [] {"uid":"e49486f"}
[2019-11-06 17:39:42] UTN FRA LOGGER.INFO: Datos  =PostmanRuntime/7.19.0 [] {"uid":"a32d5e8"}
[2019-11-06 17:39:42] UTN FRA LOGGER.INFO: ip =::1 [] {"uid":"a32d5e8"}
[2019-11-06 17:41:25] UTN FRA LOGGER.INFO: Datos  =PostmanRuntime/7.19.0 [] {"uid":"bd55034"}
[2019-11-06 17:41:25] UTN FRA LOGGER.INFO: ip =::1 [] {"uid":"bd55034"}
[2019-11-06 17:41:37] UTN FRA LOGGER.INFO: Datos  =PostmanRuntime/7.19.0 [] {"uid":"2f40a54"}
[2019-11-06 17:41:37] UTN FRA LOGGER.INFO: ip =::1 [] {"uid":"2f40a54"}
[2019-11-06 17:42:28] UTN FRA LOGGER.INFO: Datos  =PostmanRuntime/7.19.0 [] {"uid":"724cbc8"}
[2019-11-06 17:42:28] UTN FRA LOGGER.INFO: ip =::1 [] {"uid":"724cbc8"}
[2019-11-06 17:42:42] UTN FRA LOGGER.INFO: Datos  =PostmanRuntime/7.19.0 [] {"uid":"ddbb435"}
[2019-11-06 17:42:42] UTN FRA LOGGER.INFO: ip =::1 [] {"uid":"ddbb435"}
[2019-11-06 17:43:54] UTN FRA LOGGER.INFO: Datos  =PostmanRuntime/7.19.0 [] {"uid":"691a1ba"}
[2019-11-06 17:43:54] UTN FRA LOGGER.INFO: ip =::1 [] {"uid":"691a1ba"}
[2019-11-06 17:47:16] UTN FRA LOGGER.INFO: Datos  =PostmanRuntime/7.19.0 [] {"uid":"604f4e8"}
[2019-11-06 17:47:16] UTN FRA LOGGER.INFO: ip =::1 [] {"uid":"604f4e8"}
[2019-11-06 17:47:29] UTN FRA LOGGER.INFO: Datos  =PostmanRuntime/7.19.0 [] {"uid":"6fc57e6"}
[2019-11-06 17:47:29] UTN FRA LOGGER.INFO: ip =::1 [] {"uid":"6fc57e6"}
[2019-11-06 17:48:06] UTN FRA LOGGER.INFO: Datos  =PostmanRuntime/7.19.0 [] {"uid":"bf33488"}
[2019-11-06 17:48:06] UTN FRA LOGGER.INFO: ip =::1 [] {"uid":"bf33488"}
[2019-11-06 17:55:14] UTN FRA LOGGER.INFO: Datos  =PostmanRuntime/7.19.0 [] {"uid":"0b066d9"}
[2019-11-06 17:55:14] UTN FRA LOGGER.INFO: ip =::1 [] {"uid":"0b066d9"}
[2019-11-06 17:55:20] UTN FRA LOGGER.INFO: Datos  =PostmanRuntime/7.19.0 [] {"uid":"91dee99"}
[2019-11-06 17:55:20] UTN FRA LOGGER.INFO: ip =::1 [] {"uid":"91dee99"}
[2019-11-06 17:57:11] UTN FRA LOGGER.INFO: Datos  =PostmanRuntime/7.19.0 [] {"uid":"96ee22d"}
[2019-11-06 17:57:11] UTN FRA LOGGER.INFO: ip =::1 [] {"uid":"96ee22d"}
[2019-11-06 17:57:32] UTN FRA LOGGER.INFO: Datos  =PostmanRuntime/7.19.0 [] {"uid":"c2f4772"}
[2019-11-06 17:57:32] UTN FRA LOGGER.INFO: ip =::1 [] {"uid":"c2f4772"}
[2019-11-06 17:59:03] UTN FRA LOGGER.INFO: Datos  =PostmanRuntime/7.19.0 [] {"uid":"b75d187"}
[2019-11-06 17:59:03] UTN FRA LOGGER.INFO: ip =::1 [] {"uid":"b75d187"}
[2019-11-06 18:10:42] UTN FRA LOGGER.INFO: Datos  =PostmanRuntime/7.19.0 [] {"uid":"8d5ed1d"}
[2019-11-06 18:10:42] UTN FRA LOGGER.INFO: ip =::1 [] {"uid":"8d5ed1d"}
[2019-11-06 18:11:03] UTN FRA LOGGER.INFO: Datos  =PostmanRuntime/7.19.0 [] {"uid":"06e9b7f"}
[2019-11-06 18:11:03] UTN FRA LOGGER.INFO: ip =::1 [] {"uid":"06e9b7f"}
[2019-11-06 18:11:36] UTN FRA LOGGER.INFO: Datos  =PostmanRuntime/7.19.0 [] {"uid":"9eb3fb3"}
[2019-11-06 18:11:36] UTN FRA LOGGER.INFO: ip =::1 [] {"uid":"9eb3fb3"}
[2019-11-06 18:11:59] UTN FRA LOGGER.INFO: Datos  =PostmanRuntime/7.19.0 [] {"uid":"f469162"}
[2019-11-06 18:11:59] UTN FRA LOGGER.INFO: ip =::1 [] {"uid":"f469162"}
[2019-11-06 18:12:32] UTN FRA LOGGER.INFO: Datos  =PostmanRuntime/7.19.0 [] {"uid":"2b6fc29"}
[2019-11-06 18:12:32] UTN FRA LOGGER.INFO: ip =::1 [] {"uid":"2b6fc29"}
[2019-11-06 18:13:23] UTN FRA LOGGER.INFO: Datos  =PostmanRuntime/7.19.0 [] {"uid":"45c5a53"}
[2019-11-06 18:13:23] UTN FRA LOGGER.INFO: ip =::1 [] {"uid":"45c5a53"}
[2019-11-06 18:13:45] UTN FRA LOGGER.INFO: Datos  =PostmanRuntime/7.19.0 [] {"uid":"3cae8f4"}
[2019-11-06 18:13:45] UTN FRA LOGGER.INFO: ip =::1 [] {"uid":"3cae8f4"}
[2019-11-06 18:14:53] UTN FRA LOGGER.INFO: Datos  =PostmanRuntime/7.19.0 [] {"uid":"e06bc88"}
[2019-11-06 18:14:53] UTN FRA LOGGER.INFO: ip =::1 [] {"uid":"e06bc88"}
[2019-11-06 18:15:05] UTN FRA LOGGER.INFO: Datos  =PostmanRuntime/7.19.0 [] {"uid":"76173a0"}
[2019-11-06 18:15:05] UTN FRA LOGGER.INFO: ip =::1 [] {"uid":"76173a0"}
[2019-11-06 18:15:26] UTN FRA LOGGER.INFO: Datos  =PostmanRuntime/7.19.0 [] {"uid":"ca4f10b"}
[2019-11-06 18:15:26] UTN FRA LOGGER.INFO: ip =::1 [] {"uid":"ca4f10b"}
[2019-11-06 18:17:18] UTN FRA LOGGER.INFO: Datos  =PostmanRuntime/7.19.0 [] {"uid":"b9ff23b"}
[2019-11-06 18:17:18] UTN FRA LOGGER.INFO: ip =::1 [] {"uid":"b9ff23b"}
[2019-11-06 18:17:51] UTN FRA LOGGER.INFO: Datos  =PostmanRuntime/7.19.0 [] {"uid":"983b006"}
[2019-11-06 18:17:51] UTN FRA LOGGER.INFO: ip =::1 [] {"uid":"983b006"}
[2019-11-06 18:18:01] UTN FRA LOGGER.INFO: Datos  =PostmanRuntime/7.19.0 [] {"uid":"d4373f9"}
[2019-11-06 18:18:01] UTN FRA LOGGER.INFO: ip =::1 [] {"uid":"d4373f9"}
[2019-11-06 18:28:48] UTN FRA LOGGER.INFO: Datos  =PostmanRuntime/7.19.0 [] {"uid":"cd4343b"}
[2019-11-06 18:28:48] UTN FRA LOGGER.INFO: ip =::1 [] {"uid":"cd4343b"}
[2019-11-06 18:29:10] UTN FRA LOGGER.INFO: Datos  =PostmanRuntime/7.19.0 [] {"uid":"da22d3e"}
[2019-11-06 18:29:10] UTN FRA LOGGER.INFO: ip =::1 [] {"uid":"da22d3e"}
[2019-11-06 18:31:19] UTN FRA LOGGER.INFO: Datos  =PostmanRuntime/7.19.0 [] {"uid":"8dc1190"}
[2019-11-06 18:31:19] UTN FRA LOGGER.INFO: ip =::1 [] {"uid":"8dc1190"}
[2019-11-06 18:32:28] UTN FRA LOGGER.INFO: Datos  =PostmanRuntime/7.19.0 [] {"uid":"fa15795"}
[2019-11-06 18:32:28] UTN FRA LOGGER.INFO: ip =::1 [] {"uid":"fa15795"}
[2019-11-06 18:44:28] UTN FRA LOGGER.INFO: Datos  =PostmanRuntime/7.19.0 [] {"uid":"3bea690"}
[2019-11-06 18:44:28] UTN FRA LOGGER.INFO: ip =::1 [] {"uid":"3bea690"}
[2019-11-06 18:46:07] UTN FRA LOGGER.INFO: Datos  =PostmanRuntime/7.19.0 [] {"uid":"473d17f"}
[2019-11-06 18:46:07] UTN FRA LOGGER.INFO: ip =::1 [] {"uid":"473d17f"}
[2019-11-06 18:47:47] UTN FRA LOGGER.INFO: Datos  =PostmanRuntime/7.19.0 [] {"uid":"7010318"}
[2019-11-06 18:47:47] UTN FRA LOGGER.INFO: ip =::1 [] {"uid":"7010318"}
[2019-11-06 18:48:07] UTN FRA LOGGER.INFO: Datos  =PostmanRuntime/7.19.0 [] {"uid":"dbc7790"}
[2019-11-06 18:48:07] UTN FRA LOGGER.INFO: ip =::1 [] {"uid":"dbc7790"}
[2019-11-06 18:48:30] UTN FRA LOGGER.INFO: Datos  =PostmanRuntime/7.19.0 [] {"uid":"b190bc7"}
[2019-11-06 18:48:30] UTN FRA LOGGER.INFO: ip =::1 [] {"uid":"b190bc7"}
[2019-11-06 18:48:59] UTN FRA LOGGER.INFO: Datos  =PostmanRuntime/7.19.0 [] {"uid":"d63df87"}
[2019-11-06 18:48:59] UTN FRA LOGGER.INFO: ip =::1 [] {"uid":"d63df87"}
[2019-11-06 18:49:21] UTN FRA LOGGER.INFO: Datos  =PostmanRuntime/7.19.0 [] {"uid":"584010d"}
[2019-11-06 18:49:21] UTN FRA LOGGER.INFO: ip =::1 [] {"uid":"584010d"}
[2019-11-06 18:49:53] UTN FRA LOGGER.INFO: Datos  =PostmanRuntime/7.19.0 [] {"uid":"af78abe"}
[2019-11-06 18:49:53] UTN FRA LOGGER.INFO: ip =::1 [] {"uid":"af78abe"}
[2019-11-06 18:50:37] UTN FRA LOGGER.INFO: Datos  =PostmanRuntime/7.19.0 [] {"uid":"e7b9243"}
[2019-11-06 18:50:37] UTN FRA LOGGER.INFO: ip =::1 [] {"uid":"e7b9243"}
[2019-11-06 18:50:58] UTN FRA LOGGER.INFO: Datos  =PostmanRuntime/7.19.0 [] {"uid":"3b5a185"}
[2019-11-06 18:50:58] UTN FRA LOGGER.INFO: ip =::1 [] {"uid":"3b5a185"}
[2019-11-06 18:51:12] UTN FRA LOGGER.INFO: Datos  =PostmanRuntime/7.19.0 [] {"uid":"2f351cc"}
[2019-11-06 18:51:12] UTN FRA LOGGER.INFO: ip =::1 [] {"uid":"2f351cc"}
[2019-11-06 18:51:50] UTN FRA LOGGER.INFO: Datos  =PostmanRuntime/7.19.0 [] {"uid":"b92b671"}
[2019-11-06 18:51:50] UTN FRA LOGGER.INFO: ip =::1 [] {"uid":"b92b671"}
[2019-11-06 18:52:17] UTN FRA LOGGER.INFO: Datos  =PostmanRuntime/7.19.0 [] {"uid":"9690348"}
[2019-11-06 18:52:17] UTN FRA LOGGER.INFO: ip =::1 [] {"uid":"9690348"}
[2019-11-06 18:52:45] UTN FRA LOGGER.INFO: Datos  =PostmanRuntime/7.19.0 [] {"uid":"32fef0d"}
[2019-11-06 18:52:45] UTN FRA LOGGER.INFO: ip =::1 [] {"uid":"32fef0d"}
[2019-11-06 18:53:08] UTN FRA LOGGER.INFO: Datos  =PostmanRuntime/7.19.0 [] {"uid":"643e4ba"}
[2019-11-06 18:53:08] UTN FRA LOGGER.INFO: ip =::1 [] {"uid":"643e4ba"}
[2019-11-06 18:54:56] UTN FRA LOGGER.INFO: Datos  =PostmanRuntime/7.19.0 [] {"uid":"2577a64"}
[2019-11-06 18:54:56] UTN FRA LOGGER.INFO: ip =::1 [] {"uid":"2577a64"}
[2019-11-06 18:55:39] UTN FRA LOGGER.INFO: Datos  =PostmanRuntime/7.19.0 [] {"uid":"66f7ec9"}
[2019-11-06 18:55:39] UTN FRA LOGGER.INFO: ip =::1 [] {"uid":"66f7ec9"}
[2019-11-06 18:58:48] UTN FRA LOGGER.INFO: Datos  =PostmanRuntime/7.19.0 [] {"uid":"14ca871"}
[2019-11-06 18:58:48] UTN FRA LOGGER.INFO: ip =::1 [] {"uid":"14ca871"}
[2019-11-06 18:59:02] UTN FRA LOGGER.INFO: Datos  =PostmanRuntime/7.19.0 [] {"uid":"4298ac1"}
[2019-11-06 18:59:02] UTN FRA LOGGER.INFO: ip =::1 [] {"uid":"4298ac1"}
[2019-11-06 19:03:04] UTN FRA LOGGER.INFO: Datos  =PostmanRuntime/7.19.0 [] {"uid":"045ff4c"}
[2019-11-06 19:03:04] UTN FRA LOGGER.INFO: ip =::1 [] {"uid":"045ff4c"}
[2019-11-06 19:03:13] UTN FRA LOGGER.INFO: Datos  =PostmanRuntime/7.19.0 [] {"uid":"5ef042e"}
[2019-11-06 19:03:13] UTN FRA LOGGER.INFO: ip =::1 [] {"uid":"5ef042e"}
[2019-11-06 19:03:19] UTN FRA LOGGER.INFO: Datos  =PostmanRuntime/7.19.0 [] {"uid":"6619669"}
[2019-11-06 19:03:19] UTN FRA LOGGER.INFO: ip =::1 [] {"uid":"6619669"}
[2019-11-06 19:03:25] UTN FRA LOGGER.INFO: Datos  =PostmanRuntime/7.19.0 [] {"uid":"3d2329e"}
[2019-11-06 19:03:25] UTN FRA LOGGER.INFO: ip =::1 [] {"uid":"3d2329e"}
[2019-11-06 19:03:33] UTN FRA LOGGER.INFO: Datos  =PostmanRuntime/7.19.0 [] {"uid":"f73519f"}
[2019-11-06 19:03:33] UTN FRA LOGGER.INFO: ip =::1 [] {"uid":"f73519f"}
[2019-11-06 19:03:41] UTN FRA LOGGER.INFO: Datos  =PostmanRuntime/7.19.0 [] {"uid":"a481ca0"}
[2019-11-06 19:03:41] UTN FRA LOGGER.INFO: ip =::1 [] {"uid":"a481ca0"}
[2019-11-06 19:03:50] UTN FRA LOGGER.INFO: Datos  =PostmanRuntime/7.19.0 [] {"uid":"dcf05e5"}
[2019-11-06 19:03:50] UTN FRA LOGGER.INFO: ip =::1 [] {"uid":"dcf05e5"}
[2019-11-06 19:04:49] UTN FRA LOGGER.INFO: Datos  =PostmanRuntime/7.19.0 [] {"uid":"6473470"}
[2019-11-06 19:04:49] UTN FRA LOGGER.INFO: ip =::1 [] {"uid":"6473470"}
[2019-11-06 19:04:59] UTN FRA LOGGER.INFO: Datos  =PostmanRuntime/7.19.0 [] {"uid":"72197a2"}
[2019-11-06 19:04:59] UTN FRA LOGGER.INFO: ip =::1 [] {"uid":"72197a2"}
[2019-11-06 19:05:17] UTN FRA LOGGER.INFO: Datos  =PostmanRuntime/7.19.0 [] {"uid":"2aaaa5d"}
[2019-11-06 19:05:17] UTN FRA LOGGER.INFO: ip =::1 [] {"uid":"2aaaa5d"}
[2019-11-06 19:05:29] UTN FRA LOGGER.INFO: Datos  =PostmanRuntime/7.19.0 [] {"uid":"bd1fd9b"}
[2019-11-06 19:05:29] UTN FRA LOGGER.INFO: ip =::1 [] {"uid":"bd1fd9b"}
[2019-11-06 19:06:16] UTN FRA LOGGER.INFO: Datos  =PostmanRuntime/7.19.0 [] {"uid":"5345a47"}
[2019-11-06 19:06:16] UTN FRA LOGGER.INFO: ip =::1 [] {"uid":"5345a47"}
[2019-11-06 19:06:33] UTN FRA LOGGER.INFO: Datos  =PostmanRuntime/7.19.0 [] {"uid":"87a365b"}
[2019-11-06 19:06:33] UTN FRA LOGGER.INFO: ip =::1 [] {"uid":"87a365b"}
[2019-11-06 19:07:10] UTN FRA LOGGER.INFO: Datos  =PostmanRuntime/7.19.0 [] {"uid":"9e9546c"}
[2019-11-06 19:07:10] UTN FRA LOGGER.INFO: ip =::1 [] {"uid":"9e9546c"}
[2019-11-06 19:07:25] UTN FRA LOGGER.INFO: Datos  =PostmanRuntime/7.19.0 [] {"uid":"0ff1aad"}
[2019-11-06 19:07:25] UTN FRA LOGGER.INFO: ip =::1 [] {"uid":"0ff1aad"}
[2019-11-06 19:08:02] UTN FRA LOGGER.INFO: Datos  =PostmanRuntime/7.19.0 [] {"uid":"8a5bd64"}
[2019-11-06 19:08:02] UTN FRA LOGGER.INFO: ip =::1 [] {"uid":"8a5bd64"}
[2019-11-06 19:10:06] UTN FRA LOGGER.INFO: Datos  =PostmanRuntime/7.19.0 [] {"uid":"c57641e"}
[2019-11-06 19:10:06] UTN FRA LOGGER.INFO: ip =::1 [] {"uid":"c57641e"}
[2019-11-06 19:10:21] UTN FRA LOGGER.INFO: Datos  =PostmanRuntime/7.19.0 [] {"uid":"89b3d82"}
[2019-11-06 19:10:21] UTN FRA LOGGER.INFO: ip =::1 [] {"uid":"89b3d82"}
[2019-11-06 19:10:35] UTN FRA LOGGER.INFO: Datos  =PostmanRuntime/7.19.0 [] {"uid":"568c1f3"}
[2019-11-06 19:10:35] UTN FRA LOGGER.INFO: ip =::1 [] {"uid":"568c1f3"}
[2019-11-06 19:10:53] UTN FRA LOGGER.INFO: Datos  =PostmanRuntime/7.19.0 [] {"uid":"46ef699"}
[2019-11-06 19:10:53] UTN FRA LOGGER.INFO: ip =::1 [] {"uid":"46ef699"}
[2019-11-06 19:11:20] UTN FRA LOGGER.INFO: Datos  =PostmanRuntime/7.19.0 [] {"uid":"01c1cf0"}
[2019-11-06 19:11:20] UTN FRA LOGGER.INFO: ip =::1 [] {"uid":"01c1cf0"}
[2019-11-06 19:11:31] UTN FRA LOGGER.INFO: Datos  =PostmanRuntime/7.19.0 [] {"uid":"9c4abfb"}
[2019-11-06 19:11:31] UTN FRA LOGGER.INFO: ip =::1 [] {"uid":"9c4abfb"}
[2019-11-06 19:13:46] UTN FRA LOGGER.INFO: Datos  =PostmanRuntime/7.19.0 [] {"uid":"1d2f21f"}
[2019-11-06 19:13:46] UTN FRA LOGGER.INFO: ip =::1 [] {"uid":"1d2f21f"}
[2019-11-06 19:14:08] UTN FRA LOGGER.INFO: Datos  =PostmanRuntime/7.19.0 [] {"uid":"019cf32"}
[2019-11-06 19:14:08] UTN FRA LOGGER.INFO: ip =::1 [] {"uid":"019cf32"}
[2019-11-06 19:14:45] UTN FRA LOGGER.INFO: Datos  =PostmanRuntime/7.19.0 [] {"uid":"9abfa8d"}
[2019-11-06 19:14:45] UTN FRA LOGGER.INFO: ip =::1 [] {"uid":"9abfa8d"}
[2019-11-06 19:15:19] UTN FRA LOGGER.INFO: Datos  =PostmanRuntime/7.19.0 [] {"uid":"cf27493"}
[2019-11-06 19:15:19] UTN FRA LOGGER.INFO: ip =::1 [] {"uid":"cf27493"}
[2019-11-06 19:23:01] UTN FRA LOGGER.INFO: Datos  =PostmanRuntime/7.19.0 [] {"uid":"fa5f94f"}
[2019-11-06 19:23:01] UTN FRA LOGGER.INFO: ip =::1 [] {"uid":"fa5f94f"}
[2019-11-06 23:20:57] UTN FRA LOGGER.INFO: Datos  =Mozilla/5.0 (Windows NT 6.3; Win64; x64) AppleWebKit/537.36 (KHTML, like Gecko) Chrome/77.0.3865.120 Safari/537.36 [] {"uid":"0465e72"}
[2019-11-06 23:20:57] UTN FRA LOGGER.INFO: ip =::1 [] {"uid":"0465e72"}
[2019-11-06 23:21:05] UTN FRA LOGGER.INFO: Datos  =Mozilla/5.0 (Windows NT 6.3; Win64; x64) AppleWebKit/537.36 (KHTML, like Gecko) Chrome/77.0.3865.120 Safari/537.36 [] {"uid":"6ea0814"}
[2019-11-06 23:21:05] UTN FRA LOGGER.INFO: ip =::1 [] {"uid":"6ea0814"}
[2019-11-06 23:21:25] UTN FRA LOGGER.INFO: Datos  =Mozilla/5.0 (Windows NT 6.3; Win64; x64) AppleWebKit/537.36 (KHTML, like Gecko) Chrome/77.0.3865.120 Safari/537.36 [] {"uid":"d0312fa"}
[2019-11-06 23:21:25] UTN FRA LOGGER.INFO: ip =::1 [] {"uid":"d0312fa"}
[2019-11-06 23:21:37] UTN FRA LOGGER.INFO: Datos  =Mozilla/5.0 (Windows NT 6.3; Win64; x64) AppleWebKit/537.36 (KHTML, like Gecko) Chrome/77.0.3865.120 Safari/537.36 [] {"uid":"cc54d09"}
[2019-11-06 23:21:37] UTN FRA LOGGER.INFO: ip =::1 [] {"uid":"cc54d09"}
[2019-11-06 23:21:57] UTN FRA LOGGER.INFO: Datos  =Mozilla/5.0 (Windows NT 6.3; Win64; x64) AppleWebKit/537.36 (KHTML, like Gecko) Chrome/77.0.3865.120 Safari/537.36 [] {"uid":"2f4143f"}
[2019-11-06 23:21:57] UTN FRA LOGGER.INFO: ip =::1 [] {"uid":"2f4143f"}
[2019-11-06 23:22:53] UTN FRA LOGGER.INFO: Datos  =PostmanRuntime/7.15.2 [] {"uid":"e11cfbf"}
[2019-11-06 23:22:53] UTN FRA LOGGER.INFO: ip =::1 [] {"uid":"e11cfbf"}
[2019-11-06 23:23:54] UTN FRA LOGGER.INFO: Datos  =PostmanRuntime/7.15.2 [] {"uid":"0a6a2ae"}
[2019-11-06 23:23:54] UTN FRA LOGGER.INFO: ip =::1 [] {"uid":"0a6a2ae"}
[2019-11-06 23:24:51] UTN FRA LOGGER.INFO: Datos  =PostmanRuntime/7.15.2 [] {"uid":"96c275e"}
[2019-11-06 23:24:51] UTN FRA LOGGER.INFO: ip =::1 [] {"uid":"96c275e"}
[2019-11-06 23:50:11] UTN FRA LOGGER.INFO: Datos  =PostmanRuntime/7.15.2 [] {"uid":"4d67a35"}
[2019-11-06 23:50:11] UTN FRA LOGGER.INFO: ip =::1 [] {"uid":"4d67a35"}
[2019-11-06 23:55:13] UTN FRA LOGGER.INFO: Datos  =PostmanRuntime/7.15.2 [] {"uid":"0cf0e3e"}
[2019-11-06 23:55:13] UTN FRA LOGGER.INFO: ip =::1 [] {"uid":"0cf0e3e"}
[2019-11-06 23:56:16] UTN FRA LOGGER.INFO: Datos  =PostmanRuntime/7.15.2 [] {"uid":"678391f"}
[2019-11-06 23:56:16] UTN FRA LOGGER.INFO: ip =::1 [] {"uid":"678391f"}
[2019-11-06 23:56:37] UTN FRA LOGGER.INFO: Datos  =PostmanRuntime/7.15.2 [] {"uid":"abbcf17"}
[2019-11-06 23:56:37] UTN FRA LOGGER.INFO: ip =::1 [] {"uid":"abbcf17"}
[2019-11-06 23:57:25] UTN FRA LOGGER.INFO: Datos  =PostmanRuntime/7.15.2 [] {"uid":"c43aa2f"}
[2019-11-06 23:57:25] UTN FRA LOGGER.INFO: ip =::1 [] {"uid":"c43aa2f"}
[2019-11-06 23:57:33] UTN FRA LOGGER.INFO: Datos  =PostmanRuntime/7.15.2 [] {"uid":"2288a4e"}
[2019-11-06 23:57:33] UTN FRA LOGGER.INFO: ip =::1 [] {"uid":"2288a4e"}
[2019-11-06 23:59:10] UTN FRA LOGGER.INFO: Datos  =PostmanRuntime/7.15.2 [] {"uid":"17be0af"}
[2019-11-06 23:59:10] UTN FRA LOGGER.INFO: ip =::1 [] {"uid":"17be0af"}
[2019-11-06 23:59:35] UTN FRA LOGGER.INFO: Datos  =PostmanRuntime/7.15.2 [] {"uid":"e2c24b4"}
[2019-11-06 23:59:35] UTN FRA LOGGER.INFO: ip =::1 [] {"uid":"e2c24b4"}
[2019-11-07 00:00:10] UTN FRA LOGGER.INFO: Datos  =PostmanRuntime/7.15.2 [] {"uid":"22dc401"}
[2019-11-07 00:00:10] UTN FRA LOGGER.INFO: ip =::1 [] {"uid":"22dc401"}
[2019-11-07 00:00:17] UTN FRA LOGGER.INFO: Datos  =PostmanRuntime/7.15.2 [] {"uid":"f3f356f"}
[2019-11-07 00:00:17] UTN FRA LOGGER.INFO: ip =::1 [] {"uid":"f3f356f"}
[2019-11-07 00:00:31] UTN FRA LOGGER.INFO: Datos  =PostmanRuntime/7.15.2 [] {"uid":"5a34795"}
[2019-11-07 00:00:31] UTN FRA LOGGER.INFO: ip =::1 [] {"uid":"5a34795"}
[2019-11-07 00:01:10] UTN FRA LOGGER.INFO: Datos  =PostmanRuntime/7.15.2 [] {"uid":"52b6baa"}
[2019-11-07 00:01:10] UTN FRA LOGGER.INFO: ip =::1 [] {"uid":"52b6baa"}
[2019-11-07 00:02:04] UTN FRA LOGGER.INFO: Datos  =PostmanRuntime/7.15.2 [] {"uid":"d9c627d"}
[2019-11-07 00:02:04] UTN FRA LOGGER.INFO: ip =::1 [] {"uid":"d9c627d"}
[2019-11-07 00:02:15] UTN FRA LOGGER.INFO: Datos  =PostmanRuntime/7.15.2 [] {"uid":"7bdf018"}
[2019-11-07 00:02:15] UTN FRA LOGGER.INFO: ip =::1 [] {"uid":"7bdf018"}
[2019-11-07 00:04:12] UTN FRA LOGGER.INFO: Datos  =PostmanRuntime/7.15.2 [] {"uid":"d32ee01"}
[2019-11-07 00:04:12] UTN FRA LOGGER.INFO: ip =::1 [] {"uid":"d32ee01"}
[2019-11-07 00:04:49] UTN FRA LOGGER.INFO: Datos  =PostmanRuntime/7.15.2 [] {"uid":"8965335"}
[2019-11-07 00:04:49] UTN FRA LOGGER.INFO: ip =::1 [] {"uid":"8965335"}
[2019-11-07 00:07:02] UTN FRA LOGGER.INFO: Datos  =PostmanRuntime/7.15.2 [] {"uid":"cd6c430"}
[2019-11-07 00:07:02] UTN FRA LOGGER.INFO: ip =::1 [] {"uid":"cd6c430"}
[2019-11-07 00:07:37] UTN FRA LOGGER.INFO: Datos  =PostmanRuntime/7.15.2 [] {"uid":"b2bcdce"}
[2019-11-07 00:07:37] UTN FRA LOGGER.INFO: ip =::1 [] {"uid":"b2bcdce"}
[2019-11-07 00:07:45] UTN FRA LOGGER.INFO: Datos  =PostmanRuntime/7.15.2 [] {"uid":"249a91e"}
[2019-11-07 00:07:45] UTN FRA LOGGER.INFO: ip =::1 [] {"uid":"249a91e"}
[2019-11-07 00:08:04] UTN FRA LOGGER.INFO: Datos  =PostmanRuntime/7.15.2 [] {"uid":"31b0e10"}
[2019-11-07 00:08:04] UTN FRA LOGGER.INFO: ip =::1 [] {"uid":"31b0e10"}
[2019-11-07 00:08:09] UTN FRA LOGGER.INFO: Datos  =PostmanRuntime/7.15.2 [] {"uid":"21935a9"}
[2019-11-07 00:08:09] UTN FRA LOGGER.INFO: ip =::1 [] {"uid":"21935a9"}
[2019-11-07 00:08:59] UTN FRA LOGGER.INFO: Datos  =PostmanRuntime/7.15.2 [] {"uid":"f748d6f"}
[2019-11-07 00:08:59] UTN FRA LOGGER.INFO: ip =::1 [] {"uid":"f748d6f"}
[2019-11-07 00:11:23] UTN FRA LOGGER.INFO: Datos  =PostmanRuntime/7.15.2 [] {"uid":"3a7f021"}
[2019-11-07 00:11:23] UTN FRA LOGGER.INFO: ip =::1 [] {"uid":"3a7f021"}
[2019-11-07 00:12:11] UTN FRA LOGGER.INFO: Datos  =PostmanRuntime/7.15.2 [] {"uid":"c3611b7"}
[2019-11-07 00:12:11] UTN FRA LOGGER.INFO: ip =::1 [] {"uid":"c3611b7"}
[2019-11-07 00:12:47] UTN FRA LOGGER.INFO: Datos  =PostmanRuntime/7.15.2 [] {"uid":"f542e11"}
[2019-11-07 00:12:47] UTN FRA LOGGER.INFO: ip =::1 [] {"uid":"f542e11"}
[2019-11-07 00:12:54] UTN FRA LOGGER.INFO: Datos  =PostmanRuntime/7.15.2 [] {"uid":"fd634fb"}
[2019-11-07 00:12:54] UTN FRA LOGGER.INFO: ip =::1 [] {"uid":"fd634fb"}
[2019-11-07 01:50:52] UTN FRA LOGGER.INFO: Datos  =PostmanRuntime/7.19.0 [] {"uid":"c6a3711"}
[2019-11-07 01:50:52] UTN FRA LOGGER.INFO: ip =::1 [] {"uid":"c6a3711"}
[2019-11-07 01:51:38] UTN FRA LOGGER.INFO: Datos  =PostmanRuntime/7.19.0 [] {"uid":"85bb7d4"}
[2019-11-07 01:51:38] UTN FRA LOGGER.INFO: ip =::1 [] {"uid":"85bb7d4"}
[2019-11-07 02:21:45] UTN FRA LOGGER.INFO: Datos  =PostmanRuntime/7.19.0 [] {"uid":"323d71e"}
[2019-11-07 02:21:45] UTN FRA LOGGER.INFO: ip =::1 [] {"uid":"323d71e"}
[2019-11-07 02:21:56] UTN FRA LOGGER.INFO: Datos  =PostmanRuntime/7.19.0 [] {"uid":"8b623b4"}
[2019-11-07 02:21:56] UTN FRA LOGGER.INFO: ip =::1 [] {"uid":"8b623b4"}
[2019-11-07 02:22:17] UTN FRA LOGGER.INFO: Datos  =PostmanRuntime/7.19.0 [] {"uid":"deb0846"}
[2019-11-07 02:22:17] UTN FRA LOGGER.INFO: ip =::1 [] {"uid":"deb0846"}
[2019-11-07 02:23:38] UTN FRA LOGGER.INFO: Datos  =PostmanRuntime/7.19.0 [] {"uid":"78491e7"}
[2019-11-07 02:23:38] UTN FRA LOGGER.INFO: ip =::1 [] {"uid":"78491e7"}
[2019-11-07 02:24:49] UTN FRA LOGGER.INFO: Datos  =PostmanRuntime/7.19.0 [] {"uid":"09b1946"}
[2019-11-07 02:24:49] UTN FRA LOGGER.INFO: ip =::1 [] {"uid":"09b1946"}
[2019-11-07 02:32:01] UTN FRA LOGGER.INFO: Datos  =PostmanRuntime/7.19.0 [] {"uid":"58e3774"}
[2019-11-07 02:32:01] UTN FRA LOGGER.INFO: ip =::1 [] {"uid":"58e3774"}
[2019-11-07 02:32:28] UTN FRA LOGGER.INFO: Datos  =PostmanRuntime/7.19.0 [] {"uid":"42df1e7"}
[2019-11-07 02:32:28] UTN FRA LOGGER.INFO: ip =::1 [] {"uid":"42df1e7"}
[2019-11-07 02:32:46] UTN FRA LOGGER.INFO: Datos  =PostmanRuntime/7.19.0 [] {"uid":"9374f55"}
[2019-11-07 02:32:46] UTN FRA LOGGER.INFO: ip =::1 [] {"uid":"9374f55"}
[2019-11-07 02:32:52] UTN FRA LOGGER.INFO: Datos  =PostmanRuntime/7.19.0 [] {"uid":"9731c60"}
[2019-11-07 02:32:52] UTN FRA LOGGER.INFO: ip =::1 [] {"uid":"9731c60"}
[2019-11-07 02:33:00] UTN FRA LOGGER.INFO: Datos  =PostmanRuntime/7.19.0 [] {"uid":"1f70d3b"}
[2019-11-07 02:33:00] UTN FRA LOGGER.INFO: ip =::1 [] {"uid":"1f70d3b"}
[2019-11-07 02:53:40] UTN FRA LOGGER.INFO: Datos  =PostmanRuntime/7.19.0 [] {"uid":"fc87693"}
[2019-11-07 02:53:40] UTN FRA LOGGER.INFO: ip =::1 [] {"uid":"fc87693"}
[2019-11-07 03:11:02] UTN FRA LOGGER.INFO: Datos  =PostmanRuntime/7.19.0 [] {"uid":"a126a28"}
[2019-11-07 03:11:02] UTN FRA LOGGER.INFO: ip =::1 [] {"uid":"a126a28"}
[2019-11-07 03:13:49] UTN FRA LOGGER.INFO: Datos  =PostmanRuntime/7.19.0 [] {"uid":"573aabc"}
[2019-11-07 03:13:49] UTN FRA LOGGER.INFO: ip =::1 [] {"uid":"573aabc"}
[2019-11-07 03:14:41] UTN FRA LOGGER.INFO: Datos  =PostmanRuntime/7.19.0 [] {"uid":"137df2f"}
[2019-11-07 03:14:41] UTN FRA LOGGER.INFO: ip =::1 [] {"uid":"137df2f"}
[2019-11-07 03:15:14] UTN FRA LOGGER.INFO: Datos  =PostmanRuntime/7.19.0 [] {"uid":"0895658"}
[2019-11-07 03:15:14] UTN FRA LOGGER.INFO: ip =::1 [] {"uid":"0895658"}
[2019-11-07 03:15:21] UTN FRA LOGGER.INFO: Datos  =PostmanRuntime/7.19.0 [] {"uid":"f18e78b"}
[2019-11-07 03:15:21] UTN FRA LOGGER.INFO: ip =::1 [] {"uid":"f18e78b"}
[2019-11-07 03:15:35] UTN FRA LOGGER.INFO: Datos  =PostmanRuntime/7.19.0 [] {"uid":"65b4525"}
[2019-11-07 03:15:35] UTN FRA LOGGER.INFO: ip =::1 [] {"uid":"65b4525"}
[2019-11-07 03:15:43] UTN FRA LOGGER.INFO: Datos  =PostmanRuntime/7.19.0 [] {"uid":"f5258ec"}
[2019-11-07 03:15:43] UTN FRA LOGGER.INFO: ip =::1 [] {"uid":"f5258ec"}
[2019-11-07 03:15:49] UTN FRA LOGGER.INFO: Datos  =PostmanRuntime/7.19.0 [] {"uid":"97dcf77"}
[2019-11-07 03:15:49] UTN FRA LOGGER.INFO: ip =::1 [] {"uid":"97dcf77"}
[2019-11-07 03:16:02] UTN FRA LOGGER.INFO: Datos  =PostmanRuntime/7.19.0 [] {"uid":"3c9d489"}
[2019-11-07 03:16:02] UTN FRA LOGGER.INFO: ip =::1 [] {"uid":"3c9d489"}
[2019-11-07 03:17:07] UTN FRA LOGGER.INFO: Datos  =PostmanRuntime/7.19.0 [] {"uid":"1b6bb0d"}
[2019-11-07 03:17:07] UTN FRA LOGGER.INFO: ip =::1 [] {"uid":"1b6bb0d"}
[2019-11-07 03:18:08] UTN FRA LOGGER.INFO: Datos  =PostmanRuntime/7.19.0 [] {"uid":"d533773"}
[2019-11-07 03:18:08] UTN FRA LOGGER.INFO: ip =::1 [] {"uid":"d533773"}
[2019-11-07 03:19:30] UTN FRA LOGGER.INFO: Datos  =PostmanRuntime/7.19.0 [] {"uid":"9adf256"}
[2019-11-07 03:19:30] UTN FRA LOGGER.INFO: ip =::1 [] {"uid":"9adf256"}
[2019-11-07 03:21:36] UTN FRA LOGGER.INFO: Datos  =PostmanRuntime/7.19.0 [] {"uid":"a182aee"}
[2019-11-07 03:21:36] UTN FRA LOGGER.INFO: ip =::1 [] {"uid":"a182aee"}
[2019-11-07 03:22:25] UTN FRA LOGGER.INFO: Datos  =PostmanRuntime/7.19.0 [] {"uid":"8f1913e"}
[2019-11-07 03:22:25] UTN FRA LOGGER.INFO: ip =::1 [] {"uid":"8f1913e"}
[2019-11-07 03:22:42] UTN FRA LOGGER.INFO: Datos  =PostmanRuntime/7.19.0 [] {"uid":"b6aafb9"}
[2019-11-07 03:22:42] UTN FRA LOGGER.INFO: ip =::1 [] {"uid":"b6aafb9"}
[2019-11-07 03:22:56] UTN FRA LOGGER.INFO: Datos  =PostmanRuntime/7.19.0 [] {"uid":"4c8648e"}
[2019-11-07 03:22:56] UTN FRA LOGGER.INFO: ip =::1 [] {"uid":"4c8648e"}
[2019-11-08 02:29:57] UTN FRA LOGGER.INFO: Datos  =PostmanRuntime/7.19.0 [] {"uid":"48cdf75"}
[2019-11-08 02:29:57] UTN FRA LOGGER.INFO: ip =::1 [] {"uid":"48cdf75"}
[2019-11-08 02:31:00] UTN FRA LOGGER.INFO: Datos  =PostmanRuntime/7.19.0 [] {"uid":"a72363e"}
[2019-11-08 02:31:00] UTN FRA LOGGER.INFO: ip =::1 [] {"uid":"a72363e"}
[2019-11-08 02:41:04] UTN FRA LOGGER.INFO: Datos  =PostmanRuntime/7.19.0 [] {"uid":"5b28a1e"}
[2019-11-08 02:41:04] UTN FRA LOGGER.INFO: ip =::1 [] {"uid":"5b28a1e"}
[2019-11-08 02:41:39] UTN FRA LOGGER.INFO: Datos  =PostmanRuntime/7.19.0 [] {"uid":"76ee943"}
[2019-11-08 02:41:39] UTN FRA LOGGER.INFO: ip =::1 [] {"uid":"76ee943"}
[2019-11-08 02:42:22] UTN FRA LOGGER.INFO: Datos  =PostmanRuntime/7.19.0 [] {"uid":"df77167"}
[2019-11-08 02:42:22] UTN FRA LOGGER.INFO: ip =::1 [] {"uid":"df77167"}
[2019-11-08 02:43:19] UTN FRA LOGGER.INFO: Datos  =PostmanRuntime/7.19.0 [] {"uid":"46011dd"}
[2019-11-08 02:43:19] UTN FRA LOGGER.INFO: ip =::1 [] {"uid":"46011dd"}
[2019-11-08 02:45:05] UTN FRA LOGGER.INFO: Datos  =PostmanRuntime/7.19.0 [] {"uid":"e325ae2"}
[2019-11-08 02:45:05] UTN FRA LOGGER.INFO: ip =::1 [] {"uid":"e325ae2"}
[2019-11-08 02:46:10] UTN FRA LOGGER.INFO: Datos  =PostmanRuntime/7.19.0 [] {"uid":"1894294"}
[2019-11-08 02:46:10] UTN FRA LOGGER.INFO: ip =::1 [] {"uid":"1894294"}
[2019-11-08 02:47:31] UTN FRA LOGGER.INFO: Datos  =PostmanRuntime/7.19.0 [] {"uid":"bac2f7b"}
[2019-11-08 02:47:31] UTN FRA LOGGER.INFO: ip =::1 [] {"uid":"bac2f7b"}
[2019-11-08 02:49:31] UTN FRA LOGGER.INFO: Datos  =PostmanRuntime/7.19.0 [] {"uid":"569a11d"}
[2019-11-08 02:49:31] UTN FRA LOGGER.INFO: ip =::1 [] {"uid":"569a11d"}
[2019-11-08 02:49:39] UTN FRA LOGGER.INFO: Datos  =PostmanRuntime/7.19.0 [] {"uid":"ad5953c"}
[2019-11-08 02:49:39] UTN FRA LOGGER.INFO: ip =::1 [] {"uid":"ad5953c"}
[2019-11-08 02:49:57] UTN FRA LOGGER.INFO: Datos  =PostmanRuntime/7.19.0 [] {"uid":"625941b"}
[2019-11-08 02:49:57] UTN FRA LOGGER.INFO: ip =::1 [] {"uid":"625941b"}
[2019-11-08 02:50:20] UTN FRA LOGGER.INFO: Datos  =PostmanRuntime/7.19.0 [] {"uid":"f36d288"}
[2019-11-08 02:50:20] UTN FRA LOGGER.INFO: ip =::1 [] {"uid":"f36d288"}
[2019-11-08 02:50:43] UTN FRA LOGGER.INFO: Datos  =PostmanRuntime/7.19.0 [] {"uid":"30ab3c1"}
[2019-11-08 02:50:43] UTN FRA LOGGER.INFO: ip =::1 [] {"uid":"30ab3c1"}
[2019-11-08 02:51:04] UTN FRA LOGGER.INFO: Datos  =PostmanRuntime/7.19.0 [] {"uid":"e16c855"}
[2019-11-08 02:51:04] UTN FRA LOGGER.INFO: ip =::1 [] {"uid":"e16c855"}
[2019-11-08 02:51:33] UTN FRA LOGGER.INFO: Datos  =PostmanRuntime/7.19.0 [] {"uid":"b7659d8"}
[2019-11-08 02:51:33] UTN FRA LOGGER.INFO: ip =::1 [] {"uid":"b7659d8"}
[2019-11-08 02:52:27] UTN FRA LOGGER.INFO: Datos  =PostmanRuntime/7.19.0 [] {"uid":"ae41f05"}
[2019-11-08 02:52:27] UTN FRA LOGGER.INFO: ip =::1 [] {"uid":"ae41f05"}
[2019-11-08 02:59:09] UTN FRA LOGGER.INFO: Datos  =PostmanRuntime/7.19.0 [] {"uid":"e77a374"}
[2019-11-08 02:59:09] UTN FRA LOGGER.INFO: ip =::1 [] {"uid":"e77a374"}
[2019-11-08 03:01:59] UTN FRA LOGGER.INFO: Datos  =PostmanRuntime/7.19.0 [] {"uid":"16665ea"}
[2019-11-08 03:01:59] UTN FRA LOGGER.INFO: ip =::1 [] {"uid":"16665ea"}
[2019-11-08 03:16:06] UTN FRA LOGGER.INFO: Datos  =PostmanRuntime/7.19.0 [] {"uid":"dd22e55"}
[2019-11-08 03:16:06] UTN FRA LOGGER.INFO: ip =::1 [] {"uid":"dd22e55"}
[2019-11-08 03:26:16] UTN FRA LOGGER.INFO: Datos  =PostmanRuntime/7.19.0 [] {"uid":"bd47184"}
[2019-11-08 03:26:16] UTN FRA LOGGER.INFO: ip =::1 [] {"uid":"bd47184"}
[2019-11-08 03:26:20] UTN FRA LOGGER.INFO: Datos  =PostmanRuntime/7.19.0 [] {"uid":"ff5d6ea"}
[2019-11-08 03:26:20] UTN FRA LOGGER.INFO: ip =::1 [] {"uid":"ff5d6ea"}
[2019-11-08 03:32:43] UTN FRA LOGGER.INFO: Datos  =PostmanRuntime/7.19.0 [] {"uid":"8cf5a82"}
[2019-11-08 03:32:43] UTN FRA LOGGER.INFO: ip =::1 [] {"uid":"8cf5a82"}
[2019-11-08 03:33:08] UTN FRA LOGGER.INFO: Datos  =PostmanRuntime/7.19.0 [] {"uid":"7ee591d"}
[2019-11-08 03:33:08] UTN FRA LOGGER.INFO: ip =::1 [] {"uid":"7ee591d"}
[2019-11-08 03:38:42] UTN FRA LOGGER.INFO: Datos  =PostmanRuntime/7.19.0 [] {"uid":"4413ea9"}
[2019-11-08 03:38:42] UTN FRA LOGGER.INFO: ip =::1 [] {"uid":"4413ea9"}
[2019-11-08 03:40:12] UTN FRA LOGGER.INFO: Datos  =PostmanRuntime/7.19.0 [] {"uid":"6f17dc2"}
[2019-11-08 03:40:12] UTN FRA LOGGER.INFO: ip =::1 [] {"uid":"6f17dc2"}
[2019-11-08 03:40:34] UTN FRA LOGGER.INFO: Datos  =PostmanRuntime/7.19.0 [] {"uid":"a24293d"}
[2019-11-08 03:40:34] UTN FRA LOGGER.INFO: ip =::1 [] {"uid":"a24293d"}
[2019-11-08 03:41:01] UTN FRA LOGGER.INFO: Datos  =PostmanRuntime/7.19.0 [] {"uid":"01a5618"}
[2019-11-08 03:41:01] UTN FRA LOGGER.INFO: ip =::1 [] {"uid":"01a5618"}
[2019-11-08 03:41:35] UTN FRA LOGGER.INFO: Datos  =PostmanRuntime/7.19.0 [] {"uid":"f90527f"}
[2019-11-08 03:41:35] UTN FRA LOGGER.INFO: ip =::1 [] {"uid":"f90527f"}
[2019-11-08 03:42:16] UTN FRA LOGGER.INFO: Datos  =PostmanRuntime/7.19.0 [] {"uid":"7dd1db8"}
[2019-11-08 03:42:16] UTN FRA LOGGER.INFO: ip =::1 [] {"uid":"7dd1db8"}
[2019-11-08 03:42:28] UTN FRA LOGGER.INFO: Datos  =PostmanRuntime/7.19.0 [] {"uid":"81ec398"}
[2019-11-08 03:42:28] UTN FRA LOGGER.INFO: ip =::1 [] {"uid":"81ec398"}
[2019-11-08 03:42:38] UTN FRA LOGGER.INFO: Datos  =PostmanRuntime/7.19.0 [] {"uid":"2e7dd76"}
[2019-11-08 03:42:38] UTN FRA LOGGER.INFO: ip =::1 [] {"uid":"2e7dd76"}
[2019-11-08 03:43:20] UTN FRA LOGGER.INFO: Datos  =PostmanRuntime/7.19.0 [] {"uid":"8310dff"}
[2019-11-08 03:43:20] UTN FRA LOGGER.INFO: ip =::1 [] {"uid":"8310dff"}
[2019-11-08 03:44:15] UTN FRA LOGGER.INFO: Datos  =PostmanRuntime/7.19.0 [] {"uid":"8a426a7"}
[2019-11-08 03:44:15] UTN FRA LOGGER.INFO: ip =::1 [] {"uid":"8a426a7"}
[2019-11-08 03:44:24] UTN FRA LOGGER.INFO: Datos  =PostmanRuntime/7.19.0 [] {"uid":"3ade480"}
[2019-11-08 03:44:24] UTN FRA LOGGER.INFO: ip =::1 [] {"uid":"3ade480"}
[2019-11-08 03:44:34] UTN FRA LOGGER.INFO: Datos  =PostmanRuntime/7.19.0 [] {"uid":"4ecb07f"}
[2019-11-08 03:44:34] UTN FRA LOGGER.INFO: ip =::1 [] {"uid":"4ecb07f"}
[2019-11-08 03:45:45] UTN FRA LOGGER.INFO: Datos  =PostmanRuntime/7.19.0 [] {"uid":"ccc9e2d"}
[2019-11-08 03:45:45] UTN FRA LOGGER.INFO: ip =::1 [] {"uid":"ccc9e2d"}
[2019-11-08 03:46:22] UTN FRA LOGGER.INFO: Datos  =PostmanRuntime/7.19.0 [] {"uid":"cd7c76f"}
[2019-11-08 03:46:22] UTN FRA LOGGER.INFO: ip =::1 [] {"uid":"cd7c76f"}
[2019-11-08 03:47:10] UTN FRA LOGGER.INFO: Datos  =PostmanRuntime/7.19.0 [] {"uid":"907e07e"}
[2019-11-08 03:47:10] UTN FRA LOGGER.INFO: ip =::1 [] {"uid":"907e07e"}
[2019-11-08 03:48:32] UTN FRA LOGGER.INFO: Datos  =PostmanRuntime/7.19.0 [] {"uid":"d1c8270"}
[2019-11-08 03:48:32] UTN FRA LOGGER.INFO: ip =::1 [] {"uid":"d1c8270"}
[2019-11-08 03:49:23] UTN FRA LOGGER.INFO: Datos  =PostmanRuntime/7.19.0 [] {"uid":"e3b8bf3"}
[2019-11-08 03:49:23] UTN FRA LOGGER.INFO: ip =::1 [] {"uid":"e3b8bf3"}
[2019-11-08 03:49:52] UTN FRA LOGGER.INFO: Datos  =PostmanRuntime/7.19.0 [] {"uid":"b9beab3"}
[2019-11-08 03:49:52] UTN FRA LOGGER.INFO: ip =::1 [] {"uid":"b9beab3"}
[2019-11-08 03:50:34] UTN FRA LOGGER.INFO: Datos  =PostmanRuntime/7.19.0 [] {"uid":"9b5e7f9"}
[2019-11-08 03:50:34] UTN FRA LOGGER.INFO: ip =::1 [] {"uid":"9b5e7f9"}
[2019-11-08 03:50:46] UTN FRA LOGGER.INFO: Datos  =PostmanRuntime/7.19.0 [] {"uid":"7dd336a"}
[2019-11-08 03:50:46] UTN FRA LOGGER.INFO: ip =::1 [] {"uid":"7dd336a"}
[2019-11-08 03:51:04] UTN FRA LOGGER.INFO: Datos  =PostmanRuntime/7.19.0 [] {"uid":"25c4bba"}
[2019-11-08 03:51:04] UTN FRA LOGGER.INFO: ip =::1 [] {"uid":"25c4bba"}
[2019-11-08 03:51:41] UTN FRA LOGGER.INFO: Datos  =PostmanRuntime/7.19.0 [] {"uid":"6699956"}
[2019-11-08 03:51:41] UTN FRA LOGGER.INFO: ip =::1 [] {"uid":"6699956"}
[2019-11-08 04:02:00] UTN FRA LOGGER.INFO: Datos  =PostmanRuntime/7.19.0 [] {"uid":"8e17034"}
[2019-11-08 04:02:00] UTN FRA LOGGER.INFO: ip =::1 [] {"uid":"8e17034"}
[2019-11-08 04:03:48] UTN FRA LOGGER.INFO: Datos  =PostmanRuntime/7.19.0 [] {"uid":"abfd1cb"}
[2019-11-08 04:03:48] UTN FRA LOGGER.INFO: ip =::1 [] {"uid":"abfd1cb"}
[2019-11-08 04:07:04] UTN FRA LOGGER.INFO: Datos  =PostmanRuntime/7.19.0 [] {"uid":"85688ed"}
[2019-11-08 04:07:04] UTN FRA LOGGER.INFO: ip =::1 [] {"uid":"85688ed"}
[2019-11-08 04:07:52] UTN FRA LOGGER.INFO: Datos  =PostmanRuntime/7.19.0 [] {"uid":"70625be"}
[2019-11-08 04:07:52] UTN FRA LOGGER.INFO: ip =::1 [] {"uid":"70625be"}
[2019-11-08 04:08:36] UTN FRA LOGGER.INFO: Datos  =PostmanRuntime/7.19.0 [] {"uid":"3a215f5"}
[2019-11-08 04:08:36] UTN FRA LOGGER.INFO: ip =::1 [] {"uid":"3a215f5"}
[2019-11-08 04:08:52] UTN FRA LOGGER.INFO: Datos  =PostmanRuntime/7.19.0 [] {"uid":"3b0d4e5"}
[2019-11-08 04:08:52] UTN FRA LOGGER.INFO: ip =::1 [] {"uid":"3b0d4e5"}
[2019-11-08 04:08:58] UTN FRA LOGGER.INFO: Datos  =PostmanRuntime/7.19.0 [] {"uid":"17358bc"}
[2019-11-08 04:08:58] UTN FRA LOGGER.INFO: ip =::1 [] {"uid":"17358bc"}
[2019-11-08 04:11:07] UTN FRA LOGGER.INFO: Datos  =PostmanRuntime/7.19.0 [] {"uid":"ac8ec91"}
[2019-11-08 04:11:07] UTN FRA LOGGER.INFO: ip =::1 [] {"uid":"ac8ec91"}
[2019-11-08 04:11:18] UTN FRA LOGGER.INFO: Datos  =PostmanRuntime/7.19.0 [] {"uid":"74f7bd6"}
[2019-11-08 04:11:18] UTN FRA LOGGER.INFO: ip =::1 [] {"uid":"74f7bd6"}
[2019-11-08 04:11:42] UTN FRA LOGGER.INFO: Datos  =PostmanRuntime/7.19.0 [] {"uid":"9ac5248"}
[2019-11-08 04:11:42] UTN FRA LOGGER.INFO: ip =::1 [] {"uid":"9ac5248"}
[2019-11-08 04:12:40] UTN FRA LOGGER.INFO: Datos  =PostmanRuntime/7.19.0 [] {"uid":"8bb0991"}
[2019-11-08 04:12:40] UTN FRA LOGGER.INFO: ip =::1 [] {"uid":"8bb0991"}
[2019-11-08 04:12:52] UTN FRA LOGGER.INFO: Datos  =PostmanRuntime/7.19.0 [] {"uid":"6f6d2e8"}
[2019-11-08 04:12:52] UTN FRA LOGGER.INFO: ip =::1 [] {"uid":"6f6d2e8"}
[2019-11-08 04:13:00] UTN FRA LOGGER.INFO: Datos  =PostmanRuntime/7.19.0 [] {"uid":"400d2f1"}
[2019-11-08 04:13:00] UTN FRA LOGGER.INFO: ip =::1 [] {"uid":"400d2f1"}
[2019-11-08 04:13:13] UTN FRA LOGGER.INFO: Datos  =PostmanRuntime/7.19.0 [] {"uid":"2bc0084"}
[2019-11-08 04:13:13] UTN FRA LOGGER.INFO: ip =::1 [] {"uid":"2bc0084"}
[2019-11-08 04:14:46] UTN FRA LOGGER.INFO: Datos  =PostmanRuntime/7.19.0 [] {"uid":"ec3ff8e"}
[2019-11-08 04:14:46] UTN FRA LOGGER.INFO: ip =::1 [] {"uid":"ec3ff8e"}
[2019-11-08 04:15:11] UTN FRA LOGGER.INFO: Datos  =PostmanRuntime/7.19.0 [] {"uid":"4244c4d"}
[2019-11-08 04:15:11] UTN FRA LOGGER.INFO: ip =::1 [] {"uid":"4244c4d"}
[2019-11-08 04:15:38] UTN FRA LOGGER.INFO: Datos  =PostmanRuntime/7.19.0 [] {"uid":"a57adee"}
[2019-11-08 04:15:38] UTN FRA LOGGER.INFO: ip =::1 [] {"uid":"a57adee"}
[2019-11-08 04:17:56] UTN FRA LOGGER.INFO: Datos  =PostmanRuntime/7.19.0 [] {"uid":"2a1d87f"}
[2019-11-08 04:17:56] UTN FRA LOGGER.INFO: ip =::1 [] {"uid":"2a1d87f"}
[2019-11-08 04:18:20] UTN FRA LOGGER.INFO: Datos  =PostmanRuntime/7.19.0 [] {"uid":"b516a53"}
[2019-11-08 04:18:20] UTN FRA LOGGER.INFO: ip =::1 [] {"uid":"b516a53"}
[2019-11-08 04:18:35] UTN FRA LOGGER.INFO: Datos  =PostmanRuntime/7.19.0 [] {"uid":"483df48"}
[2019-11-08 04:18:35] UTN FRA LOGGER.INFO: ip =::1 [] {"uid":"483df48"}
[2019-11-08 04:18:44] UTN FRA LOGGER.INFO: Datos  =PostmanRuntime/7.19.0 [] {"uid":"e343b8a"}
[2019-11-08 04:18:44] UTN FRA LOGGER.INFO: ip =::1 [] {"uid":"e343b8a"}
[2019-11-08 04:19:09] UTN FRA LOGGER.INFO: Datos  =PostmanRuntime/7.19.0 [] {"uid":"1288d81"}
[2019-11-08 04:19:09] UTN FRA LOGGER.INFO: ip =::1 [] {"uid":"1288d81"}
[2019-11-08 04:22:20] UTN FRA LOGGER.INFO: Datos  =PostmanRuntime/7.19.0 [] {"uid":"61cb0b2"}
[2019-11-08 04:22:20] UTN FRA LOGGER.INFO: ip =::1 [] {"uid":"61cb0b2"}
[2019-11-08 04:24:09] UTN FRA LOGGER.INFO: Datos  =PostmanRuntime/7.19.0 [] {"uid":"fbd1a53"}
[2019-11-08 04:24:09] UTN FRA LOGGER.INFO: ip =::1 [] {"uid":"fbd1a53"}
[2019-11-08 04:26:39] UTN FRA LOGGER.INFO: Datos  =PostmanRuntime/7.19.0 [] {"uid":"1810974"}
[2019-11-08 04:26:39] UTN FRA LOGGER.INFO: ip =::1 [] {"uid":"1810974"}
[2019-11-08 04:27:02] UTN FRA LOGGER.INFO: Datos  =PostmanRuntime/7.19.0 [] {"uid":"c30f251"}
[2019-11-08 04:27:02] UTN FRA LOGGER.INFO: ip =::1 [] {"uid":"c30f251"}
[2019-11-08 04:27:10] UTN FRA LOGGER.INFO: Datos  =PostmanRuntime/7.19.0 [] {"uid":"fe88b60"}
[2019-11-08 04:27:10] UTN FRA LOGGER.INFO: ip =::1 [] {"uid":"fe88b60"}
[2019-11-08 04:27:42] UTN FRA LOGGER.INFO: Datos  =PostmanRuntime/7.19.0 [] {"uid":"cdb1dc1"}
[2019-11-08 04:27:42] UTN FRA LOGGER.INFO: ip =::1 [] {"uid":"cdb1dc1"}
[2019-11-08 04:31:12] UTN FRA LOGGER.INFO: Datos  =PostmanRuntime/7.19.0 [] {"uid":"09764a0"}
[2019-11-08 04:31:12] UTN FRA LOGGER.INFO: ip =::1 [] {"uid":"09764a0"}
[2019-11-08 04:31:26] UTN FRA LOGGER.INFO: Datos  =PostmanRuntime/7.19.0 [] {"uid":"18d765e"}
[2019-11-08 04:31:26] UTN FRA LOGGER.INFO: ip =::1 [] {"uid":"18d765e"}
[2019-11-08 04:31:46] UTN FRA LOGGER.INFO: Datos  =PostmanRuntime/7.19.0 [] {"uid":"08bcd2a"}
[2019-11-08 04:31:46] UTN FRA LOGGER.INFO: ip =::1 [] {"uid":"08bcd2a"}
[2019-11-08 04:31:57] UTN FRA LOGGER.INFO: Datos  =PostmanRuntime/7.19.0 [] {"uid":"c54b5dd"}
[2019-11-08 04:31:57] UTN FRA LOGGER.INFO: ip =::1 [] {"uid":"c54b5dd"}
[2019-11-08 04:32:07] UTN FRA LOGGER.INFO: Datos  =PostmanRuntime/7.19.0 [] {"uid":"82fff95"}
[2019-11-08 04:32:07] UTN FRA LOGGER.INFO: ip =::1 [] {"uid":"82fff95"}
[2019-11-08 04:32:24] UTN FRA LOGGER.INFO: Datos  =PostmanRuntime/7.19.0 [] {"uid":"3bae8c3"}
[2019-11-08 04:32:24] UTN FRA LOGGER.INFO: ip =::1 [] {"uid":"3bae8c3"}
[2019-11-08 04:32:48] UTN FRA LOGGER.INFO: Datos  =PostmanRuntime/7.19.0 [] {"uid":"2fe3776"}
[2019-11-08 04:32:48] UTN FRA LOGGER.INFO: ip =::1 [] {"uid":"2fe3776"}
[2019-11-08 04:32:58] UTN FRA LOGGER.INFO: Datos  =PostmanRuntime/7.19.0 [] {"uid":"f42fa90"}
[2019-11-08 04:32:58] UTN FRA LOGGER.INFO: ip =::1 [] {"uid":"f42fa90"}
[2019-11-08 04:33:34] UTN FRA LOGGER.INFO: Datos  =PostmanRuntime/7.19.0 [] {"uid":"7e54b8c"}
[2019-11-08 04:33:34] UTN FRA LOGGER.INFO: ip =::1 [] {"uid":"7e54b8c"}
[2019-11-08 04:33:55] UTN FRA LOGGER.INFO: Datos  =PostmanRuntime/7.19.0 [] {"uid":"83022b3"}
[2019-11-08 04:33:55] UTN FRA LOGGER.INFO: ip =::1 [] {"uid":"83022b3"}
[2019-11-08 04:34:06] UTN FRA LOGGER.INFO: Datos  =PostmanRuntime/7.19.0 [] {"uid":"1d12bc7"}
[2019-11-08 04:34:06] UTN FRA LOGGER.INFO: ip =::1 [] {"uid":"1d12bc7"}
[2019-11-08 04:34:14] UTN FRA LOGGER.INFO: Datos  =PostmanRuntime/7.19.0 [] {"uid":"cc86845"}
[2019-11-08 04:34:14] UTN FRA LOGGER.INFO: ip =::1 [] {"uid":"cc86845"}
[2019-11-08 04:36:34] UTN FRA LOGGER.INFO: Datos  =PostmanRuntime/7.19.0 [] {"uid":"baabf05"}
[2019-11-08 04:36:34] UTN FRA LOGGER.INFO: ip =::1 [] {"uid":"baabf05"}
[2019-11-08 04:36:56] UTN FRA LOGGER.INFO: Datos  =PostmanRuntime/7.19.0 [] {"uid":"9b95f8e"}
[2019-11-08 04:36:56] UTN FRA LOGGER.INFO: ip =::1 [] {"uid":"9b95f8e"}
[2019-11-08 04:37:11] UTN FRA LOGGER.INFO: Datos  =PostmanRuntime/7.19.0 [] {"uid":"29773c9"}
[2019-11-08 04:37:11] UTN FRA LOGGER.INFO: ip =::1 [] {"uid":"29773c9"}
[2019-11-08 04:37:27] UTN FRA LOGGER.INFO: Datos  =PostmanRuntime/7.19.0 [] {"uid":"aaec24c"}
[2019-11-08 04:37:27] UTN FRA LOGGER.INFO: ip =::1 [] {"uid":"aaec24c"}
[2019-11-08 04:37:40] UTN FRA LOGGER.INFO: Datos  =PostmanRuntime/7.19.0 [] {"uid":"ae81cdb"}
[2019-11-08 04:37:40] UTN FRA LOGGER.INFO: ip =::1 [] {"uid":"ae81cdb"}
[2019-11-08 04:37:54] UTN FRA LOGGER.INFO: Datos  =PostmanRuntime/7.19.0 [] {"uid":"9ecf6de"}
[2019-11-08 04:37:54] UTN FRA LOGGER.INFO: ip =::1 [] {"uid":"9ecf6de"}
[2019-11-08 04:41:42] UTN FRA LOGGER.INFO: Datos  =PostmanRuntime/7.19.0 [] {"uid":"4c3cc6c"}
[2019-11-08 04:41:42] UTN FRA LOGGER.INFO: ip =::1 [] {"uid":"4c3cc6c"}
[2019-11-08 04:46:45] UTN FRA LOGGER.INFO: Datos  =PostmanRuntime/7.19.0 [] {"uid":"40fbfc8"}
[2019-11-08 04:46:45] UTN FRA LOGGER.INFO: ip =::1 [] {"uid":"40fbfc8"}
[2019-11-08 04:48:41] UTN FRA LOGGER.INFO: Datos  =PostmanRuntime/7.19.0 [] {"uid":"2d38040"}
[2019-11-08 04:48:41] UTN FRA LOGGER.INFO: ip =::1 [] {"uid":"2d38040"}
[2019-11-08 04:49:12] UTN FRA LOGGER.INFO: Datos  =PostmanRuntime/7.19.0 [] {"uid":"6595726"}
[2019-11-08 04:49:12] UTN FRA LOGGER.INFO: ip =::1 [] {"uid":"6595726"}
[2019-11-08 04:50:07] UTN FRA LOGGER.INFO: Datos  =PostmanRuntime/7.19.0 [] {"uid":"a218da1"}
[2019-11-08 04:50:07] UTN FRA LOGGER.INFO: ip =::1 [] {"uid":"a218da1"}
[2019-11-08 04:50:25] UTN FRA LOGGER.INFO: Datos  =PostmanRuntime/7.19.0 [] {"uid":"4c894aa"}
[2019-11-08 04:50:25] UTN FRA LOGGER.INFO: ip =::1 [] {"uid":"4c894aa"}
[2019-11-08 04:50:50] UTN FRA LOGGER.INFO: Datos  =PostmanRuntime/7.19.0 [] {"uid":"9734a6f"}
[2019-11-08 04:50:50] UTN FRA LOGGER.INFO: ip =::1 [] {"uid":"9734a6f"}
[2019-11-08 04:51:13] UTN FRA LOGGER.INFO: Datos  =PostmanRuntime/7.19.0 [] {"uid":"b4eab2e"}
[2019-11-08 04:51:13] UTN FRA LOGGER.INFO: ip =::1 [] {"uid":"b4eab2e"}
[2019-11-08 04:52:41] UTN FRA LOGGER.INFO: Datos  =PostmanRuntime/7.19.0 [] {"uid":"ed1a3b6"}
[2019-11-08 04:52:41] UTN FRA LOGGER.INFO: ip =::1 [] {"uid":"ed1a3b6"}
[2019-11-08 04:54:41] UTN FRA LOGGER.INFO: Datos  =PostmanRuntime/7.19.0 [] {"uid":"1a8eb16"}
[2019-11-08 04:54:41] UTN FRA LOGGER.INFO: ip =::1 [] {"uid":"1a8eb16"}
[2019-11-08 04:57:08] UTN FRA LOGGER.INFO: Datos  =PostmanRuntime/7.19.0 [] {"uid":"5f523da"}
[2019-11-08 04:57:08] UTN FRA LOGGER.INFO: ip =::1 [] {"uid":"5f523da"}
[2019-11-08 04:57:18] UTN FRA LOGGER.INFO: Datos  =PostmanRuntime/7.19.0 [] {"uid":"825bd32"}
[2019-11-08 04:57:18] UTN FRA LOGGER.INFO: ip =::1 [] {"uid":"825bd32"}
